[0.018s] Invoking command in '/home/tarun_56/multibot_ws/build/turtlebot3_simulations': CMAKE_PREFIX_PATH=/opt/ros/humble /usr/bin/cmake /home/tarun_56/multibot_ws/src/turtlebot3_simulations -DCMAKE_INSTALL_PREFIX=/home/tarun_56/multibot_ws/install/turtlebot3_simulations
[0.084s] -- The C compiler identification is GNU 11.4.0
[0.153s] -- The CXX compiler identification is GNU 11.4.0
[0.162s] -- Detecting C compiler ABI info
[0.273s] -- Detecting C compiler ABI info - done
[0.280s] -- Check for working C compiler: /usr/bin/cc - skipped
[0.280s] -- Detecting C compile features
[0.280s] -- Detecting C compile features - done
[0.284s] -- Detecting CXX compiler ABI info
[0.402s] -- Detecting CXX compiler ABI info - done
[0.413s] -- Check for working CXX compiler: /usr/bin/c++ - skipped
[0.413s] -- Detecting CXX compile features
[0.413s] -- Detecting CXX compile features - done
[0.416s] -- Found ament_cmake: 1.3.9 (/opt/ros/humble/share/ament_cmake/cmake)
[0.614s] -- Found Python3: /usr/bin/python3 (found version "3.10.12") found components: Interpreter 
[0.808s] -- Configuring done
[0.812s] -- Generating done
[0.814s] -- Build files have been written to: /home/tarun_56/multibot_ws/build/turtlebot3_simulations
[0.821s] Invoked command in '/home/tarun_56/multibot_ws/build/turtlebot3_simulations' returned '0': CMAKE_PREFIX_PATH=/opt/ros/humble /usr/bin/cmake /home/tarun_56/multibot_ws/src/turtlebot3_simulations -DCMAKE_INSTALL_PREFIX=/home/tarun_56/multibot_ws/install/turtlebot3_simulations
[0.821s] Invoking command in '/home/tarun_56/multibot_ws/build/turtlebot3_simulations': CMAKE_PREFIX_PATH=/opt/ros/humble /usr/bin/cmake --build /home/tarun_56/multibot_ws/build/turtlebot3_simulations -- -j4 -l4
[0.878s] Invoked command in '/home/tarun_56/multibot_ws/build/turtlebot3_simulations' returned '0': CMAKE_PREFIX_PATH=/opt/ros/humble /usr/bin/cmake --build /home/tarun_56/multibot_ws/build/turtlebot3_simulations -- -j4 -l4
[0.914s] Invoking command in '/home/tarun_56/multibot_ws/build/turtlebot3_simulations': CMAKE_PREFIX_PATH=/opt/ros/humble /usr/bin/cmake --install /home/tarun_56/multibot_ws/build/turtlebot3_simulations
[0.926s] -- Install configuration: ""
[0.927s] -- Installing: /home/tarun_56/multibot_ws/install/turtlebot3_simulations/share/ament_index/resource_index/package_run_dependencies/turtlebot3_simulations
[0.929s] -- Installing: /home/tarun_56/multibot_ws/install/turtlebot3_simulations/share/ament_index/resource_index/parent_prefix_path/turtlebot3_simulations
[0.932s] -- Installing: /home/tarun_56/multibot_ws/install/turtlebot3_simulations/share/turtlebot3_simulations/environment/ament_prefix_path.sh
[0.934s] -- Installing: /home/tarun_56/multibot_ws/install/turtlebot3_simulations/share/turtlebot3_simulations/environment/ament_prefix_path.dsv
[0.936s] -- Installing: /home/tarun_56/multibot_ws/install/turtlebot3_simulations/share/turtlebot3_simulations/environment/path.sh
[0.937s] -- Installing: /home/tarun_56/multibot_ws/install/turtlebot3_simulations/share/turtlebot3_simulations/environment/path.dsv
[0.938s] -- Installing: /home/tarun_56/multibot_ws/install/turtlebot3_simulations/share/turtlebot3_simulations/local_setup.bash
[0.938s] -- Installing: /home/tarun_56/multibot_ws/install/turtlebot3_simulations/share/turtlebot3_simulations/local_setup.sh
[0.938s] -- Installing: /home/tarun_56/multibot_ws/install/turtlebot3_simulations/share/turtlebot3_simulations/local_setup.zsh
[0.939s] -- Installing: /home/tarun_56/multibot_ws/install/turtlebot3_simulations/share/turtlebot3_simulations/local_setup.dsv
[0.939s] -- Installing: /home/tarun_56/multibot_ws/install/turtlebot3_simulations/share/turtlebot3_simulations/package.dsv
[0.940s] -- Installing: /home/tarun_56/multibot_ws/install/turtlebot3_simulations/share/ament_index/resource_index/packages/turtlebot3_simulations
[0.940s] -- Installing: /home/tarun_56/multibot_ws/install/turtlebot3_simulations/share/turtlebot3_simulations/cmake/turtlebot3_simulationsConfig.cmake
[0.940s] -- Installing: /home/tarun_56/multibot_ws/install/turtlebot3_simulations/share/turtlebot3_simulations/cmake/turtlebot3_simulationsConfig-version.cmake
[0.940s] -- Installing: /home/tarun_56/multibot_ws/install/turtlebot3_simulations/share/turtlebot3_simulations/package.xml
[0.945s] Invoked command in '/home/tarun_56/multibot_ws/build/turtlebot3_simulations' returned '0': CMAKE_PREFIX_PATH=/opt/ros/humble /usr/bin/cmake --install /home/tarun_56/multibot_ws/build/turtlebot3_simulations
