[0.417s] Invoking command in '/home/tarun_56/multibot_ws/build/minibot': CMAKE_PREFIX_PATH=${CMAKE_PREFIX_PATH}:/home/tarun_56/multibot_ws/install/follow_waypoints:/opt/ros/humble /usr/bin/cmake /home/tarun_56/multibot_ws/src/minibot -DAMENT_CMAKE_SYMLINK_INSTALL=1 -DCMAKE_INSTALL_PREFIX=/home/tarun_56/multibot_ws/install/minibot
[0.537s] -- The C compiler identification is GNU 11.4.0
[0.629s] -- The CXX compiler identification is GNU 11.4.0
[0.637s] -- Detecting C compiler ABI info
[0.799s] -- Detecting C compiler ABI info - done
[0.811s] -- Check for working C compiler: /usr/bin/cc - skipped
[0.811s] -- Detecting C compile features
[0.812s] -- Detecting C compile features - done
[0.818s] -- Detecting CXX compiler ABI info
[1.131s] -- Detecting CXX compiler ABI info - done
[1.153s] -- Check for working CXX compiler: /usr/bin/c++ - skipped
[1.155s] -- Detecting CXX compile features
[1.155s] -- Detecting CXX compile features - done
[1.159s] -- Found ament_cmake: 1.3.9 (/opt/ros/humble/share/ament_cmake/cmake)
[1.366s] -- Found Python3: /usr/bin/python3 (found version "3.10.12") found components: Interpreter 
[1.456s] -- Override CMake install command with custom implementation using symlinks instead of copying resources
[1.514s] [33mCMake Warning (dev) at /usr/share/cmake-3.22/Modules/FindPackageHandleStandardArgs.cmake:438 (message):
[1.514s]   The package name passed to `find_package_handle_standard_args` (PkgConfig)
[1.514s]   does not match the name of the calling package (gazebo).  This can lead to
[1.514s]   problems in calling code that expects `find_package` result variables
[1.514s]   (e.g., `_FOUND`) to follow a certain pattern.
[1.514s] Call Stack (most recent call first):
[1.514s]   /usr/share/cmake-3.22/Modules/FindPkgConfig.cmake:99 (find_package_handle_standard_args)
[1.514s]   /usr/lib/x86_64-linux-gnu/cmake/gazebo/gazebo-config.cmake:72 (include)
[1.514s]   CMakeLists.txt:10 (find_package)
[1.514s] This warning is for project developers.  Use -Wno-dev to suppress it.
[1.514s] [0m
[1.514s] -- Found PkgConfig: /usr/bin/pkg-config (found version "0.29.2") 
[1.521s] -- Checking for module 'bullet>=2.82'
[1.544s] --   Found bullet, version 3.05
[1.770s] -- Found fcl: /usr/include (found suitable version "0.7.0", minimum required is "0.5.0") 
[1.890s] -- Found assimp: /usr/include (found version "5.2.0") 
[1.920s] -- Found DART: /usr/include (Required is at least version "6.6") found components: dart 
[2.301s] -- Found Boost: /usr/lib/x86_64-linux-gnu/cmake/Boost-1.74.0/BoostConfig.cmake (found suitable version "1.74.0", minimum required is "1.40.0") found components: thread system filesystem program_options regex iostreams date_time 
[2.362s] -- Found Protobuf: /usr/lib/x86_64-linux-gnu/libprotobuf.so (found version "3.12.4") 
[2.381s] -- Looking for ignition-math6 -- found version 6.15.1
[2.391s] -- Searching for dependencies of ignition-math6
[2.393s] -- Looking for OGRE...
[2.393s] -- OGRE_PREFIX_WATCH changed.
[2.403s] -- Checking for module 'OGRE'
[2.437s] --   Found OGRE, version 1.9.0
[2.514s] -- Found Ogre Ghadamon (1.9.0)
[2.543s] -- Found OGRE: optimized;/usr/lib/x86_64-linux-gnu/libOgreMain.so;debug;/usr/lib/x86_64-linux-gnu/libOgreMain.so
[2.574s] -- Looking for OGRE_Paging...
[2.582s] -- Found OGRE_Paging: optimized;/usr/lib/x86_64-linux-gnu/libOgrePaging.so;debug;/usr/lib/x86_64-linux-gnu/libOgrePaging.so
[2.583s] -- Looking for OGRE_Terrain...
[2.589s] -- Found OGRE_Terrain: optimized;/usr/lib/x86_64-linux-gnu/libOgreTerrain.so;debug;/usr/lib/x86_64-linux-gnu/libOgreTerrain.so
[2.589s] -- Looking for OGRE_Property...
[2.598s] -- Found OGRE_Property: optimized;/usr/lib/x86_64-linux-gnu/libOgreProperty.so;debug;/usr/lib/x86_64-linux-gnu/libOgreProperty.so
[2.598s] -- Looking for OGRE_RTShaderSystem...
[2.605s] -- Found OGRE_RTShaderSystem: optimized;/usr/lib/x86_64-linux-gnu/libOgreRTShaderSystem.so;debug;/usr/lib/x86_64-linux-gnu/libOgreRTShaderSystem.so
[2.605s] -- Looking for OGRE_Volume...
[2.612s] -- Found OGRE_Volume: optimized;/usr/lib/x86_64-linux-gnu/libOgreVolume.so;debug;/usr/lib/x86_64-linux-gnu/libOgreVolume.so
[2.612s] -- Looking for OGRE_Overlay...
[2.617s] -- Found OGRE_Overlay: optimized;/usr/lib/x86_64-linux-gnu/libOgreOverlay.so;debug;/usr/lib/x86_64-linux-gnu/libOgreOverlay.so
[2.966s] -- Looking for ignition-math6 -- found version 6.15.1
[2.970s] -- Looking for ignition-transport8 -- found version 8.2.1
[2.972s] -- Searching for dependencies of ignition-transport8
[3.019s] -- Found Protobuf: /usr/lib/x86_64-linux-gnu/libprotobuf.so (found suitable version "3.12.4", minimum required is "3") 
[3.046s] -- Config-file not installed for ZeroMQ -- checking for pkg-config
[3.054s] -- Checking for module 'libzmq >= 4'
[3.103s] --   Found libzmq , version 4.3.4
[3.204s] -- Found ZeroMQ: TRUE (Required is at least version "4") 
[3.216s] -- Checking for module 'uuid'
[3.251s] --   Found uuid, version 2.37.2
[3.336s] -- Found UUID: TRUE  
[3.340s] -- Looking for ignition-msgs5 -- found version 5.8.1
[3.341s] -- Searching for dependencies of ignition-msgs5
[3.371s] -- Looking for ignition-math6 -- found version 6.15.1
[3.380s] -- Checking for module 'tinyxml2'
[3.416s] --   Found tinyxml2, version 9.0.0
[3.501s] -- Looking for ignition-msgs5 -- found version 5.8.1
[3.506s] -- Looking for ignition-common3 -- found version 3.14.0
[3.506s] -- Searching for dependencies of ignition-common3
[3.507s] -- Looking for dlfcn.h - found
[3.508s] -- Looking for libdl - found
[3.510s] -- Found DL: TRUE  
[3.529s] -- Found tinyobjloader: /usr/lib/x86_64-linux-gnu/cmake/tinyobjloader/tinyobjloader-config.cmake (found version "2.0.0") 
[3.530s] -- Searching for <ignition-common3> component [graphics]
[3.533s] -- Looking for ignition-common3-graphics -- found version 3.14.0
[3.534s] -- Searching for dependencies of ignition-common3-graphics
[3.534s] -- Looking for ignition-math6 -- found version 6.15.1
[3.539s] -- Looking for ignition-fuel_tools4 -- found version 4.4.0
[3.540s] -- Searching for dependencies of ignition-fuel_tools4
[3.702s] -- Found CURL: /usr/lib/x86_64-linux-gnu/libcurl.so (found version "7.81.0")  
[3.718s] -- Checking for module 'jsoncpp'
[3.746s] --   Found jsoncpp, version 1.9.5
[3.821s] -- Found JSONCPP: TRUE  
[3.832s] -- Checking for module 'libzip'
[3.861s] --   Found libzip, version 1.7.3
[3.930s] -- Found ZIP: TRUE  
[3.932s] -- Looking for ignition-common3 -- found version 3.14.0
[3.932s] -- Looking for ignition-math6 -- found version 6.15.1
[3.933s] -- Looking for ignition-msgs5 -- found version 5.8.1
[3.941s] -- Found gazebo_ros_pkgs: 3.7.0 (/opt/ros/humble/share/gazebo_ros_pkgs/cmake)
[3.944s] -- Found geometry_msgs: 4.2.4 (/opt/ros/humble/share/geometry_msgs/cmake)
[3.995s] -- Found rosidl_generator_c: 3.1.5 (/opt/ros/humble/share/rosidl_generator_c/cmake)
[4.003s] -- Found rosidl_adapter: 3.1.5 (/opt/ros/humble/share/rosidl_adapter/cmake)
[4.018s] -- Found rosidl_generator_cpp: 3.1.5 (/opt/ros/humble/share/rosidl_generator_cpp/cmake)
[4.039s] -- Using all available rosidl_typesupport_c: rosidl_typesupport_fastrtps_c;rosidl_typesupport_introspection_c
[4.068s] -- Using all available rosidl_typesupport_cpp: rosidl_typesupport_fastrtps_cpp;rosidl_typesupport_introspection_cpp
[4.232s] -- Found nav_msgs: 4.2.4 (/opt/ros/humble/share/nav_msgs/cmake)
[4.353s] -- Found rclcpp: 16.0.9 (/opt/ros/humble/share/rclcpp/cmake)
[4.427s] -- Found rmw_implementation_cmake: 6.1.2 (/opt/ros/humble/share/rmw_implementation_cmake/cmake)
[4.432s] -- Found rmw_fastrtps_cpp: 6.2.6 (/opt/ros/humble/share/rmw_fastrtps_cpp/cmake)
[4.614s] -- Found OpenSSL: /usr/lib/x86_64-linux-gnu/libcrypto.so (found version "3.0.2")  
[4.659s] -- Found FastRTPS: /opt/ros/humble/include  
[4.733s] -- Using RMW implementation 'rmw_fastrtps_cpp' as default
[4.748s] -- Found Threads: TRUE  
[4.930s] -- Found sensor_msgs: 4.2.4 (/opt/ros/humble/share/sensor_msgs/cmake)
[5.156s] -- Found tf2: 0.25.7 (/opt/ros/humble/share/tf2/cmake)
[5.206s] -- Found ament_lint_auto: 0.12.11 (/opt/ros/humble/share/ament_lint_auto/cmake)
[5.452s] -- Added test 'flake8' to check Python code syntax and style conventions
[5.453s] -- Added test 'lint_cmake' to check CMake code style
[5.454s] -- Added test 'pep257' to check Python code against some of the docstring style conventions in PEP 257
[5.457s] -- Added test 'xmllint' to check XML markup files
[5.459s] -- Configuring done
[5.494s] -- Generating done
[5.497s] -- Build files have been written to: /home/tarun_56/multibot_ws/build/minibot
[5.542s] Invoked command in '/home/tarun_56/multibot_ws/build/minibot' returned '0': CMAKE_PREFIX_PATH=${CMAKE_PREFIX_PATH}:/home/tarun_56/multibot_ws/install/follow_waypoints:/opt/ros/humble /usr/bin/cmake /home/tarun_56/multibot_ws/src/minibot -DAMENT_CMAKE_SYMLINK_INSTALL=1 -DCMAKE_INSTALL_PREFIX=/home/tarun_56/multibot_ws/install/minibot
[5.547s] Invoking command in '/home/tarun_56/multibot_ws/build/minibot': CMAKE_PREFIX_PATH=${CMAKE_PREFIX_PATH}:/home/tarun_56/multibot_ws/install/follow_waypoints:/opt/ros/humble /usr/bin/cmake --build /home/tarun_56/multibot_ws/build/minibot -- -j4 -l4
[5.720s] Invoked command in '/home/tarun_56/multibot_ws/build/minibot' returned '0': CMAKE_PREFIX_PATH=${CMAKE_PREFIX_PATH}:/home/tarun_56/multibot_ws/install/follow_waypoints:/opt/ros/humble /usr/bin/cmake --build /home/tarun_56/multibot_ws/build/minibot -- -j4 -l4
[5.885s] Invoking command in '/home/tarun_56/multibot_ws/build/minibot': CMAKE_PREFIX_PATH=${CMAKE_PREFIX_PATH}:/home/tarun_56/multibot_ws/install/follow_waypoints:/opt/ros/humble /usr/bin/cmake --install /home/tarun_56/multibot_ws/build/minibot
[5.923s] -- Install configuration: ""
[5.924s] -- Execute custom install script
[5.925s] -- Symlinking: /home/tarun_56/multibot_ws/install/minibot/share/minibot//launch/robot_state_publisher.launch.py
[5.957s] -- Symlinking: /home/tarun_56/multibot_ws/install/minibot/share/minibot//launch/spawn_minibot.launch.py
[5.999s] -- Symlinking: /home/tarun_56/multibot_ws/install/minibot/share/minibot//launch/warehouse_world.launch.py
[6.034s] -- Symlinking: /home/tarun_56/multibot_ws/install/minibot/share/minibot//models/base_link.STL
[6.069s] -- Symlinking: /home/tarun_56/multibot_ws/install/minibot/share/minibot//models/camera.STL
[6.115s] -- Symlinking: /home/tarun_56/multibot_ws/install/minibot/share/minibot//models/castor_wheel1.STL
[6.163s] -- Symlinking: /home/tarun_56/multibot_ws/install/minibot/share/minibot//models/castor_wheel2.STL
[6.218s] -- Symlinking: /home/tarun_56/multibot_ws/install/minibot/share/minibot//models/left_wheel.STL
[6.263s] -- Symlinking: /home/tarun_56/multibot_ws/install/minibot/share/minibot//models/lidar.STL
[6.299s] -- Symlinking: /home/tarun_56/multibot_ws/install/minibot/share/minibot//models/right_wheel.STL
[6.335s] -- Symlinking: /home/tarun_56/multibot_ws/install/minibot/share/minibot//models/trolley.STL
[6.389s] -- Symlinking: /home/tarun_56/multibot_ws/install/minibot/share/minibot//urdf/amr.urdf.xacro
[6.427s] -- Symlinking: /home/tarun_56/multibot_ws/install/minibot/share/minibot//urdf/amr_core.xacro
[6.463s] -- Symlinking: /home/tarun_56/multibot_ws/install/minibot/share/minibot//urdf/gazebo_control.xacro
[6.512s] -- Symlinking: /home/tarun_56/multibot_ws/install/minibot/share/minibot//urdf/inertial_macros.xacro
[6.556s] -- Symlinking: /home/tarun_56/multibot_ws/install/minibot/share/minibot//urdf/lidar.xacro
[6.588s] -- Symlinking: /home/tarun_56/multibot_ws/install/minibot/share/minibot//urdf/universal_amr.urdf
[6.621s] -- Symlinking: /home/tarun_56/multibot_ws/install/minibot/share/minibot//worlds/warehouse.world
[6.676s] -- Symlinking: /home/tarun_56/multibot_ws/install/minibot/share/ament_index/resource_index/package_run_dependencies/minibot
[6.713s] -- Symlinking: /home/tarun_56/multibot_ws/install/minibot/share/ament_index/resource_index/parent_prefix_path/minibot
[6.733s] -- Symlinking: /home/tarun_56/multibot_ws/install/minibot/share/minibot/environment/ament_prefix_path.sh
[6.755s] -- Symlinking: /home/tarun_56/multibot_ws/install/minibot/share/minibot/environment/ament_prefix_path.dsv
[6.778s] -- Symlinking: /home/tarun_56/multibot_ws/install/minibot/share/minibot/environment/path.sh
[6.799s] -- Symlinking: /home/tarun_56/multibot_ws/install/minibot/share/minibot/environment/path.dsv
[6.822s] -- Symlinking: /home/tarun_56/multibot_ws/install/minibot/share/minibot/local_setup.bash
[6.839s] -- Symlinking: /home/tarun_56/multibot_ws/install/minibot/share/minibot/local_setup.sh
[6.857s] -- Symlinking: /home/tarun_56/multibot_ws/install/minibot/share/minibot/local_setup.zsh
[6.902s] -- Symlinking: /home/tarun_56/multibot_ws/install/minibot/share/minibot/local_setup.dsv
[6.949s] -- Symlinking: /home/tarun_56/multibot_ws/install/minibot/share/minibot/package.dsv
[6.996s] -- Symlinking: /home/tarun_56/multibot_ws/install/minibot/share/ament_index/resource_index/packages/minibot
[7.035s] -- Symlinking: /home/tarun_56/multibot_ws/install/minibot/share/minibot/cmake/minibotConfig.cmake
[7.069s] -- Symlinking: /home/tarun_56/multibot_ws/install/minibot/share/minibot/cmake/minibotConfig-version.cmake
[7.114s] -- Symlinking: /home/tarun_56/multibot_ws/install/minibot/share/minibot/package.xml
[7.146s] Invoked command in '/home/tarun_56/multibot_ws/build/minibot' returned '0': CMAKE_PREFIX_PATH=${CMAKE_PREFIX_PATH}:/home/tarun_56/multibot_ws/install/follow_waypoints:/opt/ros/humble /usr/bin/cmake --install /home/tarun_56/multibot_ws/build/minibot
