[0.218s] Invoking command in '/home/tarun/CustomMultibot/build/minibot': CMAKE_PREFIX_PATH=/opt/ros/humble /usr/bin/cmake /home/tarun/CustomMultibot/src/minibot -DCMAKE_INSTALL_PREFIX=/home/tarun/CustomMultibot/install/minibot
[0.263s] -- The C compiler identification is GNU 11.4.0
[0.309s] -- The CXX compiler identification is GNU 11.4.0
[0.315s] -- Detecting C compiler ABI info
[0.376s] -- Detecting C compiler ABI info - done
[0.381s] -- Check for working C compiler: /usr/bin/cc - skipped
[0.382s] -- Detecting C compile features
[0.382s] -- Detecting C compile features - done
[0.384s] -- Detecting CXX compiler ABI info
[0.456s] -- Detecting CXX compiler ABI info - done
[0.462s] -- Check for working CXX compiler: /usr/bin/c++ - skipped
[0.462s] -- Detecting CXX compile features
[0.462s] -- Detecting CXX compile features - done
[0.465s] -- Found ament_cmake: 1.3.10 (/opt/ros/humble/share/ament_cmake/cmake)
[0.593s] -- Found Python3: /usr/bin/python3 (found version "3.10.12") found components: Interpreter 
[0.680s] [33mCMake Warning (dev) at /usr/share/cmake-3.22/Modules/FindPackageHandleStandardArgs.cmake:438 (message):
[0.680s]   The package name passed to `find_package_handle_standard_args` (PkgConfig)
[0.680s]   does not match the name of the calling package (gazebo).  This can lead to
[0.680s]   problems in calling code that expects `find_package` result variables
[0.680s]   (e.g., `_FOUND`) to follow a certain pattern.
[0.680s] Call Stack (most recent call first):
[0.681s]   /usr/share/cmake-3.22/Modules/FindPkgConfig.cmake:99 (find_package_handle_standard_args)
[0.681s]   /usr/lib/x86_64-linux-gnu/cmake/gazebo/gazebo-config.cmake:72 (include)
[0.681s]   CMakeLists.txt:10 (find_package)
[0.681s] This warning is for project developers.  Use -Wno-dev to suppress it.
[0.681s] [0m
[0.681s] -- Found PkgConfig: /usr/bin/pkg-config (found version "0.29.2") 
[0.685s] -- Checking for module 'bullet>=2.82'
[0.696s] --   Found bullet, version 3.05
[0.797s] -- Found fcl: /usr/include (found suitable version "0.7.0", minimum required is "0.5.0") 
[0.843s] -- Found assimp: /usr/include (found version "5.2.0") 
[0.862s] -- Found DART: /usr/include (Required is at least version "6.6") found components: dart 
[1.017s] -- Found Boost: /usr/lib/x86_64-linux-gnu/cmake/Boost-1.74.0/BoostConfig.cmake (found suitable version "1.74.0", minimum required is "1.40.0") found components: thread system filesystem program_options regex iostreams date_time 
[1.032s] -- Found Protobuf: /usr/lib/x86_64-linux-gnu/libprotobuf.so (found version "3.12.4") 
[1.036s] -- Looking for ignition-math6 -- found version 6.15.1
[1.041s] -- Searching for dependencies of ignition-math6
[1.042s] -- Looking for OGRE...
[1.043s] -- OGRE_PREFIX_WATCH changed.
[1.047s] -- Checking for module 'OGRE'
[1.059s] --   Found OGRE, version 1.9.0
[1.089s] -- Found Ogre Ghadamon (1.9.0)
[1.099s] -- Found OGRE: optimized;/usr/lib/x86_64-linux-gnu/libOgreMain.so;debug;/usr/lib/x86_64-linux-gnu/libOgreMain.so
[1.106s] -- Looking for OGRE_Paging...
[1.110s] -- Found OGRE_Paging: optimized;/usr/lib/x86_64-linux-gnu/libOgrePaging.so;debug;/usr/lib/x86_64-linux-gnu/libOgrePaging.so
[1.110s] -- Looking for OGRE_Terrain...
[1.114s] -- Found OGRE_Terrain: optimized;/usr/lib/x86_64-linux-gnu/libOgreTerrain.so;debug;/usr/lib/x86_64-linux-gnu/libOgreTerrain.so
[1.114s] -- Looking for OGRE_Property...
[1.118s] -- Found OGRE_Property: optimized;/usr/lib/x86_64-linux-gnu/libOgreProperty.so;debug;/usr/lib/x86_64-linux-gnu/libOgreProperty.so
[1.118s] -- Looking for OGRE_RTShaderSystem...
[1.122s] -- Found OGRE_RTShaderSystem: optimized;/usr/lib/x86_64-linux-gnu/libOgreRTShaderSystem.so;debug;/usr/lib/x86_64-linux-gnu/libOgreRTShaderSystem.so
[1.122s] -- Looking for OGRE_Volume...
[1.126s] -- Found OGRE_Volume: optimized;/usr/lib/x86_64-linux-gnu/libOgreVolume.so;debug;/usr/lib/x86_64-linux-gnu/libOgreVolume.so
[1.126s] -- Looking for OGRE_Overlay...
[1.130s] -- Found OGRE_Overlay: optimized;/usr/lib/x86_64-linux-gnu/libOgreOverlay.so;debug;/usr/lib/x86_64-linux-gnu/libOgreOverlay.so
[1.211s] -- Looking for ignition-math6 -- found version 6.15.1
[1.213s] -- Looking for ignition-transport8 -- found version 8.2.1
[1.214s] -- Searching for dependencies of ignition-transport8
[1.232s] -- Found Protobuf: /usr/lib/x86_64-linux-gnu/libprotobuf.so (found suitable version "3.12.4", minimum required is "3") 
[1.244s] -- Config-file not installed for ZeroMQ -- checking for pkg-config
[1.248s] -- Checking for module 'libzmq >= 4'
[1.260s] --   Found libzmq , version 4.3.4
[1.293s] -- Found ZeroMQ: TRUE (Required is at least version "4") 
[1.298s] -- Checking for module 'uuid'
[1.309s] --   Found uuid, version 2.37.2
[1.341s] -- Found UUID: TRUE  
[1.343s] -- Looking for ignition-msgs5 -- found version 5.8.1
[1.343s] -- Searching for dependencies of ignition-msgs5
[1.362s] -- Looking for ignition-math6 -- found version 6.15.1
[1.366s] -- Checking for module 'tinyxml2'
[1.378s] --   Found tinyxml2, version 9.0.0
[1.410s] -- Looking for ignition-msgs5 -- found version 5.8.1
[1.412s] -- Looking for ignition-common3 -- found version 3.14.0
[1.412s] -- Searching for dependencies of ignition-common3
[1.412s] -- Looking for dlfcn.h - found
[1.413s] -- Looking for libdl - found
[1.414s] -- Found DL: TRUE  
[1.424s] -- Found tinyobjloader: /usr/lib/x86_64-linux-gnu/cmake/tinyobjloader/tinyobjloader-config.cmake (found version "2.0.0") 
[1.424s] -- Searching for <ignition-common3> component [graphics]
[1.426s] -- Looking for ignition-common3-graphics -- found version 3.14.0
[1.426s] -- Searching for dependencies of ignition-common3-graphics
[1.427s] -- Looking for ignition-math6 -- found version 6.15.1
[1.429s] -- Looking for ignition-fuel_tools4 -- found version 4.4.0
[1.429s] -- Searching for dependencies of ignition-fuel_tools4
[1.501s] -- Found CURL: /usr/lib/x86_64-linux-gnu/libcurl.so (found version "7.81.0")  
[1.508s] -- Checking for module 'jsoncpp'
[1.520s] --   Found jsoncpp, version 1.9.5
[1.551s] -- Found JSONCPP: TRUE  
[1.556s] -- Checking for module 'libzip'
[1.567s] --   Found libzip, version 1.7.3
[1.598s] -- Found ZIP: TRUE  
[1.599s] -- Looking for ignition-common3 -- found version 3.14.0
[1.599s] -- Looking for ignition-math6 -- found version 6.15.1
[1.599s] -- Looking for ignition-msgs5 -- found version 5.8.1
[1.603s] -- Found gazebo_ros_pkgs: 3.7.0 (/opt/ros/humble/share/gazebo_ros_pkgs/cmake)
[1.605s] -- Found geometry_msgs: 4.2.4 (/opt/ros/humble/share/geometry_msgs/cmake)
[1.631s] -- Found rosidl_generator_c: 3.1.5 (/opt/ros/humble/share/rosidl_generator_c/cmake)
[1.635s] -- Found rosidl_adapter: 3.1.5 (/opt/ros/humble/share/rosidl_adapter/cmake)
[1.642s] -- Found rosidl_generator_cpp: 3.1.5 (/opt/ros/humble/share/rosidl_generator_cpp/cmake)
[1.652s] -- Using all available rosidl_typesupport_c: rosidl_typesupport_fastrtps_c;rosidl_typesupport_introspection_c
[1.665s] -- Using all available rosidl_typesupport_cpp: rosidl_typesupport_fastrtps_cpp;rosidl_typesupport_introspection_cpp
[1.696s] -- Found nav_msgs: 4.2.4 (/opt/ros/humble/share/nav_msgs/cmake)
[1.709s] -- Found rclcpp: 16.0.10 (/opt/ros/humble/share/rclcpp/cmake)
[1.740s] -- Found rmw_implementation_cmake: 6.1.2 (/opt/ros/humble/share/rmw_implementation_cmake/cmake)
[1.742s] -- Found rmw_fastrtps_cpp: 6.2.7 (/opt/ros/humble/share/rmw_fastrtps_cpp/cmake)
[1.824s] -- Found OpenSSL: /usr/lib/x86_64-linux-gnu/libcrypto.so (found version "3.0.2")  
[1.849s] -- Found FastRTPS: /opt/ros/humble/include  
[1.890s] -- Using RMW implementation 'rmw_fastrtps_cpp' as default
[1.898s] -- Found Threads: TRUE  
[1.928s] -- Found sensor_msgs: 4.2.4 (/opt/ros/humble/share/sensor_msgs/cmake)
[1.942s] -- Found tf2: 0.25.7 (/opt/ros/humble/share/tf2/cmake)
[1.952s] -- Found ament_lint_auto: 0.12.11 (/opt/ros/humble/share/ament_lint_auto/cmake)
[2.013s] -- Added test 'flake8' to check Python code syntax and style conventions
[2.014s] -- Added test 'lint_cmake' to check CMake code style
[2.014s] -- Added test 'pep257' to check Python code against some of the docstring style conventions in PEP 257
[2.016s] -- Added test 'xmllint' to check XML markup files
[2.016s] -- Configuring done
[2.023s] -- Generating done
[2.024s] -- Build files have been written to: /home/tarun/CustomMultibot/build/minibot
[2.034s] Invoked command in '/home/tarun/CustomMultibot/build/minibot' returned '0': CMAKE_PREFIX_PATH=/opt/ros/humble /usr/bin/cmake /home/tarun/CustomMultibot/src/minibot -DCMAKE_INSTALL_PREFIX=/home/tarun/CustomMultibot/install/minibot
[2.035s] Invoking command in '/home/tarun/CustomMultibot/build/minibot': CMAKE_PREFIX_PATH=/opt/ros/humble /usr/bin/cmake --build /home/tarun/CustomMultibot/build/minibot -- -j12 -l12
[2.072s] Invoked command in '/home/tarun/CustomMultibot/build/minibot' returned '0': CMAKE_PREFIX_PATH=/opt/ros/humble /usr/bin/cmake --build /home/tarun/CustomMultibot/build/minibot -- -j12 -l12
[2.095s] Invoking command in '/home/tarun/CustomMultibot/build/minibot': CMAKE_PREFIX_PATH=/opt/ros/humble /usr/bin/cmake --install /home/tarun/CustomMultibot/build/minibot
[2.102s] -- Install configuration: ""
[2.102s] -- Installing: /home/tarun/CustomMultibot/install/minibot/share/minibot//launch
[2.102s] -- Installing: /home/tarun/CustomMultibot/install/minibot/share/minibot//launch/spawn_minibot.launch.py
[2.102s] -- Installing: /home/tarun/CustomMultibot/install/minibot/share/minibot//launch/robot_state_publisher.launch.py
[2.102s] -- Installing: /home/tarun/CustomMultibot/install/minibot/share/minibot//launch/warehouse_world.launch.py
[2.103s] -- Installing: /home/tarun/CustomMultibot/install/minibot/share/minibot//models
[2.103s] -- Installing: /home/tarun/CustomMultibot/install/minibot/share/minibot//models/trolley.STL
[2.104s] -- Installing: /home/tarun/CustomMultibot/install/minibot/share/minibot//models/camera.STL
[2.104s] -- Installing: /home/tarun/CustomMultibot/install/minibot/share/minibot//models/castor_wheel2.STL
[2.104s] -- Installing: /home/tarun/CustomMultibot/install/minibot/share/minibot//models/left_wheel.STL
[2.104s] -- Installing: /home/tarun/CustomMultibot/install/minibot/share/minibot//models/lidar.STL
[2.105s] -- Installing: /home/tarun/CustomMultibot/install/minibot/share/minibot//models/base_link.STL
[2.109s] -- Installing: /home/tarun/CustomMultibot/install/minibot/share/minibot//models/right_wheel.STL
[2.109s] -- Installing: /home/tarun/CustomMultibot/install/minibot/share/minibot//models/castor_wheel1.STL
[2.109s] [31mCMake Error at cmake_install.cmake:46 (file):
[2.109s]   file INSTALL cannot find "/home/tarun/CustomMultibot/src/minibot/rviz": No
[2.109s]   such file or directory.
[2.109s] 
[2.109s] [0m
[2.111s] Invoked command in '/home/tarun/CustomMultibot/build/minibot' returned '1': CMAKE_PREFIX_PATH=/opt/ros/humble /usr/bin/cmake --install /home/tarun/CustomMultibot/build/minibot
