[0.525s] Invoking command in '/home/tarun/CustomMultibot/src/follow_waypoints': PYTHONPATH=/home/tarun/CustomMultibot/build/follow_waypoints/prefix_override:/usr/lib/python3/dist-packages/colcon_core/task/python/colcon_distutils_commands:/home/tarun/CustomMultibot/install/follow_waypoints/lib/python3.10/site-packages:${PYTHONPATH} /usr/bin/python3 -W ignore:setup.py install is deprecated setup.py egg_info --egg-base ../../build/follow_waypoints build --build-base /home/tarun/CustomMultibot/build/follow_waypoints/build install --record /home/tarun/CustomMultibot/build/follow_waypoints/install.log --single-version-externally-managed install_data
[0.721s] running egg_info
[0.721s] creating ../../build/follow_waypoints/follow_waypoints.egg-info
[0.721s] writing ../../build/follow_waypoints/follow_waypoints.egg-info/PKG-INFO
[0.721s] writing dependency_links to ../../build/follow_waypoints/follow_waypoints.egg-info/dependency_links.txt
[0.721s] writing entry points to ../../build/follow_waypoints/follow_waypoints.egg-info/entry_points.txt
[0.721s] writing requirements to ../../build/follow_waypoints/follow_waypoints.egg-info/requires.txt
[0.721s] writing top-level names to ../../build/follow_waypoints/follow_waypoints.egg-info/top_level.txt
[0.721s] writing manifest file '../../build/follow_waypoints/follow_waypoints.egg-info/SOURCES.txt'
[0.724s] reading manifest file '../../build/follow_waypoints/follow_waypoints.egg-info/SOURCES.txt'
[0.724s] writing manifest file '../../build/follow_waypoints/follow_waypoints.egg-info/SOURCES.txt'
[0.725s] running build
[0.725s] running build_py
[0.725s] creating /home/tarun/CustomMultibot/build/follow_waypoints/build
[0.725s] creating /home/tarun/CustomMultibot/build/follow_waypoints/build/lib
[0.725s] creating /home/tarun/CustomMultibot/build/follow_waypoints/build/lib/follow_waypoints
[0.725s] copying follow_waypoints/robot_2_cmd.py -> /home/tarun/CustomMultibot/build/follow_waypoints/build/lib/follow_waypoints
[0.725s] copying follow_waypoints/follow_waypoints.py -> /home/tarun/CustomMultibot/build/follow_waypoints/build/lib/follow_waypoints
[0.725s] copying follow_waypoints/go_to_points.py -> /home/tarun/CustomMultibot/build/follow_waypoints/build/lib/follow_waypoints
[0.725s] copying follow_waypoints/robot_1_cmd.py -> /home/tarun/CustomMultibot/build/follow_waypoints/build/lib/follow_waypoints
[0.725s] copying follow_waypoints/__init__.py -> /home/tarun/CustomMultibot/build/follow_waypoints/build/lib/follow_waypoints
[0.726s] running install
[0.726s] running install_lib
[0.726s] creating /home/tarun/CustomMultibot/install/follow_waypoints/lib/python3.10/site-packages/follow_waypoints
[0.726s] copying /home/tarun/CustomMultibot/build/follow_waypoints/build/lib/follow_waypoints/robot_2_cmd.py -> /home/tarun/CustomMultibot/install/follow_waypoints/lib/python3.10/site-packages/follow_waypoints
[0.726s] copying /home/tarun/CustomMultibot/build/follow_waypoints/build/lib/follow_waypoints/follow_waypoints.py -> /home/tarun/CustomMultibot/install/follow_waypoints/lib/python3.10/site-packages/follow_waypoints
[0.727s] copying /home/tarun/CustomMultibot/build/follow_waypoints/build/lib/follow_waypoints/go_to_points.py -> /home/tarun/CustomMultibot/install/follow_waypoints/lib/python3.10/site-packages/follow_waypoints
[0.727s] copying /home/tarun/CustomMultibot/build/follow_waypoints/build/lib/follow_waypoints/robot_1_cmd.py -> /home/tarun/CustomMultibot/install/follow_waypoints/lib/python3.10/site-packages/follow_waypoints
[0.727s] copying /home/tarun/CustomMultibot/build/follow_waypoints/build/lib/follow_waypoints/__init__.py -> /home/tarun/CustomMultibot/install/follow_waypoints/lib/python3.10/site-packages/follow_waypoints
[0.727s] byte-compiling /home/tarun/CustomMultibot/install/follow_waypoints/lib/python3.10/site-packages/follow_waypoints/robot_2_cmd.py to robot_2_cmd.cpython-310.pyc
[0.728s] byte-compiling /home/tarun/CustomMultibot/install/follow_waypoints/lib/python3.10/site-packages/follow_waypoints/follow_waypoints.py to follow_waypoints.cpython-310.pyc
[0.729s] byte-compiling /home/tarun/CustomMultibot/install/follow_waypoints/lib/python3.10/site-packages/follow_waypoints/go_to_points.py to go_to_points.cpython-310.pyc
[0.730s] byte-compiling /home/tarun/CustomMultibot/install/follow_waypoints/lib/python3.10/site-packages/follow_waypoints/robot_1_cmd.py to robot_1_cmd.cpython-310.pyc
[0.730s] byte-compiling /home/tarun/CustomMultibot/install/follow_waypoints/lib/python3.10/site-packages/follow_waypoints/__init__.py to __init__.cpython-310.pyc
[0.730s] running install_data
[0.730s] creating /home/tarun/CustomMultibot/install/follow_waypoints/share/ament_index
[0.731s] creating /home/tarun/CustomMultibot/install/follow_waypoints/share/ament_index/resource_index
[0.731s] creating /home/tarun/CustomMultibot/install/follow_waypoints/share/ament_index/resource_index/packages
[0.731s] copying resource/follow_waypoints -> /home/tarun/CustomMultibot/install/follow_waypoints/share/ament_index/resource_index/packages
[0.731s] copying package.xml -> /home/tarun/CustomMultibot/install/follow_waypoints/share/follow_waypoints
[0.731s] creating /home/tarun/CustomMultibot/install/follow_waypoints/share/follow_waypoints/config
[0.731s] copying config/follow_waypoints.yaml -> /home/tarun/CustomMultibot/install/follow_waypoints/share/follow_waypoints/config
[0.731s] running install_egg_info
[0.732s] Copying ../../build/follow_waypoints/follow_waypoints.egg-info to /home/tarun/CustomMultibot/install/follow_waypoints/lib/python3.10/site-packages/follow_waypoints-0.0.0-py3.10.egg-info
[0.733s] running install_scripts
[0.749s] Installing follow_waypoints_exe script to /home/tarun/CustomMultibot/install/follow_waypoints/lib/follow_waypoints
[0.749s] Installing go_to_points_exe script to /home/tarun/CustomMultibot/install/follow_waypoints/lib/follow_waypoints
[0.749s] Installing robot_1_exe script to /home/tarun/CustomMultibot/install/follow_waypoints/lib/follow_waypoints
[0.749s] Installing robot_2_exe script to /home/tarun/CustomMultibot/install/follow_waypoints/lib/follow_waypoints
[0.749s] writing list of installed files to '/home/tarun/CustomMultibot/build/follow_waypoints/install.log'
[0.772s] Invoked command in '/home/tarun/CustomMultibot/src/follow_waypoints' returned '0': PYTHONPATH=/home/tarun/CustomMultibot/build/follow_waypoints/prefix_override:/usr/lib/python3/dist-packages/colcon_core/task/python/colcon_distutils_commands:/home/tarun/CustomMultibot/install/follow_waypoints/lib/python3.10/site-packages:${PYTHONPATH} /usr/bin/python3 -W ignore:setup.py install is deprecated setup.py egg_info --egg-base ../../build/follow_waypoints build --build-base /home/tarun/CustomMultibot/build/follow_waypoints/build install --record /home/tarun/CustomMultibot/build/follow_waypoints/install.log --single-version-externally-managed install_data
