[0.012s] Invoking command in '/home/tarun_56/multibot_ws/build/turtlebot3_simulations': AMENT_PREFIX_PATH=/home/tarun_56/multibot_ws/install/turtlebot3_gazebo:${AMENT_PREFIX_PATH} CMAKE_PREFIX_PATH=/home/tarun_56/multibot_ws/install/turtlebot3_gazebo:/opt/ros/humble /usr/bin/cmake --build /home/tarun_56/multibot_ws/build/turtlebot3_simulations -- -j4 -l4
[0.069s] Invoked command in '/home/tarun_56/multibot_ws/build/turtlebot3_simulations' returned '0': AMENT_PREFIX_PATH=/home/tarun_56/multibot_ws/install/turtlebot3_gazebo:${AMENT_PREFIX_PATH} CMAKE_PREFIX_PATH=/home/tarun_56/multibot_ws/install/turtlebot3_gazebo:/opt/ros/humble /usr/bin/cmake --build /home/tarun_56/multibot_ws/build/turtlebot3_simulations -- -j4 -l4
[0.106s] Invoking command in '/home/tarun_56/multibot_ws/build/turtlebot3_simulations': AMENT_PREFIX_PATH=/home/tarun_56/multibot_ws/install/turtlebot3_gazebo:${AMENT_PREFIX_PATH} CMAKE_PREFIX_PATH=/home/tarun_56/multibot_ws/install/turtlebot3_gazebo:/opt/ros/humble /usr/bin/cmake --install /home/tarun_56/multibot_ws/build/turtlebot3_simulations
[0.118s] -- Install configuration: ""
[0.119s] -- Execute custom install script
[0.120s] -- Up-to-date symlink: /home/tarun_56/multibot_ws/install/turtlebot3_simulations/share/ament_index/resource_index/package_run_dependencies/turtlebot3_simulations
[0.120s] -- Up-to-date symlink: /home/tarun_56/multibot_ws/install/turtlebot3_simulations/share/ament_index/resource_index/parent_prefix_path/turtlebot3_simulations
[0.121s] -- Up-to-date symlink: /home/tarun_56/multibot_ws/install/turtlebot3_simulations/share/turtlebot3_simulations/environment/ament_prefix_path.sh
[0.121s] -- Up-to-date symlink: /home/tarun_56/multibot_ws/install/turtlebot3_simulations/share/turtlebot3_simulations/environment/ament_prefix_path.dsv
[0.122s] -- Up-to-date symlink: /home/tarun_56/multibot_ws/install/turtlebot3_simulations/share/turtlebot3_simulations/environment/path.sh
[0.123s] -- Up-to-date symlink: /home/tarun_56/multibot_ws/install/turtlebot3_simulations/share/turtlebot3_simulations/environment/path.dsv
[0.123s] -- Up-to-date symlink: /home/tarun_56/multibot_ws/install/turtlebot3_simulations/share/turtlebot3_simulations/local_setup.bash
[0.123s] -- Up-to-date symlink: /home/tarun_56/multibot_ws/install/turtlebot3_simulations/share/turtlebot3_simulations/local_setup.sh
[0.124s] -- Up-to-date symlink: /home/tarun_56/multibot_ws/install/turtlebot3_simulations/share/turtlebot3_simulations/local_setup.zsh
[0.124s] -- Up-to-date symlink: /home/tarun_56/multibot_ws/install/turtlebot3_simulations/share/turtlebot3_simulations/local_setup.dsv
[0.125s] -- Symlinking: /home/tarun_56/multibot_ws/install/turtlebot3_simulations/share/turtlebot3_simulations/package.dsv
[0.139s] -- Up-to-date symlink: /home/tarun_56/multibot_ws/install/turtlebot3_simulations/share/ament_index/resource_index/packages/turtlebot3_simulations
[0.140s] -- Up-to-date symlink: /home/tarun_56/multibot_ws/install/turtlebot3_simulations/share/turtlebot3_simulations/cmake/turtlebot3_simulationsConfig.cmake
[0.140s] -- Up-to-date symlink: /home/tarun_56/multibot_ws/install/turtlebot3_simulations/share/turtlebot3_simulations/cmake/turtlebot3_simulationsConfig-version.cmake
[0.141s] -- Up-to-date symlink: /home/tarun_56/multibot_ws/install/turtlebot3_simulations/share/turtlebot3_simulations/package.xml
[0.145s] Invoked command in '/home/tarun_56/multibot_ws/build/turtlebot3_simulations' returned '0': AMENT_PREFIX_PATH=/home/tarun_56/multibot_ws/install/turtlebot3_gazebo:${AMENT_PREFIX_PATH} CMAKE_PREFIX_PATH=/home/tarun_56/multibot_ws/install/turtlebot3_gazebo:/opt/ros/humble /usr/bin/cmake --install /home/tarun_56/multibot_ws/build/turtlebot3_simulations
