[0.438s] Invoking command in '/home/tarun_56/multibot_ws/build/nav2_bringup': CMAKE_PREFIX_PATH=/opt/ros/humble /usr/bin/cmake --build /home/tarun_56/multibot_ws/build/nav2_bringup -- -j4 -l4
[0.477s] -- Found ament_cmake: 1.3.10 (/opt/ros/humble/share/ament_cmake/cmake)
[0.650s] -- Override CMake install command with custom implementation using symlinks instead of copying resources
[0.663s] -- Found nav2_common: 1.1.15 (/opt/ros/humble/share/nav2_common/cmake)
[0.665s] -- Found navigation2: 1.1.15 (/opt/ros/humble/share/navigation2/cmake)
[0.672s] -- Found ament_lint_auto: 0.12.11 (/opt/ros/humble/share/ament_lint_auto/cmake)
[0.835s] -- Added test 'copyright' to check source files copyright and LICENSE
[0.842s] -- Added test 'flake8' to check Python code syntax and style conventions
[0.844s] -- Added test 'lint_cmake' to check CMake code style
[0.846s] -- Added test 'pep257' to check Python code against some of the docstring style conventions in PEP 257
[0.852s] -- Added test 'xmllint' to check XML markup files
[0.856s] -- Configuring done
[0.865s] -- Generating done
[0.866s] -- Build files have been written to: /home/tarun_56/multibot_ws/build/nav2_bringup
[0.908s] Invoked command in '/home/tarun_56/multibot_ws/build/nav2_bringup' returned '0': CMAKE_PREFIX_PATH=/opt/ros/humble /usr/bin/cmake --build /home/tarun_56/multibot_ws/build/nav2_bringup -- -j4 -l4
[0.976s] Invoking command in '/home/tarun_56/multibot_ws/build/nav2_bringup': CMAKE_PREFIX_PATH=/opt/ros/humble /usr/bin/cmake --install /home/tarun_56/multibot_ws/build/nav2_bringup
[0.987s] -- Install configuration: "Release"
[0.989s] -- Execute custom install script
[0.990s] -- Up-to-date symlink: /home/tarun_56/multibot_ws/install/nav2_bringup/share/nav2_bringup/launch/bringup_launch.py
[0.991s] -- Up-to-date symlink: /home/tarun_56/multibot_ws/install/nav2_bringup/share/nav2_bringup/launch/cloned_multi_tb3_simulation_launch.py
[0.993s] -- Up-to-date symlink: /home/tarun_56/multibot_ws/install/nav2_bringup/share/nav2_bringup/launch/localization_launch.py
[0.994s] -- Up-to-date symlink: /home/tarun_56/multibot_ws/install/nav2_bringup/share/nav2_bringup/launch/map_filters_launch.py
[0.994s] -- Up-to-date symlink: /home/tarun_56/multibot_ws/install/nav2_bringup/share/nav2_bringup/launch/navigation_launch.py
[0.994s] -- Up-to-date symlink: /home/tarun_56/multibot_ws/install/nav2_bringup/share/nav2_bringup/launch/rviz_launch.py
[0.995s] -- Up-to-date symlink: /home/tarun_56/multibot_ws/install/nav2_bringup/share/nav2_bringup/launch/slam_launch.py
[0.995s] -- Up-to-date symlink: /home/tarun_56/multibot_ws/install/nav2_bringup/share/nav2_bringup/launch/tb3_simulation_launch.py
[0.996s] -- Up-to-date symlink: /home/tarun_56/multibot_ws/install/nav2_bringup/share/nav2_bringup/launch/unique_multi_tb3_simulation_launch.py
[0.998s] -- Up-to-date symlink: /home/tarun_56/multibot_ws/install/nav2_bringup/share/nav2_bringup/launch/warehouse_multibot_launch.py
[0.998s] -- Symlinking: /home/tarun_56/multibot_ws/install/nav2_bringup/share/nav2_bringup/maps/keepout_mask.pgm
[1.013s] -- Symlinking: /home/tarun_56/multibot_ws/install/nav2_bringup/share/nav2_bringup/maps/keepout_mask.yaml
[1.029s] -- Up-to-date symlink: /home/tarun_56/multibot_ws/install/nav2_bringup/share/nav2_bringup/maps/new_warehouse_save.pgm
[1.031s] -- Up-to-date symlink: /home/tarun_56/multibot_ws/install/nav2_bringup/share/nav2_bringup/maps/new_warehouse_save.yaml
[1.031s] -- Up-to-date symlink: /home/tarun_56/multibot_ws/install/nav2_bringup/share/nav2_bringup/maps/turtlebot3_world.pgm
[1.032s] -- Up-to-date symlink: /home/tarun_56/multibot_ws/install/nav2_bringup/share/nav2_bringup/maps/turtlebot3_world.yaml
[1.032s] -- Up-to-date symlink: /home/tarun_56/multibot_ws/install/nav2_bringup/share/nav2_bringup/rviz/nav2_default_view.rviz
[1.032s] -- Up-to-date symlink: /home/tarun_56/multibot_ws/install/nav2_bringup/share/nav2_bringup/rviz/nav2_namespaced_view.rviz
[1.032s] -- Up-to-date symlink: /home/tarun_56/multibot_ws/install/nav2_bringup/share/nav2_bringup/worlds/waffle.model
[1.032s] -- Up-to-date symlink: /home/tarun_56/multibot_ws/install/nav2_bringup/share/nav2_bringup/worlds/warehouse.world
[1.032s] -- Up-to-date symlink: /home/tarun_56/multibot_ws/install/nav2_bringup/share/nav2_bringup/worlds/world_only.model
[1.033s] -- Up-to-date symlink: /home/tarun_56/multibot_ws/install/nav2_bringup/share/nav2_bringup/params/map_filter_params.yaml
[1.033s] -- Up-to-date symlink: /home/tarun_56/multibot_ws/install/nav2_bringup/share/nav2_bringup/params/nav2_multirobot_params_1.yaml
[1.034s] -- Up-to-date symlink: /home/tarun_56/multibot_ws/install/nav2_bringup/share/nav2_bringup/params/nav2_multirobot_params_2.yaml
[1.034s] -- Up-to-date symlink: /home/tarun_56/multibot_ws/install/nav2_bringup/share/nav2_bringup/params/nav2_multirobot_params_all.yaml
[1.034s] -- Up-to-date symlink: /home/tarun_56/multibot_ws/install/nav2_bringup/share/nav2_bringup/params/nav2_params.yaml
[1.035s] -- Up-to-date symlink: /home/tarun_56/multibot_ws/install/nav2_bringup/share/nav2_bringup/urdf/turtlebot3_waffle.urdf
[1.035s] -- Up-to-date symlink: /home/tarun_56/multibot_ws/install/nav2_bringup/share/ament_index/resource_index/package_run_dependencies/nav2_bringup
[1.035s] -- Up-to-date symlink: /home/tarun_56/multibot_ws/install/nav2_bringup/share/ament_index/resource_index/parent_prefix_path/nav2_bringup
[1.035s] -- Up-to-date symlink: /home/tarun_56/multibot_ws/install/nav2_bringup/share/nav2_bringup/environment/ament_prefix_path.sh
[1.036s] -- Up-to-date symlink: /home/tarun_56/multibot_ws/install/nav2_bringup/share/nav2_bringup/environment/ament_prefix_path.dsv
[1.036s] -- Up-to-date symlink: /home/tarun_56/multibot_ws/install/nav2_bringup/share/nav2_bringup/environment/path.sh
[1.038s] -- Up-to-date symlink: /home/tarun_56/multibot_ws/install/nav2_bringup/share/nav2_bringup/environment/path.dsv
[1.038s] -- Up-to-date symlink: /home/tarun_56/multibot_ws/install/nav2_bringup/share/nav2_bringup/local_setup.bash
[1.040s] -- Up-to-date symlink: /home/tarun_56/multibot_ws/install/nav2_bringup/share/nav2_bringup/local_setup.sh
[1.043s] -- Up-to-date symlink: /home/tarun_56/multibot_ws/install/nav2_bringup/share/nav2_bringup/local_setup.zsh
[1.043s] -- Up-to-date symlink: /home/tarun_56/multibot_ws/install/nav2_bringup/share/nav2_bringup/local_setup.dsv
[1.044s] -- Symlinking: /home/tarun_56/multibot_ws/install/nav2_bringup/share/nav2_bringup/package.dsv
[1.056s] -- Up-to-date symlink: /home/tarun_56/multibot_ws/install/nav2_bringup/share/ament_index/resource_index/packages/nav2_bringup
[1.058s] -- Up-to-date symlink: /home/tarun_56/multibot_ws/install/nav2_bringup/share/nav2_bringup/cmake/nav2_bringupConfig.cmake
[1.058s] -- Up-to-date symlink: /home/tarun_56/multibot_ws/install/nav2_bringup/share/nav2_bringup/cmake/nav2_bringupConfig-version.cmake
[1.058s] -- Up-to-date symlink: /home/tarun_56/multibot_ws/install/nav2_bringup/share/nav2_bringup/package.xml
[1.062s] Invoked command in '/home/tarun_56/multibot_ws/build/nav2_bringup' returned '0': CMAKE_PREFIX_PATH=/opt/ros/humble /usr/bin/cmake --install /home/tarun_56/multibot_ws/build/nav2_bringup
