[0.018s] Invoking command in '/home/tarun_56/multibot_ws/build/turtlebot3_gazebo': CMAKE_PREFIX_PATH=/opt/ros/humble /usr/bin/cmake /home/tarun_56/multibot_ws/src/turtlebot3_gazebo -DAMENT_CMAKE_SYMLINK_INSTALL=1 -DCMAKE_INSTALL_PREFIX=/home/tarun_56/multibot_ws/install/turtlebot3_gazebo
[0.097s] -- The C compiler identification is GNU 11.4.0
[0.192s] -- The CXX compiler identification is GNU 11.4.0
[0.201s] -- Detecting C compiler ABI info
[0.312s] -- Detecting C compiler ABI info - done
[0.320s] -- Check for working C compiler: /usr/bin/cc - skipped
[0.321s] -- Detecting C compile features
[0.322s] -- Detecting C compile features - done
[0.327s] -- Detecting CXX compiler ABI info
[0.437s] -- Detecting CXX compiler ABI info - done
[0.443s] -- Check for working CXX compiler: /usr/bin/c++ - skipped
[0.444s] -- Detecting CXX compile features
[0.444s] -- Detecting CXX compile features - done
[0.447s] -- Found ament_cmake: 1.3.9 (/opt/ros/humble/share/ament_cmake/cmake)
[0.605s] -- Found Python3: /usr/bin/python3 (found version "3.10.12") found components: Interpreter 
[0.678s] -- Override CMake install command with custom implementation using symlinks instead of copying resources
[0.734s] [33mCMake Warning (dev) at /usr/share/cmake-3.22/Modules/FindPackageHandleStandardArgs.cmake:438 (message):
[0.734s]   The package name passed to `find_package_handle_standard_args` (PkgConfig)
[0.734s]   does not match the name of the calling package (gazebo).  This can lead to
[0.735s]   problems in calling code that expects `find_package` result variables
[0.735s]   (e.g., `_FOUND`) to follow a certain pattern.
[0.735s] Call Stack (most recent call first):
[0.735s]   /usr/share/cmake-3.22/Modules/FindPkgConfig.cmake:99 (find_package_handle_standard_args)
[0.735s]   /usr/lib/x86_64-linux-gnu/cmake/gazebo/gazebo-config.cmake:72 (include)
[0.735s]   CMakeLists.txt:23 (find_package)
[0.735s] This warning is for project developers.  Use -Wno-dev to suppress it.
[0.735s] [0m
[0.735s] -- Found PkgConfig: /usr/bin/pkg-config (found version "0.29.2") 
[0.748s] -- Checking for module 'bullet>=2.82'
[0.768s] --   Found bullet, version 3.05
[0.936s] -- Found fcl: /usr/include (found suitable version "0.7.0", minimum required is "0.5.0") 
[1.012s] -- Found assimp: /usr/include (found version "5.2.0") 
[1.053s] -- Found DART: /usr/include (Required is at least version "6.6") found components: dart 
[1.354s] -- Found Boost: /usr/lib/x86_64-linux-gnu/cmake/Boost-1.74.0/BoostConfig.cmake (found suitable version "1.74.0", minimum required is "1.40.0") found components: thread system filesystem program_options regex iostreams date_time 
[1.395s] -- Found Protobuf: /usr/lib/x86_64-linux-gnu/libprotobuf.so (found version "3.12.4") 
[1.404s] -- Looking for ignition-math6 -- found version 6.15.1
[1.421s] -- Searching for dependencies of ignition-math6
[1.425s] -- Looking for OGRE...
[1.425s] -- OGRE_PREFIX_WATCH changed.
[1.432s] -- Checking for module 'OGRE'
[1.453s] --   Found OGRE, version 1.9.0
[1.503s] -- Found Ogre Ghadamon (1.9.0)
[1.518s] -- Found OGRE: optimized;/usr/lib/x86_64-linux-gnu/libOgreMain.so;debug;/usr/lib/x86_64-linux-gnu/libOgreMain.so
[1.531s] -- Looking for OGRE_Paging...
[1.538s] -- Found OGRE_Paging: optimized;/usr/lib/x86_64-linux-gnu/libOgrePaging.so;debug;/usr/lib/x86_64-linux-gnu/libOgrePaging.so
[1.539s] -- Looking for OGRE_Terrain...
[1.544s] -- Found OGRE_Terrain: optimized;/usr/lib/x86_64-linux-gnu/libOgreTerrain.so;debug;/usr/lib/x86_64-linux-gnu/libOgreTerrain.so
[1.544s] -- Looking for OGRE_Property...
[1.551s] -- Found OGRE_Property: optimized;/usr/lib/x86_64-linux-gnu/libOgreProperty.so;debug;/usr/lib/x86_64-linux-gnu/libOgreProperty.so
[1.551s] -- Looking for OGRE_RTShaderSystem...
[1.553s] -- Found OGRE_RTShaderSystem: optimized;/usr/lib/x86_64-linux-gnu/libOgreRTShaderSystem.so;debug;/usr/lib/x86_64-linux-gnu/libOgreRTShaderSystem.so
[1.553s] -- Looking for OGRE_Volume...
[1.558s] -- Found OGRE_Volume: optimized;/usr/lib/x86_64-linux-gnu/libOgreVolume.so;debug;/usr/lib/x86_64-linux-gnu/libOgreVolume.so
[1.558s] -- Looking for OGRE_Overlay...
[1.563s] -- Found OGRE_Overlay: optimized;/usr/lib/x86_64-linux-gnu/libOgreOverlay.so;debug;/usr/lib/x86_64-linux-gnu/libOgreOverlay.so
[1.663s] -- Looking for ignition-math6 -- found version 6.15.1
[1.667s] -- Looking for ignition-transport8 -- found version 8.2.1
[1.668s] -- Searching for dependencies of ignition-transport8
[1.692s] -- Found Protobuf: /usr/lib/x86_64-linux-gnu/libprotobuf.so (found suitable version "3.12.4", minimum required is "3") 
[1.711s] -- Config-file not installed for ZeroMQ -- checking for pkg-config
[1.717s] -- Checking for module 'libzmq >= 4'
[1.743s] --   Found libzmq , version 4.3.4
[1.800s] -- Found ZeroMQ: TRUE (Required is at least version "4") 
[1.809s] -- Checking for module 'uuid'
[1.827s] --   Found uuid, version 2.37.2
[1.890s] -- Found UUID: TRUE  
[1.894s] -- Looking for ignition-msgs5 -- found version 5.8.1
[1.895s] -- Searching for dependencies of ignition-msgs5
[1.921s] -- Looking for ignition-math6 -- found version 6.15.1
[1.929s] -- Checking for module 'tinyxml2'
[1.951s] --   Found tinyxml2, version 9.0.0
[2.012s] -- Looking for ignition-msgs5 -- found version 5.8.1
[2.017s] -- Looking for ignition-common3 -- found version 3.14.0
[2.019s] -- Searching for dependencies of ignition-common3
[2.020s] -- Looking for dlfcn.h - found
[2.022s] -- Looking for libdl - found
[2.024s] -- Found DL: TRUE  
[2.040s] -- Found tinyobjloader: /usr/lib/x86_64-linux-gnu/cmake/tinyobjloader/tinyobjloader-config.cmake (found version "2.0.0") 
[2.042s] -- Searching for <ignition-common3> component [graphics]
[2.047s] -- Looking for ignition-common3-graphics -- found version 3.14.0
[2.048s] -- Searching for dependencies of ignition-common3-graphics
[2.049s] -- Looking for ignition-math6 -- found version 6.15.1
[2.055s] -- Looking for ignition-fuel_tools4 -- found version 4.4.0
[2.056s] -- Searching for dependencies of ignition-fuel_tools4
[2.187s] -- Found CURL: /usr/lib/x86_64-linux-gnu/libcurl.so (found version "7.81.0")  
[2.200s] -- Checking for module 'jsoncpp'
[2.219s] --   Found jsoncpp, version 1.9.5
[2.275s] -- Found JSONCPP: TRUE  
[2.284s] -- Checking for module 'libzip'
[2.306s] --   Found libzip, version 1.7.3
[2.363s] -- Found ZIP: TRUE  
[2.364s] -- Looking for ignition-common3 -- found version 3.14.0
[2.365s] -- Looking for ignition-math6 -- found version 6.15.1
[2.366s] -- Looking for ignition-msgs5 -- found version 5.8.1
[2.377s] -- Found gazebo_ros_pkgs: 3.7.0 (/opt/ros/humble/share/gazebo_ros_pkgs/cmake)
[2.379s] -- Found geometry_msgs: 4.2.4 (/opt/ros/humble/share/geometry_msgs/cmake)
[2.414s] -- Found rosidl_generator_c: 3.1.5 (/opt/ros/humble/share/rosidl_generator_c/cmake)
[2.420s] -- Found rosidl_adapter: 3.1.5 (/opt/ros/humble/share/rosidl_adapter/cmake)
[2.430s] -- Found rosidl_generator_cpp: 3.1.5 (/opt/ros/humble/share/rosidl_generator_cpp/cmake)
[2.448s] -- Using all available rosidl_typesupport_c: rosidl_typesupport_fastrtps_c;rosidl_typesupport_introspection_c
[2.473s] -- Using all available rosidl_typesupport_cpp: rosidl_typesupport_fastrtps_cpp;rosidl_typesupport_introspection_cpp
[2.599s] -- Found nav_msgs: 4.2.4 (/opt/ros/humble/share/nav_msgs/cmake)
[2.682s] -- Found rclcpp: 16.0.9 (/opt/ros/humble/share/rclcpp/cmake)
[2.773s] -- Found rmw_implementation_cmake: 6.1.2 (/opt/ros/humble/share/rmw_implementation_cmake/cmake)
[2.777s] -- Found rmw_fastrtps_cpp: 6.2.6 (/opt/ros/humble/share/rmw_fastrtps_cpp/cmake)
[2.933s] -- Found OpenSSL: /usr/lib/x86_64-linux-gnu/libcrypto.so (found version "3.0.2")  
[2.972s] -- Found FastRTPS: /opt/ros/humble/include  
[3.041s] -- Using RMW implementation 'rmw_fastrtps_cpp' as default
[3.054s] -- Found Threads: TRUE  
[3.211s] -- Found sensor_msgs: 4.2.4 (/opt/ros/humble/share/sensor_msgs/cmake)
[3.288s] -- Found tf2: 0.25.7 (/opt/ros/humble/share/tf2/cmake)
[3.402s] -- Configuring done
[3.496s] -- Generating done
[3.500s] -- Build files have been written to: /home/tarun_56/multibot_ws/build/turtlebot3_gazebo
[3.518s] Invoked command in '/home/tarun_56/multibot_ws/build/turtlebot3_gazebo' returned '0': CMAKE_PREFIX_PATH=/opt/ros/humble /usr/bin/cmake /home/tarun_56/multibot_ws/src/turtlebot3_gazebo -DAMENT_CMAKE_SYMLINK_INSTALL=1 -DCMAKE_INSTALL_PREFIX=/home/tarun_56/multibot_ws/install/turtlebot3_gazebo
[3.518s] Invoking command in '/home/tarun_56/multibot_ws/build/turtlebot3_gazebo': CMAKE_PREFIX_PATH=/opt/ros/humble /usr/bin/cmake --build /home/tarun_56/multibot_ws/build/turtlebot3_gazebo -- -j4 -l4
[3.597s] [ 12%] [32mBuilding CXX object CMakeFiles/turtlebot3_drive.dir/src/turtlebot3_drive.cpp.o[0m
[3.607s] [ 25%] [32mBuilding CXX object CMakeFiles/obstacle2.dir/models/turtlebot3_dqn_world/obstacle_plugin/obstacle2.cc.o[0m
[3.614s] [ 37%] [32mBuilding CXX object CMakeFiles/obstacles.dir/models/turtlebot3_dqn_world/obstacle_plugin/obstacles.cc.o[0m
[3.628s] [ 50%] [32mBuilding CXX object CMakeFiles/obstacle1.dir/models/turtlebot3_dqn_world/obstacle_plugin/obstacle1.cc.o[0m
[22.560s] [ 62%] [32m[1mLinking CXX executable turtlebot3_drive[0m
[23.691s] [ 62%] Built target turtlebot3_drive
[24.561s] [ 75%] [32m[1mLinking CXX shared library libobstacle2.so[0m
[24.703s] [ 87%] [32m[1mLinking CXX shared library libobstacles.so[0m
[24.897s] [100%] [32m[1mLinking CXX shared library libobstacle1.so[0m
[25.114s] [100%] Built target obstacle2
[25.136s] [100%] Built target obstacles
[25.250s] [100%] Built target obstacle1
[25.268s] Invoked command in '/home/tarun_56/multibot_ws/build/turtlebot3_gazebo' returned '0': CMAKE_PREFIX_PATH=/opt/ros/humble /usr/bin/cmake --build /home/tarun_56/multibot_ws/build/turtlebot3_gazebo -- -j4 -l4
[25.342s] Invoking command in '/home/tarun_56/multibot_ws/build/turtlebot3_gazebo': CMAKE_PREFIX_PATH=/opt/ros/humble /usr/bin/cmake --install /home/tarun_56/multibot_ws/build/turtlebot3_gazebo
[25.355s] -- Install configuration: ""
[25.356s] -- Execute custom install script
[25.357s] -- Symlinking: /home/tarun_56/multibot_ws/install/turtlebot3_gazebo/lib/turtlebot3_gazebo/turtlebot3_drive
[25.375s] -- Symlinking: /home/tarun_56/multibot_ws/install/turtlebot3_gazebo/share/turtlebot3_gazebo//launch/empty_world.launch.py
[25.388s] -- Symlinking: /home/tarun_56/multibot_ws/install/turtlebot3_gazebo/share/turtlebot3_gazebo//launch/robot_state_publisher.launch.py
[25.403s] -- Symlinking: /home/tarun_56/multibot_ws/install/turtlebot3_gazebo/share/turtlebot3_gazebo//launch/spawn_turtlebot3.launch.py
[25.423s] -- Symlinking: /home/tarun_56/multibot_ws/install/turtlebot3_gazebo/share/turtlebot3_gazebo//launch/turtlebot3_dqn_stage1.launch.py
[25.437s] -- Symlinking: /home/tarun_56/multibot_ws/install/turtlebot3_gazebo/share/turtlebot3_gazebo//launch/turtlebot3_dqn_stage2.launch.py
[25.456s] -- Symlinking: /home/tarun_56/multibot_ws/install/turtlebot3_gazebo/share/turtlebot3_gazebo//launch/turtlebot3_dqn_stage3.launch.py
[25.472s] -- Symlinking: /home/tarun_56/multibot_ws/install/turtlebot3_gazebo/share/turtlebot3_gazebo//launch/turtlebot3_dqn_stage4.launch.py
[25.487s] -- Symlinking: /home/tarun_56/multibot_ws/install/turtlebot3_gazebo/share/turtlebot3_gazebo//launch/turtlebot3_house.launch.py
[25.500s] -- Symlinking: /home/tarun_56/multibot_ws/install/turtlebot3_gazebo/share/turtlebot3_gazebo//launch/turtlebot3_world.launch.py
[25.514s] -- Symlinking: /home/tarun_56/multibot_ws/install/turtlebot3_gazebo/share/turtlebot3_gazebo//models/turtlebot3_burger/model-1_4.sdf
[25.528s] -- Symlinking: /home/tarun_56/multibot_ws/install/turtlebot3_gazebo/share/turtlebot3_gazebo//models/turtlebot3_burger/model.config
[25.543s] -- Symlinking: /home/tarun_56/multibot_ws/install/turtlebot3_gazebo/share/turtlebot3_gazebo//models/turtlebot3_burger/model.sdf
[25.555s] -- Symlinking: /home/tarun_56/multibot_ws/install/turtlebot3_gazebo/share/turtlebot3_gazebo//models/turtlebot3_common/meshes/burger_base.dae
[25.570s] -- Symlinking: /home/tarun_56/multibot_ws/install/turtlebot3_gazebo/share/turtlebot3_gazebo//models/turtlebot3_common/meshes/lds.dae
[25.587s] -- Symlinking: /home/tarun_56/multibot_ws/install/turtlebot3_gazebo/share/turtlebot3_gazebo//models/turtlebot3_common/meshes/r200.dae
[25.600s] -- Symlinking: /home/tarun_56/multibot_ws/install/turtlebot3_gazebo/share/turtlebot3_gazebo//models/turtlebot3_common/meshes/tire.dae
[25.617s] -- Symlinking: /home/tarun_56/multibot_ws/install/turtlebot3_gazebo/share/turtlebot3_gazebo//models/turtlebot3_common/meshes/waffle_base.dae
[25.630s] -- Symlinking: /home/tarun_56/multibot_ws/install/turtlebot3_gazebo/share/turtlebot3_gazebo//models/turtlebot3_common/meshes/waffle_pi_base.dae
[25.646s] -- Symlinking: /home/tarun_56/multibot_ws/install/turtlebot3_gazebo/share/turtlebot3_gazebo//models/turtlebot3_common/model.config
[25.661s] -- Symlinking: /home/tarun_56/multibot_ws/install/turtlebot3_gazebo/share/turtlebot3_gazebo//models/turtlebot3_dqn_world/goal_box/model.config
[25.676s] -- Symlinking: /home/tarun_56/multibot_ws/install/turtlebot3_gazebo/share/turtlebot3_gazebo//models/turtlebot3_dqn_world/goal_box/model.sdf
[25.690s] -- Symlinking: /home/tarun_56/multibot_ws/install/turtlebot3_gazebo/share/turtlebot3_gazebo//models/turtlebot3_dqn_world/inner_walls/model.config
[25.706s] -- Symlinking: /home/tarun_56/multibot_ws/install/turtlebot3_gazebo/share/turtlebot3_gazebo//models/turtlebot3_dqn_world/inner_walls/model.sdf
[25.719s] -- Symlinking: /home/tarun_56/multibot_ws/install/turtlebot3_gazebo/share/turtlebot3_gazebo//models/turtlebot3_dqn_world/model.config
[25.735s] -- Symlinking: /home/tarun_56/multibot_ws/install/turtlebot3_gazebo/share/turtlebot3_gazebo//models/turtlebot3_dqn_world/model.sdf
[25.748s] -- Symlinking: /home/tarun_56/multibot_ws/install/turtlebot3_gazebo/share/turtlebot3_gazebo//models/turtlebot3_dqn_world/obstacle1/model.config
[25.767s] -- Symlinking: /home/tarun_56/multibot_ws/install/turtlebot3_gazebo/share/turtlebot3_gazebo//models/turtlebot3_dqn_world/obstacle1/model.sdf
[25.783s] -- Symlinking: /home/tarun_56/multibot_ws/install/turtlebot3_gazebo/share/turtlebot3_gazebo//models/turtlebot3_dqn_world/obstacle2/model.config
[25.798s] -- Symlinking: /home/tarun_56/multibot_ws/install/turtlebot3_gazebo/share/turtlebot3_gazebo//models/turtlebot3_dqn_world/obstacle2/model.sdf
[25.810s] -- Symlinking: /home/tarun_56/multibot_ws/install/turtlebot3_gazebo/share/turtlebot3_gazebo//models/turtlebot3_dqn_world/obstacle_plugin/CMakeLists.txt
[25.823s] -- Symlinking: /home/tarun_56/multibot_ws/install/turtlebot3_gazebo/share/turtlebot3_gazebo//models/turtlebot3_dqn_world/obstacle_plugin/obstacle1.cc
[25.839s] -- Symlinking: /home/tarun_56/multibot_ws/install/turtlebot3_gazebo/share/turtlebot3_gazebo//models/turtlebot3_dqn_world/obstacle_plugin/obstacle2.cc
[25.853s] -- Symlinking: /home/tarun_56/multibot_ws/install/turtlebot3_gazebo/share/turtlebot3_gazebo//models/turtlebot3_dqn_world/obstacle_plugin/obstacles.cc
[25.873s] -- Symlinking: /home/tarun_56/multibot_ws/install/turtlebot3_gazebo/share/turtlebot3_gazebo//models/turtlebot3_dqn_world/obstacles/model.config
[25.886s] -- Symlinking: /home/tarun_56/multibot_ws/install/turtlebot3_gazebo/share/turtlebot3_gazebo//models/turtlebot3_dqn_world/obstacles/model.sdf
[25.903s] -- Symlinking: /home/tarun_56/multibot_ws/install/turtlebot3_gazebo/share/turtlebot3_gazebo//models/turtlebot3_house/model.config
[25.965s] -- Symlinking: /home/tarun_56/multibot_ws/install/turtlebot3_gazebo/share/turtlebot3_gazebo//models/turtlebot3_house/model.sdf
[25.984s] -- Symlinking: /home/tarun_56/multibot_ws/install/turtlebot3_gazebo/share/turtlebot3_gazebo//models/turtlebot3_waffle/model-1_4.sdf
[26.000s] -- Symlinking: /home/tarun_56/multibot_ws/install/turtlebot3_gazebo/share/turtlebot3_gazebo//models/turtlebot3_waffle/model.config
[26.018s] -- Symlinking: /home/tarun_56/multibot_ws/install/turtlebot3_gazebo/share/turtlebot3_gazebo//models/turtlebot3_waffle/model.sdf
[26.037s] -- Symlinking: /home/tarun_56/multibot_ws/install/turtlebot3_gazebo/share/turtlebot3_gazebo//models/turtlebot3_waffle_pi/model-1_4_.sdf
[26.056s] -- Symlinking: /home/tarun_56/multibot_ws/install/turtlebot3_gazebo/share/turtlebot3_gazebo//models/turtlebot3_waffle_pi/model.config
[26.073s] -- Symlinking: /home/tarun_56/multibot_ws/install/turtlebot3_gazebo/share/turtlebot3_gazebo//models/turtlebot3_waffle_pi/model.sdf
[26.087s] -- Symlinking: /home/tarun_56/multibot_ws/install/turtlebot3_gazebo/share/turtlebot3_gazebo//models/turtlebot3_world/meshes/hexagon.dae
[26.102s] -- Symlinking: /home/tarun_56/multibot_ws/install/turtlebot3_gazebo/share/turtlebot3_gazebo//models/turtlebot3_world/meshes/wall.dae
[26.115s] -- Symlinking: /home/tarun_56/multibot_ws/install/turtlebot3_gazebo/share/turtlebot3_gazebo//models/turtlebot3_world/model-1_4.sdf
[26.128s] -- Symlinking: /home/tarun_56/multibot_ws/install/turtlebot3_gazebo/share/turtlebot3_gazebo//models/turtlebot3_world/model.config
[26.139s] -- Symlinking: /home/tarun_56/multibot_ws/install/turtlebot3_gazebo/share/turtlebot3_gazebo//models/turtlebot3_world/model.sdf
[26.151s] -- Symlinking: /home/tarun_56/multibot_ws/install/turtlebot3_gazebo/share/turtlebot3_gazebo//rviz/tb3_gazebo.rviz
[26.163s] -- Symlinking: /home/tarun_56/multibot_ws/install/turtlebot3_gazebo/share/turtlebot3_gazebo//urdf/common_properties.urdf
[26.174s] -- Symlinking: /home/tarun_56/multibot_ws/install/turtlebot3_gazebo/share/turtlebot3_gazebo//urdf/turtlebot3_burger.urdf
[26.185s] -- Symlinking: /home/tarun_56/multibot_ws/install/turtlebot3_gazebo/share/turtlebot3_gazebo//urdf/turtlebot3_waffle.urdf
[26.199s] -- Symlinking: /home/tarun_56/multibot_ws/install/turtlebot3_gazebo/share/turtlebot3_gazebo//urdf/turtlebot3_waffle_pi.urdf
[26.210s] -- Symlinking: /home/tarun_56/multibot_ws/install/turtlebot3_gazebo/share/turtlebot3_gazebo//worlds/empty_world.world
[26.225s] -- Symlinking: /home/tarun_56/multibot_ws/install/turtlebot3_gazebo/share/turtlebot3_gazebo//worlds/turtlebot3_dqn_stage1.world
[26.236s] -- Symlinking: /home/tarun_56/multibot_ws/install/turtlebot3_gazebo/share/turtlebot3_gazebo//worlds/turtlebot3_dqn_stage2.world
[26.247s] -- Symlinking: /home/tarun_56/multibot_ws/install/turtlebot3_gazebo/share/turtlebot3_gazebo//worlds/turtlebot3_dqn_stage3.world
[26.263s] -- Symlinking: /home/tarun_56/multibot_ws/install/turtlebot3_gazebo/share/turtlebot3_gazebo//worlds/turtlebot3_dqn_stage4.world
[26.274s] -- Symlinking: /home/tarun_56/multibot_ws/install/turtlebot3_gazebo/share/turtlebot3_gazebo//worlds/turtlebot3_house.world
[26.290s] -- Symlinking: /home/tarun_56/multibot_ws/install/turtlebot3_gazebo/share/turtlebot3_gazebo//worlds/turtlebot3_world.world
[26.304s] -- Symlinking: /home/tarun_56/multibot_ws/install/turtlebot3_gazebo/include//turtlebot3_gazebo/turtlebot3_drive.hpp
[26.320s] -- Symlinking: /home/tarun_56/multibot_ws/install/turtlebot3_gazebo/share/ament_index/resource_index/package_run_dependencies/turtlebot3_gazebo
[26.333s] -- Symlinking: /home/tarun_56/multibot_ws/install/turtlebot3_gazebo/share/ament_index/resource_index/parent_prefix_path/turtlebot3_gazebo
[26.348s] -- Symlinking: /home/tarun_56/multibot_ws/install/turtlebot3_gazebo/share/turtlebot3_gazebo/environment/ament_prefix_path.sh
[26.364s] -- Symlinking: /home/tarun_56/multibot_ws/install/turtlebot3_gazebo/share/turtlebot3_gazebo/environment/ament_prefix_path.dsv
[26.375s] -- Symlinking: /home/tarun_56/multibot_ws/install/turtlebot3_gazebo/share/turtlebot3_gazebo/environment/path.sh
[26.387s] -- Symlinking: /home/tarun_56/multibot_ws/install/turtlebot3_gazebo/share/turtlebot3_gazebo/environment/path.dsv
[26.399s] -- Symlinking: /home/tarun_56/multibot_ws/install/turtlebot3_gazebo/share/turtlebot3_gazebo/local_setup.bash
[26.411s] -- Symlinking: /home/tarun_56/multibot_ws/install/turtlebot3_gazebo/share/turtlebot3_gazebo/local_setup.sh
[26.430s] -- Symlinking: /home/tarun_56/multibot_ws/install/turtlebot3_gazebo/share/turtlebot3_gazebo/local_setup.zsh
[26.450s] -- Symlinking: /home/tarun_56/multibot_ws/install/turtlebot3_gazebo/share/turtlebot3_gazebo/local_setup.dsv
[26.464s] -- Symlinking: /home/tarun_56/multibot_ws/install/turtlebot3_gazebo/share/turtlebot3_gazebo/package.dsv
[26.476s] -- Symlinking: /home/tarun_56/multibot_ws/install/turtlebot3_gazebo/share/ament_index/resource_index/packages/turtlebot3_gazebo
[26.490s] -- Symlinking: /home/tarun_56/multibot_ws/install/turtlebot3_gazebo/share/turtlebot3_gazebo/cmake/ament_cmake_export_include_directories-extras.cmake
[26.504s] -- Symlinking: /home/tarun_56/multibot_ws/install/turtlebot3_gazebo/share/turtlebot3_gazebo/cmake/ament_cmake_export_dependencies-extras.cmake
[26.517s] -- Symlinking: /home/tarun_56/multibot_ws/install/turtlebot3_gazebo/share/turtlebot3_gazebo/cmake/turtlebot3_gazeboConfig.cmake
[26.533s] -- Symlinking: /home/tarun_56/multibot_ws/install/turtlebot3_gazebo/share/turtlebot3_gazebo/cmake/turtlebot3_gazeboConfig-version.cmake
[26.548s] -- Symlinking: /home/tarun_56/multibot_ws/install/turtlebot3_gazebo/share/turtlebot3_gazebo/package.xml
[26.567s] Invoked command in '/home/tarun_56/multibot_ws/build/turtlebot3_gazebo' returned '0': CMAKE_PREFIX_PATH=/opt/ros/humble /usr/bin/cmake --install /home/tarun_56/multibot_ws/build/turtlebot3_gazebo
