[0.218s] Invoking command in '/home/tarun/CustomMultibot/build/nav2_bringup': CMAKE_PREFIX_PATH=/opt/ros/humble /usr/bin/cmake /home/tarun/CustomMultibot/src/nav2_bringup -DCMAKE_INSTALL_PREFIX=/home/tarun/CustomMultibot/install/nav2_bringup
[0.261s] -- The C compiler identification is GNU 11.4.0
[0.306s] -- The CXX compiler identification is GNU 11.4.0
[0.312s] -- Detecting C compiler ABI info
[0.373s] -- Detecting C compiler ABI info - done
[0.378s] -- Check for working C compiler: /usr/bin/cc - skipped
[0.378s] -- Detecting C compile features
[0.379s] -- Detecting C compile features - done
[0.381s] -- Detecting CXX compiler ABI info
[0.454s] -- Detecting CXX compiler ABI info - done
[0.459s] -- Check for working CXX compiler: /usr/bin/c++ - skipped
[0.460s] -- Detecting CXX compile features
[0.460s] -- Detecting CXX compile features - done
[0.462s] -- Found ament_cmake: 1.3.10 (/opt/ros/humble/share/ament_cmake/cmake)
[0.589s] -- Found Python3: /usr/bin/python3 (found version "3.10.12") found components: Interpreter 
[0.674s] -- Found nav2_common: 1.1.16 (/opt/ros/humble/share/nav2_common/cmake)
[0.676s] -- Found navigation2: 1.1.16 (/opt/ros/humble/share/navigation2/cmake)
[0.676s] -- Setting build type to Release as none was specified.
[0.677s] -- Found ament_lint_auto: 0.12.11 (/opt/ros/humble/share/ament_lint_auto/cmake)
[0.777s] -- Added test 'copyright' to check source files copyright and LICENSE
[0.781s] -- Added test 'flake8' to check Python code syntax and style conventions
[0.782s] -- Added test 'lint_cmake' to check CMake code style
[0.782s] -- Added test 'pep257' to check Python code against some of the docstring style conventions in PEP 257
[0.784s] -- Added test 'xmllint' to check XML markup files
[0.785s] -- Configuring done
[0.788s] -- Generating done
[0.788s] -- Build files have been written to: /home/tarun/CustomMultibot/build/nav2_bringup
[0.793s] Invoked command in '/home/tarun/CustomMultibot/build/nav2_bringup' returned '0': CMAKE_PREFIX_PATH=/opt/ros/humble /usr/bin/cmake /home/tarun/CustomMultibot/src/nav2_bringup -DCMAKE_INSTALL_PREFIX=/home/tarun/CustomMultibot/install/nav2_bringup
[0.794s] Invoking command in '/home/tarun/CustomMultibot/build/nav2_bringup': CMAKE_PREFIX_PATH=/opt/ros/humble /usr/bin/cmake --build /home/tarun/CustomMultibot/build/nav2_bringup -- -j12 -l12
[0.830s] Invoked command in '/home/tarun/CustomMultibot/build/nav2_bringup' returned '0': CMAKE_PREFIX_PATH=/opt/ros/humble /usr/bin/cmake --build /home/tarun/CustomMultibot/build/nav2_bringup -- -j12 -l12
[0.859s] Invoking command in '/home/tarun/CustomMultibot/build/nav2_bringup': CMAKE_PREFIX_PATH=/opt/ros/humble /usr/bin/cmake --install /home/tarun/CustomMultibot/build/nav2_bringup
[0.867s] -- Install configuration: "Release"
[0.867s] -- Installing: /home/tarun/CustomMultibot/install/nav2_bringup/share/nav2_bringup/launch
[0.867s] -- Installing: /home/tarun/CustomMultibot/install/nav2_bringup/share/nav2_bringup/launch/tb3_simulation_launch.py
[0.867s] -- Installing: /home/tarun/CustomMultibot/install/nav2_bringup/share/nav2_bringup/launch/slam_launch.py
[0.867s] -- Installing: /home/tarun/CustomMultibot/install/nav2_bringup/share/nav2_bringup/launch/navigation_launch.py
[0.867s] -- Installing: /home/tarun/CustomMultibot/install/nav2_bringup/share/nav2_bringup/launch/map_filters_launch.py
[0.867s] -- Installing: /home/tarun/CustomMultibot/install/nav2_bringup/share/nav2_bringup/launch/cloned_multi_tb3_simulation_launch.py
[0.868s] -- Installing: /home/tarun/CustomMultibot/install/nav2_bringup/share/nav2_bringup/launch/localization_launch.py
[0.868s] -- Installing: /home/tarun/CustomMultibot/install/nav2_bringup/share/nav2_bringup/launch/warehouse_multibot_launch.py
[0.868s] -- Installing: /home/tarun/CustomMultibot/install/nav2_bringup/share/nav2_bringup/launch/unique_multi_tb3_simulation_launch.py
[0.868s] -- Installing: /home/tarun/CustomMultibot/install/nav2_bringup/share/nav2_bringup/launch/bringup_launch.py
[0.868s] -- Installing: /home/tarun/CustomMultibot/install/nav2_bringup/share/nav2_bringup/launch/rviz_launch.py
[0.868s] -- Installing: /home/tarun/CustomMultibot/install/nav2_bringup/share/nav2_bringup/maps
[0.868s] -- Installing: /home/tarun/CustomMultibot/install/nav2_bringup/share/nav2_bringup/maps/turtlebot3_world.pgm
[0.868s] -- Installing: /home/tarun/CustomMultibot/install/nav2_bringup/share/nav2_bringup/maps/keepout_mask.yaml
[0.869s] -- Installing: /home/tarun/CustomMultibot/install/nav2_bringup/share/nav2_bringup/maps/keepout_mask.pgm
[0.869s] -- Installing: /home/tarun/CustomMultibot/install/nav2_bringup/share/nav2_bringup/maps/new_warehouse_save.pgm
[0.869s] -- Installing: /home/tarun/CustomMultibot/install/nav2_bringup/share/nav2_bringup/maps/new_warehouse_save.yaml
[0.869s] -- Installing: /home/tarun/CustomMultibot/install/nav2_bringup/share/nav2_bringup/maps/turtlebot3_world.yaml
[0.869s] -- Installing: /home/tarun/CustomMultibot/install/nav2_bringup/share/nav2_bringup/rviz
[0.869s] -- Installing: /home/tarun/CustomMultibot/install/nav2_bringup/share/nav2_bringup/rviz/nav2_namespaced_view.rviz
[0.869s] -- Installing: /home/tarun/CustomMultibot/install/nav2_bringup/share/nav2_bringup/rviz/nav2_default_view.rviz
[0.869s] -- Installing: /home/tarun/CustomMultibot/install/nav2_bringup/share/nav2_bringup/worlds
[0.869s] -- Installing: /home/tarun/CustomMultibot/install/nav2_bringup/share/nav2_bringup/worlds/world_only.model
[0.870s] -- Installing: /home/tarun/CustomMultibot/install/nav2_bringup/share/nav2_bringup/worlds/warehouse.world
[0.870s] -- Installing: /home/tarun/CustomMultibot/install/nav2_bringup/share/nav2_bringup/worlds/waffle.model
[0.870s] -- Installing: /home/tarun/CustomMultibot/install/nav2_bringup/share/nav2_bringup/params
[0.870s] -- Installing: /home/tarun/CustomMultibot/install/nav2_bringup/share/nav2_bringup/params/nav2_multirobot_params_2.yaml
[0.870s] -- Installing: /home/tarun/CustomMultibot/install/nav2_bringup/share/nav2_bringup/params/nav2_multirobot_params_all.yaml
[0.870s] -- Installing: /home/tarun/CustomMultibot/install/nav2_bringup/share/nav2_bringup/params/nav2_params.yaml
[0.871s] -- Installing: /home/tarun/CustomMultibot/install/nav2_bringup/share/nav2_bringup/params/map_filter_params.yaml
[0.871s] -- Installing: /home/tarun/CustomMultibot/install/nav2_bringup/share/nav2_bringup/params/nav2_multirobot_params_1.yaml
[0.871s] -- Installing: /home/tarun/CustomMultibot/install/nav2_bringup/share/nav2_bringup/urdf
[0.871s] -- Installing: /home/tarun/CustomMultibot/install/nav2_bringup/share/nav2_bringup/urdf/turtlebot3_waffle.urdf
[0.871s] -- Installing: /home/tarun/CustomMultibot/install/nav2_bringup/share/ament_index/resource_index/package_run_dependencies/nav2_bringup
[0.871s] -- Installing: /home/tarun/CustomMultibot/install/nav2_bringup/share/ament_index/resource_index/parent_prefix_path/nav2_bringup
[0.871s] -- Installing: /home/tarun/CustomMultibot/install/nav2_bringup/share/nav2_bringup/environment/ament_prefix_path.sh
[0.872s] -- Installing: /home/tarun/CustomMultibot/install/nav2_bringup/share/nav2_bringup/environment/ament_prefix_path.dsv
[0.872s] -- Installing: /home/tarun/CustomMultibot/install/nav2_bringup/share/nav2_bringup/environment/path.sh
[0.872s] -- Installing: /home/tarun/CustomMultibot/install/nav2_bringup/share/nav2_bringup/environment/path.dsv
[0.872s] -- Installing: /home/tarun/CustomMultibot/install/nav2_bringup/share/nav2_bringup/local_setup.bash
[0.872s] -- Installing: /home/tarun/CustomMultibot/install/nav2_bringup/share/nav2_bringup/local_setup.sh
[0.872s] -- Installing: /home/tarun/CustomMultibot/install/nav2_bringup/share/nav2_bringup/local_setup.zsh
[0.872s] -- Installing: /home/tarun/CustomMultibot/install/nav2_bringup/share/nav2_bringup/local_setup.dsv
[0.873s] -- Installing: /home/tarun/CustomMultibot/install/nav2_bringup/share/nav2_bringup/package.dsv
[0.873s] -- Installing: /home/tarun/CustomMultibot/install/nav2_bringup/share/ament_index/resource_index/packages/nav2_bringup
[0.873s] -- Installing: /home/tarun/CustomMultibot/install/nav2_bringup/share/nav2_bringup/cmake/nav2_bringupConfig.cmake
[0.873s] -- Installing: /home/tarun/CustomMultibot/install/nav2_bringup/share/nav2_bringup/cmake/nav2_bringupConfig-version.cmake
[0.873s] -- Installing: /home/tarun/CustomMultibot/install/nav2_bringup/share/nav2_bringup/package.xml
[0.875s] Invoked command in '/home/tarun/CustomMultibot/build/nav2_bringup' returned '0': CMAKE_PREFIX_PATH=/opt/ros/humble /usr/bin/cmake --install /home/tarun/CustomMultibot/build/nav2_bringup
