[1.159s] Invoking command in '/home/tarun_56/multibot_ws/build/follow_waypoints': PYTHONPATH=/home/tarun_56/multibot_ws/build/follow_waypoints/prefix_override:/usr/lib/python3/dist-packages/colcon_core/task/python/colcon_distutils_commands:/home/tarun_56/multibot_ws/install/follow_waypoints/lib/python3.10/site-packages:${PYTHONPATH} /usr/bin/python3 -W ignore:setup.py install is deprecated setup.py develop --editable --build-directory /home/tarun_56/multibot_ws/build/follow_waypoints/build --no-deps symlink_data
[1.455s] running develop
[1.649s] running egg_info
[1.649s] creating follow_waypoints.egg-info
[1.650s] writing follow_waypoints.egg-info/PKG-INFO
[1.651s] writing dependency_links to follow_waypoints.egg-info/dependency_links.txt
[1.651s] writing entry points to follow_waypoints.egg-info/entry_points.txt
[1.652s] writing requirements to follow_waypoints.egg-info/requires.txt
[1.652s] writing top-level names to follow_waypoints.egg-info/top_level.txt
[1.652s] writing manifest file 'follow_waypoints.egg-info/SOURCES.txt'
[1.654s] reading manifest file 'follow_waypoints.egg-info/SOURCES.txt'
[1.655s] writing manifest file 'follow_waypoints.egg-info/SOURCES.txt'
[1.656s] running build_ext
[1.657s] Creating /home/tarun_56/multibot_ws/install/follow_waypoints/lib/python3.10/site-packages/follow-waypoints.egg-link (link to .)
[1.658s] Installing follow_waypoints_exe script to /home/tarun_56/multibot_ws/install/follow_waypoints/lib/follow_waypoints
[1.658s] Installing go_to_points_exe script to /home/tarun_56/multibot_ws/install/follow_waypoints/lib/follow_waypoints
[1.659s] 
[1.659s] Installed /home/tarun_56/multibot_ws/build/follow_waypoints
[1.659s] running symlink_data
[1.659s] creating /home/tarun_56/multibot_ws/install/follow_waypoints/share/ament_index
[1.659s] creating /home/tarun_56/multibot_ws/install/follow_waypoints/share/ament_index/resource_index
[1.660s] creating /home/tarun_56/multibot_ws/install/follow_waypoints/share/ament_index/resource_index/packages
[1.660s] symbolically linking /home/tarun_56/multibot_ws/build/follow_waypoints/resource/follow_waypoints -> /home/tarun_56/multibot_ws/install/follow_waypoints/share/ament_index/resource_index/packages
[1.660s] symbolically linking /home/tarun_56/multibot_ws/build/follow_waypoints/package.xml -> /home/tarun_56/multibot_ws/install/follow_waypoints/share/follow_waypoints
[1.661s] creating /home/tarun_56/multibot_ws/install/follow_waypoints/share/follow_waypoints/config
[1.661s] symbolically linking /home/tarun_56/multibot_ws/build/follow_waypoints/config/follow_waypoints.yaml -> /home/tarun_56/multibot_ws/install/follow_waypoints/share/follow_waypoints/config
[1.692s] Invoked command in '/home/tarun_56/multibot_ws/build/follow_waypoints' returned '0': PYTHONPATH=/home/tarun_56/multibot_ws/build/follow_waypoints/prefix_override:/usr/lib/python3/dist-packages/colcon_core/task/python/colcon_distutils_commands:/home/tarun_56/multibot_ws/install/follow_waypoints/lib/python3.10/site-packages:${PYTHONPATH} /usr/bin/python3 -W ignore:setup.py install is deprecated setup.py develop --editable --build-directory /home/tarun_56/multibot_ws/build/follow_waypoints/build --no-deps symlink_data
