[0.018s] Invoking command in '/home/tarun/CustomMultibot/build/turtlebot3_gazebo': CMAKE_PREFIX_PATH=/opt/ros/humble /usr/bin/cmake /home/tarun/CustomMultibot/src/turtlebot3_gazebo -DAMENT_CMAKE_SYMLINK_INSTALL=1 -DCMAKE_INSTALL_PREFIX=/home/tarun/CustomMultibot/install/turtlebot3_gazebo
[0.229s] -- Found ament_cmake: 1.3.10 (/opt/ros/humble/share/ament_cmake/cmake)
[0.229s] -- Override CMake install command with custom implementation using symlinks instead of copying resources
[0.229s] -- Found DART: /usr/include (Required is at least version "6.6") found components: dart 
[0.229s] -- Found Protobuf: /usr/lib/x86_64-linux-gnu/libprotobuf.so (found version "3.12.4") 
[0.229s] -- Looking for ignition-math6 -- found version 6.15.1
[0.229s] -- Searching for dependencies of ignition-math6
[0.229s] -- Looking for OGRE...
[0.229s] -- Found Ogre Ghadamon (1.9.0)
[0.229s] -- Found OGRE: optimized;/usr/lib/x86_64-linux-gnu/libOgreMain.so;debug;/usr/lib/x86_64-linux-gnu/libOgreMain.so
[0.229s] -- Looking for OGRE_Paging...
[0.230s] -- Found OGRE_Paging: optimized;/usr/lib/x86_64-linux-gnu/libOgrePaging.so;debug;/usr/lib/x86_64-linux-gnu/libOgrePaging.so
[0.230s] -- Looking for OGRE_Terrain...
[0.230s] -- Found OGRE_Terrain: optimized;/usr/lib/x86_64-linux-gnu/libOgreTerrain.so;debug;/usr/lib/x86_64-linux-gnu/libOgreTerrain.so
[0.230s] -- Looking for OGRE_Property...
[0.230s] -- Found OGRE_Property: optimized;/usr/lib/x86_64-linux-gnu/libOgreProperty.so;debug;/usr/lib/x86_64-linux-gnu/libOgreProperty.so
[0.230s] -- Looking for OGRE_RTShaderSystem...
[0.230s] -- Found OGRE_RTShaderSystem: optimized;/usr/lib/x86_64-linux-gnu/libOgreRTShaderSystem.so;debug;/usr/lib/x86_64-linux-gnu/libOgreRTShaderSystem.so
[0.230s] -- Looking for OGRE_Volume...
[0.230s] -- Found OGRE_Volume: optimized;/usr/lib/x86_64-linux-gnu/libOgreVolume.so;debug;/usr/lib/x86_64-linux-gnu/libOgreVolume.so
[0.230s] -- Looking for OGRE_Overlay...
[0.230s] -- Found OGRE_Overlay: optimized;/usr/lib/x86_64-linux-gnu/libOgreOverlay.so;debug;/usr/lib/x86_64-linux-gnu/libOgreOverlay.so
[0.230s] [33mCMake Warning (dev) at /usr/share/cmake-3.22/Modules/FindPackageHandleStandardArgs.cmake:438 (message):
[0.231s]   The package name passed to `find_package_handle_standard_args` (PkgConfig)
[0.231s]   does not match the name of the calling package (gazebo).  This can lead to
[0.231s]   problems in calling code that expects `find_package` result variables
[0.231s]   (e.g., `_FOUND`) to follow a certain pattern.
[0.231s] Call Stack (most recent call first):
[0.231s]   /usr/share/cmake-3.22/Modules/FindPkgConfig.cmake:99 (find_package_handle_standard_args)
[0.231s]   /usr/lib/x86_64-linux-gnu/cmake/gazebo/gazebo-config.cmake:72 (include)
[0.231s]   CMakeLists.txt:23 (find_package)
[0.231s] This warning is for project developers.  Use -Wno-dev to suppress it.
[0.231s] [0m
[0.280s] -- Looking for ignition-math6 -- found version 6.15.1
[0.280s] -- Looking for ignition-transport8 -- found version 8.2.1
[0.280s] -- Searching for dependencies of ignition-transport8
[0.299s] -- Found Protobuf: /usr/lib/x86_64-linux-gnu/libprotobuf.so (found suitable version "3.12.4", minimum required is "3") 
[0.311s] -- Config-file not installed for ZeroMQ -- checking for pkg-config
[0.315s] -- Checking for module 'libzmq >= 4'
[0.328s] --   Found libzmq , version 4.3.4
[0.369s] -- Checking for module 'uuid'
[0.382s] --   Found uuid, version 2.37.2
[0.414s] -- Looking for ignition-msgs5 -- found version 5.8.1
[0.414s] -- Searching for dependencies of ignition-msgs5
[0.434s] -- Looking for ignition-math6 -- found version 6.15.1
[0.439s] -- Checking for module 'tinyxml2'
[0.451s] --   Found tinyxml2, version 9.0.0
[0.482s] -- Looking for ignition-msgs5 -- found version 5.8.1
[0.482s] -- Looking for ignition-common3 -- found version 3.14.0
[0.482s] -- Searching for dependencies of ignition-common3
[0.483s] -- Looking for dlfcn.h - found
[0.483s] -- Looking for libdl - found
[0.493s] -- Searching for <ignition-common3> component [graphics]
[0.493s] -- Looking for ignition-common3-graphics -- found version 3.14.0
[0.493s] -- Searching for dependencies of ignition-common3-graphics
[0.494s] -- Looking for ignition-math6 -- found version 6.15.1
[0.494s] -- Looking for ignition-fuel_tools4 -- found version 4.4.0
[0.495s] -- Searching for dependencies of ignition-fuel_tools4
[0.534s] -- Checking for module 'jsoncpp'
[0.546s] --   Found jsoncpp, version 1.9.5
[0.581s] -- Checking for module 'libzip'
[0.593s] --   Found libzip, version 1.7.3
[0.624s] -- Looking for ignition-common3 -- found version 3.14.0
[0.624s] -- Looking for ignition-math6 -- found version 6.15.1
[0.624s] -- Looking for ignition-msgs5 -- found version 5.8.1
[0.626s] -- Found gazebo_ros_pkgs: 3.7.0 (/opt/ros/humble/share/gazebo_ros_pkgs/cmake)
[0.626s] -- Found geometry_msgs: 4.2.4 (/opt/ros/humble/share/geometry_msgs/cmake)
[0.641s] -- Found rosidl_generator_c: 3.1.5 (/opt/ros/humble/share/rosidl_generator_c/cmake)
[0.643s] -- Found rosidl_adapter: 3.1.5 (/opt/ros/humble/share/rosidl_adapter/cmake)
[0.648s] -- Found rosidl_generator_cpp: 3.1.5 (/opt/ros/humble/share/rosidl_generator_cpp/cmake)
[0.655s] -- Using all available rosidl_typesupport_c: rosidl_typesupport_fastrtps_c;rosidl_typesupport_introspection_c
[0.665s] -- Using all available rosidl_typesupport_cpp: rosidl_typesupport_fastrtps_cpp;rosidl_typesupport_introspection_cpp
[0.692s] -- Found nav_msgs: 4.2.4 (/opt/ros/humble/share/nav_msgs/cmake)
[0.704s] -- Found rclcpp: 16.0.10 (/opt/ros/humble/share/rclcpp/cmake)
[0.724s] -- Found rmw_implementation_cmake: 6.1.2 (/opt/ros/humble/share/rmw_implementation_cmake/cmake)
[0.725s] -- Found rmw_fastrtps_cpp: 6.2.7 (/opt/ros/humble/share/rmw_fastrtps_cpp/cmake)
[0.830s] -- Using RMW implementation 'rmw_fastrtps_cpp' as default
[0.859s] -- Found sensor_msgs: 4.2.4 (/opt/ros/humble/share/sensor_msgs/cmake)
[0.872s] -- Found tf2: 0.25.7 (/opt/ros/humble/share/tf2/cmake)
[0.933s] -- Configuring done
[0.964s] -- Generating done
[0.967s] -- Build files have been written to: /home/tarun/CustomMultibot/build/turtlebot3_gazebo
[0.979s] Invoked command in '/home/tarun/CustomMultibot/build/turtlebot3_gazebo' returned '0': CMAKE_PREFIX_PATH=/opt/ros/humble /usr/bin/cmake /home/tarun/CustomMultibot/src/turtlebot3_gazebo -DAMENT_CMAKE_SYMLINK_INSTALL=1 -DCMAKE_INSTALL_PREFIX=/home/tarun/CustomMultibot/install/turtlebot3_gazebo
[0.980s] Invoking command in '/home/tarun/CustomMultibot/build/turtlebot3_gazebo': CMAKE_PREFIX_PATH=/opt/ros/humble /usr/bin/cmake --build /home/tarun/CustomMultibot/build/turtlebot3_gazebo -- -j12 -l12
[1.022s] [35m[1mConsolidate compiler generated dependencies of target obstacle2[0m
[1.023s] [35m[1mConsolidate compiler generated dependencies of target obstacle1[0m
[1.023s] [35m[1mConsolidate compiler generated dependencies of target obstacles[0m
[1.024s] [35m[1mConsolidate compiler generated dependencies of target turtlebot3_drive[0m
[1.045s] [ 12%] [32m[1mLinking CXX executable turtlebot3_drive[0m
[1.062s] [ 37%] Built target obstacle2
[1.065s] [ 62%] Built target obstacles
[1.069s] [ 87%] Built target obstacle1
[1.461s] [100%] Built target turtlebot3_drive
[1.472s] Invoked command in '/home/tarun/CustomMultibot/build/turtlebot3_gazebo' returned '0': CMAKE_PREFIX_PATH=/opt/ros/humble /usr/bin/cmake --build /home/tarun/CustomMultibot/build/turtlebot3_gazebo -- -j12 -l12
[1.506s] Invoking command in '/home/tarun/CustomMultibot/build/turtlebot3_gazebo': CMAKE_PREFIX_PATH=/opt/ros/humble /usr/bin/cmake --install /home/tarun/CustomMultibot/build/turtlebot3_gazebo
[1.513s] -- Install configuration: ""
[1.514s] -- Execute custom install script
[1.514s] -- Symlinking: /home/tarun/CustomMultibot/install/turtlebot3_gazebo/lib/turtlebot3_gazebo/turtlebot3_drive
[1.525s] -- Symlinking: /home/tarun/CustomMultibot/install/turtlebot3_gazebo/share/turtlebot3_gazebo//launch/empty_world.launch.py
[1.534s] -- Symlinking: /home/tarun/CustomMultibot/install/turtlebot3_gazebo/share/turtlebot3_gazebo//launch/robot_state_publisher.launch.py
[1.543s] -- Symlinking: /home/tarun/CustomMultibot/install/turtlebot3_gazebo/share/turtlebot3_gazebo//launch/spawn_turtlebot3.launch.py
[1.552s] -- Symlinking: /home/tarun/CustomMultibot/install/turtlebot3_gazebo/share/turtlebot3_gazebo//launch/turtlebot3_dqn_stage1.launch.py
[1.561s] -- Symlinking: /home/tarun/CustomMultibot/install/turtlebot3_gazebo/share/turtlebot3_gazebo//launch/turtlebot3_dqn_stage2.launch.py
[1.570s] -- Symlinking: /home/tarun/CustomMultibot/install/turtlebot3_gazebo/share/turtlebot3_gazebo//launch/turtlebot3_dqn_stage3.launch.py
[1.579s] -- Symlinking: /home/tarun/CustomMultibot/install/turtlebot3_gazebo/share/turtlebot3_gazebo//launch/turtlebot3_dqn_stage4.launch.py
[1.588s] -- Symlinking: /home/tarun/CustomMultibot/install/turtlebot3_gazebo/share/turtlebot3_gazebo//launch/turtlebot3_house.launch.py
[1.597s] -- Symlinking: /home/tarun/CustomMultibot/install/turtlebot3_gazebo/share/turtlebot3_gazebo//launch/turtlebot3_world.launch.py
[1.606s] -- Symlinking: /home/tarun/CustomMultibot/install/turtlebot3_gazebo/share/turtlebot3_gazebo//launch/warehouse_world.launch.py
[1.616s] -- Symlinking: /home/tarun/CustomMultibot/install/turtlebot3_gazebo/share/turtlebot3_gazebo//models/turtlebot3_burger/model-1_4.sdf
[1.625s] -- Symlinking: /home/tarun/CustomMultibot/install/turtlebot3_gazebo/share/turtlebot3_gazebo//models/turtlebot3_burger/model.config
[1.634s] -- Symlinking: /home/tarun/CustomMultibot/install/turtlebot3_gazebo/share/turtlebot3_gazebo//models/turtlebot3_burger/model.sdf
[1.643s] -- Symlinking: /home/tarun/CustomMultibot/install/turtlebot3_gazebo/share/turtlebot3_gazebo//models/turtlebot3_common/meshes/burger_base.dae
[1.652s] -- Symlinking: /home/tarun/CustomMultibot/install/turtlebot3_gazebo/share/turtlebot3_gazebo//models/turtlebot3_common/meshes/lds.dae
[1.662s] -- Symlinking: /home/tarun/CustomMultibot/install/turtlebot3_gazebo/share/turtlebot3_gazebo//models/turtlebot3_common/meshes/r200.dae
[1.671s] -- Symlinking: /home/tarun/CustomMultibot/install/turtlebot3_gazebo/share/turtlebot3_gazebo//models/turtlebot3_common/meshes/tire.dae
[1.680s] -- Symlinking: /home/tarun/CustomMultibot/install/turtlebot3_gazebo/share/turtlebot3_gazebo//models/turtlebot3_common/meshes/waffle_base.dae
[1.688s] -- Symlinking: /home/tarun/CustomMultibot/install/turtlebot3_gazebo/share/turtlebot3_gazebo//models/turtlebot3_common/meshes/waffle_pi_base.dae
[1.697s] -- Symlinking: /home/tarun/CustomMultibot/install/turtlebot3_gazebo/share/turtlebot3_gazebo//models/turtlebot3_common/model.config
[1.706s] -- Symlinking: /home/tarun/CustomMultibot/install/turtlebot3_gazebo/share/turtlebot3_gazebo//models/turtlebot3_dqn_world/goal_box/model.config
[1.715s] -- Symlinking: /home/tarun/CustomMultibot/install/turtlebot3_gazebo/share/turtlebot3_gazebo//models/turtlebot3_dqn_world/goal_box/model.sdf
[1.724s] -- Symlinking: /home/tarun/CustomMultibot/install/turtlebot3_gazebo/share/turtlebot3_gazebo//models/turtlebot3_dqn_world/inner_walls/model.config
[1.733s] -- Symlinking: /home/tarun/CustomMultibot/install/turtlebot3_gazebo/share/turtlebot3_gazebo//models/turtlebot3_dqn_world/inner_walls/model.sdf
[1.743s] -- Symlinking: /home/tarun/CustomMultibot/install/turtlebot3_gazebo/share/turtlebot3_gazebo//models/turtlebot3_dqn_world/model.config
[1.752s] -- Symlinking: /home/tarun/CustomMultibot/install/turtlebot3_gazebo/share/turtlebot3_gazebo//models/turtlebot3_dqn_world/model.sdf
[1.761s] -- Symlinking: /home/tarun/CustomMultibot/install/turtlebot3_gazebo/share/turtlebot3_gazebo//models/turtlebot3_dqn_world/obstacle1/model.config
[1.770s] -- Symlinking: /home/tarun/CustomMultibot/install/turtlebot3_gazebo/share/turtlebot3_gazebo//models/turtlebot3_dqn_world/obstacle1/model.sdf
[1.779s] -- Symlinking: /home/tarun/CustomMultibot/install/turtlebot3_gazebo/share/turtlebot3_gazebo//models/turtlebot3_dqn_world/obstacle2/model.config
[1.790s] -- Symlinking: /home/tarun/CustomMultibot/install/turtlebot3_gazebo/share/turtlebot3_gazebo//models/turtlebot3_dqn_world/obstacle2/model.sdf
[1.799s] -- Symlinking: /home/tarun/CustomMultibot/install/turtlebot3_gazebo/share/turtlebot3_gazebo//models/turtlebot3_dqn_world/obstacle_plugin/CMakeLists.txt
[1.808s] -- Symlinking: /home/tarun/CustomMultibot/install/turtlebot3_gazebo/share/turtlebot3_gazebo//models/turtlebot3_dqn_world/obstacle_plugin/obstacle1.cc
[1.818s] -- Symlinking: /home/tarun/CustomMultibot/install/turtlebot3_gazebo/share/turtlebot3_gazebo//models/turtlebot3_dqn_world/obstacle_plugin/obstacle2.cc
[1.828s] -- Symlinking: /home/tarun/CustomMultibot/install/turtlebot3_gazebo/share/turtlebot3_gazebo//models/turtlebot3_dqn_world/obstacle_plugin/obstacles.cc
[1.838s] -- Symlinking: /home/tarun/CustomMultibot/install/turtlebot3_gazebo/share/turtlebot3_gazebo//models/turtlebot3_dqn_world/obstacles/model.config
[1.847s] -- Symlinking: /home/tarun/CustomMultibot/install/turtlebot3_gazebo/share/turtlebot3_gazebo//models/turtlebot3_dqn_world/obstacles/model.sdf
[1.857s] -- Symlinking: /home/tarun/CustomMultibot/install/turtlebot3_gazebo/share/turtlebot3_gazebo//models/turtlebot3_house/model.config
[1.866s] -- Symlinking: /home/tarun/CustomMultibot/install/turtlebot3_gazebo/share/turtlebot3_gazebo//models/turtlebot3_house/model.sdf
[1.876s] -- Symlinking: /home/tarun/CustomMultibot/install/turtlebot3_gazebo/share/turtlebot3_gazebo//models/turtlebot3_waffle/model-1_4.sdf
[1.886s] -- Symlinking: /home/tarun/CustomMultibot/install/turtlebot3_gazebo/share/turtlebot3_gazebo//models/turtlebot3_waffle/model.config
[1.895s] -- Symlinking: /home/tarun/CustomMultibot/install/turtlebot3_gazebo/share/turtlebot3_gazebo//models/turtlebot3_waffle/model.sdf
[1.904s] -- Symlinking: /home/tarun/CustomMultibot/install/turtlebot3_gazebo/share/turtlebot3_gazebo//models/turtlebot3_waffle_pi/model-1_4_.sdf
[1.914s] -- Symlinking: /home/tarun/CustomMultibot/install/turtlebot3_gazebo/share/turtlebot3_gazebo//models/turtlebot3_waffle_pi/model.config
[1.923s] -- Symlinking: /home/tarun/CustomMultibot/install/turtlebot3_gazebo/share/turtlebot3_gazebo//models/turtlebot3_waffle_pi/model.sdf
[1.933s] -- Symlinking: /home/tarun/CustomMultibot/install/turtlebot3_gazebo/share/turtlebot3_gazebo//models/turtlebot3_world/meshes/hexagon.dae
[1.943s] -- Symlinking: /home/tarun/CustomMultibot/install/turtlebot3_gazebo/share/turtlebot3_gazebo//models/turtlebot3_world/meshes/wall.dae
[1.952s] -- Symlinking: /home/tarun/CustomMultibot/install/turtlebot3_gazebo/share/turtlebot3_gazebo//models/turtlebot3_world/model-1_4.sdf
[1.962s] -- Symlinking: /home/tarun/CustomMultibot/install/turtlebot3_gazebo/share/turtlebot3_gazebo//models/turtlebot3_world/model.config
[1.972s] -- Symlinking: /home/tarun/CustomMultibot/install/turtlebot3_gazebo/share/turtlebot3_gazebo//models/turtlebot3_world/model.sdf
[1.982s] -- Symlinking: /home/tarun/CustomMultibot/install/turtlebot3_gazebo/share/turtlebot3_gazebo//rviz/tb3_gazebo.rviz
[1.991s] -- Symlinking: /home/tarun/CustomMultibot/install/turtlebot3_gazebo/share/turtlebot3_gazebo//urdf/common_properties.urdf
[2.001s] -- Symlinking: /home/tarun/CustomMultibot/install/turtlebot3_gazebo/share/turtlebot3_gazebo//urdf/turtlebot3_burger.urdf
[2.011s] -- Symlinking: /home/tarun/CustomMultibot/install/turtlebot3_gazebo/share/turtlebot3_gazebo//urdf/turtlebot3_waffle.urdf
[2.020s] -- Symlinking: /home/tarun/CustomMultibot/install/turtlebot3_gazebo/share/turtlebot3_gazebo//urdf/turtlebot3_waffle_pi.urdf
[2.030s] -- Symlinking: /home/tarun/CustomMultibot/install/turtlebot3_gazebo/share/turtlebot3_gazebo//worlds/empty_world.world
[2.039s] -- Symlinking: /home/tarun/CustomMultibot/install/turtlebot3_gazebo/share/turtlebot3_gazebo//worlds/turtlebot3_dqn_stage1.world
[2.048s] -- Symlinking: /home/tarun/CustomMultibot/install/turtlebot3_gazebo/share/turtlebot3_gazebo//worlds/turtlebot3_dqn_stage2.world
[2.058s] -- Symlinking: /home/tarun/CustomMultibot/install/turtlebot3_gazebo/share/turtlebot3_gazebo//worlds/turtlebot3_dqn_stage3.world
[2.067s] -- Symlinking: /home/tarun/CustomMultibot/install/turtlebot3_gazebo/share/turtlebot3_gazebo//worlds/turtlebot3_dqn_stage4.world
[2.077s] -- Symlinking: /home/tarun/CustomMultibot/install/turtlebot3_gazebo/share/turtlebot3_gazebo//worlds/turtlebot3_house.world
[2.087s] -- Symlinking: /home/tarun/CustomMultibot/install/turtlebot3_gazebo/share/turtlebot3_gazebo//worlds/turtlebot3_world.world
[2.096s] -- Symlinking: /home/tarun/CustomMultibot/install/turtlebot3_gazebo/share/turtlebot3_gazebo//worlds/warehouse.world
[2.106s] -- Symlinking: /home/tarun/CustomMultibot/install/turtlebot3_gazebo/include//turtlebot3_gazebo/turtlebot3_drive.hpp
[2.116s] -- Symlinking: /home/tarun/CustomMultibot/install/turtlebot3_gazebo/share/ament_index/resource_index/package_run_dependencies/turtlebot3_gazebo
[2.126s] -- Symlinking: /home/tarun/CustomMultibot/install/turtlebot3_gazebo/share/ament_index/resource_index/parent_prefix_path/turtlebot3_gazebo
[2.136s] -- Symlinking: /home/tarun/CustomMultibot/install/turtlebot3_gazebo/share/turtlebot3_gazebo/environment/ament_prefix_path.sh
[2.146s] -- Symlinking: /home/tarun/CustomMultibot/install/turtlebot3_gazebo/share/turtlebot3_gazebo/environment/ament_prefix_path.dsv
[2.156s] -- Symlinking: /home/tarun/CustomMultibot/install/turtlebot3_gazebo/share/turtlebot3_gazebo/environment/path.sh
[2.166s] -- Symlinking: /home/tarun/CustomMultibot/install/turtlebot3_gazebo/share/turtlebot3_gazebo/environment/path.dsv
[2.176s] -- Symlinking: /home/tarun/CustomMultibot/install/turtlebot3_gazebo/share/turtlebot3_gazebo/local_setup.bash
[2.186s] -- Symlinking: /home/tarun/CustomMultibot/install/turtlebot3_gazebo/share/turtlebot3_gazebo/local_setup.sh
[2.196s] -- Symlinking: /home/tarun/CustomMultibot/install/turtlebot3_gazebo/share/turtlebot3_gazebo/local_setup.zsh
[2.206s] -- Symlinking: /home/tarun/CustomMultibot/install/turtlebot3_gazebo/share/turtlebot3_gazebo/local_setup.dsv
[2.216s] -- Symlinking: /home/tarun/CustomMultibot/install/turtlebot3_gazebo/share/turtlebot3_gazebo/package.dsv
[2.227s] -- Symlinking: /home/tarun/CustomMultibot/install/turtlebot3_gazebo/share/ament_index/resource_index/packages/turtlebot3_gazebo
[2.237s] -- Symlinking: /home/tarun/CustomMultibot/install/turtlebot3_gazebo/share/turtlebot3_gazebo/cmake/ament_cmake_export_include_directories-extras.cmake
[2.247s] -- Symlinking: /home/tarun/CustomMultibot/install/turtlebot3_gazebo/share/turtlebot3_gazebo/cmake/ament_cmake_export_dependencies-extras.cmake
[2.257s] -- Symlinking: /home/tarun/CustomMultibot/install/turtlebot3_gazebo/share/turtlebot3_gazebo/cmake/turtlebot3_gazeboConfig.cmake
[2.266s] -- Symlinking: /home/tarun/CustomMultibot/install/turtlebot3_gazebo/share/turtlebot3_gazebo/cmake/turtlebot3_gazeboConfig-version.cmake
[2.276s] -- Symlinking: /home/tarun/CustomMultibot/install/turtlebot3_gazebo/share/turtlebot3_gazebo/package.xml
[2.288s] Invoked command in '/home/tarun/CustomMultibot/build/turtlebot3_gazebo' returned '0': CMAKE_PREFIX_PATH=/opt/ros/humble /usr/bin/cmake --install /home/tarun/CustomMultibot/build/turtlebot3_gazebo
