[0.731s] Invoking command in '/home/tarun/CustomMultibot/src/follow_waypoints': PYTHONPATH=/home/tarun/CustomMultibot/build/follow_waypoints/prefix_override:/usr/lib/python3/dist-packages/colcon_core/task/python/colcon_distutils_commands:/home/tarun/CustomMultibot/install/follow_waypoints/lib/python3.10/site-packages:${PYTHONPATH} /usr/bin/python3 -W ignore:setup.py install is deprecated setup.py egg_info --egg-base ../../build/follow_waypoints build --build-base /home/tarun/CustomMultibot/build/follow_waypoints/build install --record /home/tarun/CustomMultibot/build/follow_waypoints/install.log --single-version-externally-managed install_data
[0.920s] running egg_info
[0.920s] writing ../../build/follow_waypoints/follow_waypoints.egg-info/PKG-INFO
[0.920s] writing dependency_links to ../../build/follow_waypoints/follow_waypoints.egg-info/dependency_links.txt
[0.921s] writing entry points to ../../build/follow_waypoints/follow_waypoints.egg-info/entry_points.txt
[0.921s] writing requirements to ../../build/follow_waypoints/follow_waypoints.egg-info/requires.txt
[0.921s] writing top-level names to ../../build/follow_waypoints/follow_waypoints.egg-info/top_level.txt
[0.923s] reading manifest file '../../build/follow_waypoints/follow_waypoints.egg-info/SOURCES.txt'
[0.924s] writing manifest file '../../build/follow_waypoints/follow_waypoints.egg-info/SOURCES.txt'
[0.924s] running build
[0.924s] running build_py
[0.924s] running install
[0.924s] running install_lib
[0.925s] running install_data
[0.925s] running install_egg_info
[0.927s] removing '/home/tarun/CustomMultibot/install/follow_waypoints/lib/python3.10/site-packages/follow_waypoints-0.0.0-py3.10.egg-info' (and everything under it)
[0.927s] Copying ../../build/follow_waypoints/follow_waypoints.egg-info to /home/tarun/CustomMultibot/install/follow_waypoints/lib/python3.10/site-packages/follow_waypoints-0.0.0-py3.10.egg-info
[0.928s] running install_scripts
[0.943s] Installing follow_waypoints_exe script to /home/tarun/CustomMultibot/install/follow_waypoints/lib/follow_waypoints
[0.943s] Installing go_to_points_exe script to /home/tarun/CustomMultibot/install/follow_waypoints/lib/follow_waypoints
[0.943s] Installing robot_1_exe script to /home/tarun/CustomMultibot/install/follow_waypoints/lib/follow_waypoints
[0.943s] Installing robot_2_exe script to /home/tarun/CustomMultibot/install/follow_waypoints/lib/follow_waypoints
[0.943s] writing list of installed files to '/home/tarun/CustomMultibot/build/follow_waypoints/install.log'
[0.966s] Invoked command in '/home/tarun/CustomMultibot/src/follow_waypoints' returned '0': PYTHONPATH=/home/tarun/CustomMultibot/build/follow_waypoints/prefix_override:/usr/lib/python3/dist-packages/colcon_core/task/python/colcon_distutils_commands:/home/tarun/CustomMultibot/install/follow_waypoints/lib/python3.10/site-packages:${PYTHONPATH} /usr/bin/python3 -W ignore:setup.py install is deprecated setup.py egg_info --egg-base ../../build/follow_waypoints build --build-base /home/tarun/CustomMultibot/build/follow_waypoints/build install --record /home/tarun/CustomMultibot/build/follow_waypoints/install.log --single-version-externally-managed install_data
