[0.039s] Invoking command in '/home/tarun_56/multibot_ws/build/turtlebot3_simulations': AMENT_PREFIX_PATH=/home/tarun_56/multibot_ws/install/turtlebot3_gazebo:${AMENT_PREFIX_PATH} CMAKE_PREFIX_PATH=/home/tarun_56/multibot_ws/install/turtlebot3_gazebo:/opt/ros/humble /usr/bin/cmake --build /home/tarun_56/multibot_ws/build/turtlebot3_simulations -- -j4 -l4
[0.329s] Invoked command in '/home/tarun_56/multibot_ws/build/turtlebot3_simulations' returned '0': AMENT_PREFIX_PATH=/home/tarun_56/multibot_ws/install/turtlebot3_gazebo:${AMENT_PREFIX_PATH} CMAKE_PREFIX_PATH=/home/tarun_56/multibot_ws/install/turtlebot3_gazebo:/opt/ros/humble /usr/bin/cmake --build /home/tarun_56/multibot_ws/build/turtlebot3_simulations -- -j4 -l4
[0.494s] Invoking command in '/home/tarun_56/multibot_ws/build/turtlebot3_simulations': AMENT_PREFIX_PATH=/home/tarun_56/multibot_ws/install/turtlebot3_gazebo:${AMENT_PREFIX_PATH} CMAKE_PREFIX_PATH=/home/tarun_56/multibot_ws/install/turtlebot3_gazebo:/opt/ros/humble /usr/bin/cmake --install /home/tarun_56/multibot_ws/build/turtlebot3_simulations
[0.509s] -- Install configuration: ""
[0.511s] -- Execute custom install script
[0.512s] -- Up-to-date symlink: /home/tarun_56/multibot_ws/install/turtlebot3_simulations/share/ament_index/resource_index/package_run_dependencies/turtlebot3_simulations
[0.513s] -- Up-to-date symlink: /home/tarun_56/multibot_ws/install/turtlebot3_simulations/share/ament_index/resource_index/parent_prefix_path/turtlebot3_simulations
[0.515s] -- Up-to-date symlink: /home/tarun_56/multibot_ws/install/turtlebot3_simulations/share/turtlebot3_simulations/environment/ament_prefix_path.sh
[0.516s] -- Up-to-date symlink: /home/tarun_56/multibot_ws/install/turtlebot3_simulations/share/turtlebot3_simulations/environment/ament_prefix_path.dsv
[0.517s] -- Up-to-date symlink: /home/tarun_56/multibot_ws/install/turtlebot3_simulations/share/turtlebot3_simulations/environment/path.sh
[0.518s] -- Up-to-date symlink: /home/tarun_56/multibot_ws/install/turtlebot3_simulations/share/turtlebot3_simulations/environment/path.dsv
[0.519s] -- Up-to-date symlink: /home/tarun_56/multibot_ws/install/turtlebot3_simulations/share/turtlebot3_simulations/local_setup.bash
[0.521s] -- Up-to-date symlink: /home/tarun_56/multibot_ws/install/turtlebot3_simulations/share/turtlebot3_simulations/local_setup.sh
[0.522s] -- Up-to-date symlink: /home/tarun_56/multibot_ws/install/turtlebot3_simulations/share/turtlebot3_simulations/local_setup.zsh
[0.524s] -- Up-to-date symlink: /home/tarun_56/multibot_ws/install/turtlebot3_simulations/share/turtlebot3_simulations/local_setup.dsv
[0.524s] -- Symlinking: /home/tarun_56/multibot_ws/install/turtlebot3_simulations/share/turtlebot3_simulations/package.dsv
[0.546s] -- Up-to-date symlink: /home/tarun_56/multibot_ws/install/turtlebot3_simulations/share/ament_index/resource_index/packages/turtlebot3_simulations
[0.546s] -- Up-to-date symlink: /home/tarun_56/multibot_ws/install/turtlebot3_simulations/share/turtlebot3_simulations/cmake/turtlebot3_simulationsConfig.cmake
[0.546s] -- Up-to-date symlink: /home/tarun_56/multibot_ws/install/turtlebot3_simulations/share/turtlebot3_simulations/cmake/turtlebot3_simulationsConfig-version.cmake
[0.547s] -- Up-to-date symlink: /home/tarun_56/multibot_ws/install/turtlebot3_simulations/share/turtlebot3_simulations/package.xml
[0.554s] Invoked command in '/home/tarun_56/multibot_ws/build/turtlebot3_simulations' returned '0': AMENT_PREFIX_PATH=/home/tarun_56/multibot_ws/install/turtlebot3_gazebo:${AMENT_PREFIX_PATH} CMAKE_PREFIX_PATH=/home/tarun_56/multibot_ws/install/turtlebot3_gazebo:/opt/ros/humble /usr/bin/cmake --install /home/tarun_56/multibot_ws/build/turtlebot3_simulations
