[0.743s] Invoking command in '/home/tarun/CustomMultibot/build/follow_waypoints': PYTHONPATH=/home/tarun/CustomMultibot/build/follow_waypoints/prefix_override:/usr/lib/python3/dist-packages/colcon_core/task/python/colcon_distutils_commands:/home/tarun/CustomMultibot/install/follow_waypoints/lib/python3.10/site-packages:${PYTHONPATH} /usr/bin/python3 -W ignore:setup.py install is deprecated setup.py develop --editable --build-directory /home/tarun/CustomMultibot/build/follow_waypoints/build --no-deps symlink_data
[0.952s] running develop
[0.953s] /usr/lib/python3/dist-packages/setuptools/command/easy_install.py:158: EasyInstallDeprecationWarning: easy_install command is deprecated. Use build and pip and other standards-based tools.
[0.953s]   warnings.warn(
[1.097s] running egg_info
[1.097s] writing follow_waypoints.egg-info/PKG-INFO
[1.097s] writing dependency_links to follow_waypoints.egg-info/dependency_links.txt
[1.097s] writing entry points to follow_waypoints.egg-info/entry_points.txt
[1.098s] writing requirements to follow_waypoints.egg-info/requires.txt
[1.098s] writing top-level names to follow_waypoints.egg-info/top_level.txt
[1.099s] reading manifest file 'follow_waypoints.egg-info/SOURCES.txt'
[1.100s] writing manifest file 'follow_waypoints.egg-info/SOURCES.txt'
[1.101s] running build_ext
[1.101s] Creating /home/tarun/CustomMultibot/install/follow_waypoints/lib/python3.10/site-packages/follow-waypoints.egg-link (link to .)
[1.102s] Installing follow_waypoints_exe script to /home/tarun/CustomMultibot/install/follow_waypoints/lib/follow_waypoints
[1.102s] Installing go_to_points_exe script to /home/tarun/CustomMultibot/install/follow_waypoints/lib/follow_waypoints
[1.102s] Installing robot_1_exe script to /home/tarun/CustomMultibot/install/follow_waypoints/lib/follow_waypoints
[1.102s] Installing robot_2_exe script to /home/tarun/CustomMultibot/install/follow_waypoints/lib/follow_waypoints
[1.103s] 
[1.103s] Installed /home/tarun/CustomMultibot/build/follow_waypoints
[1.103s] running symlink_data
[1.135s] Invoked command in '/home/tarun/CustomMultibot/build/follow_waypoints' returned '0': PYTHONPATH=/home/tarun/CustomMultibot/build/follow_waypoints/prefix_override:/usr/lib/python3/dist-packages/colcon_core/task/python/colcon_distutils_commands:/home/tarun/CustomMultibot/install/follow_waypoints/lib/python3.10/site-packages:${PYTHONPATH} /usr/bin/python3 -W ignore:setup.py install is deprecated setup.py develop --editable --build-directory /home/tarun/CustomMultibot/build/follow_waypoints/build --no-deps symlink_data
