[0.008s] Invoking command in '/home/tarun/CustomMultibot/build/turtlebot3_simulations': AMENT_PREFIX_PATH=/home/tarun/CustomMultibot/install/turtlebot3_gazebo:${AMENT_PREFIX_PATH} CMAKE_PREFIX_PATH=/home/tarun/CustomMultibot/install/turtlebot3_gazebo:/opt/ros/humble /usr/bin/cmake --build /home/tarun/CustomMultibot/build/turtlebot3_simulations -- -j12 -l12
[0.052s] Invoked command in '/home/tarun/CustomMultibot/build/turtlebot3_simulations' returned '0': AMENT_PREFIX_PATH=/home/tarun/CustomMultibot/install/turtlebot3_gazebo:${AMENT_PREFIX_PATH} CMAKE_PREFIX_PATH=/home/tarun/CustomMultibot/install/turtlebot3_gazebo:/opt/ros/humble /usr/bin/cmake --build /home/tarun/CustomMultibot/build/turtlebot3_simulations -- -j12 -l12
[0.076s] Invoking command in '/home/tarun/CustomMultibot/build/turtlebot3_simulations': AMENT_PREFIX_PATH=/home/tarun/CustomMultibot/install/turtlebot3_gazebo:${AMENT_PREFIX_PATH} CMAKE_PREFIX_PATH=/home/tarun/CustomMultibot/install/turtlebot3_gazebo:/opt/ros/humble /usr/bin/cmake --install /home/tarun/CustomMultibot/build/turtlebot3_simulations
[0.084s] -- Install configuration: ""
[0.085s] -- Execute custom install script
[0.085s] -- Up-to-date symlink: /home/tarun/CustomMultibot/install/turtlebot3_simulations/share/ament_index/resource_index/package_run_dependencies/turtlebot3_simulations
[0.085s] -- Up-to-date symlink: /home/tarun/CustomMultibot/install/turtlebot3_simulations/share/ament_index/resource_index/parent_prefix_path/turtlebot3_simulations
[0.085s] -- Up-to-date symlink: /home/tarun/CustomMultibot/install/turtlebot3_simulations/share/turtlebot3_simulations/environment/ament_prefix_path.sh
[0.085s] -- Up-to-date symlink: /home/tarun/CustomMultibot/install/turtlebot3_simulations/share/turtlebot3_simulations/environment/ament_prefix_path.dsv
[0.085s] -- Up-to-date symlink: /home/tarun/CustomMultibot/install/turtlebot3_simulations/share/turtlebot3_simulations/environment/path.sh
[0.085s] -- Up-to-date symlink: /home/tarun/CustomMultibot/install/turtlebot3_simulations/share/turtlebot3_simulations/environment/path.dsv
[0.086s] -- Up-to-date symlink: /home/tarun/CustomMultibot/install/turtlebot3_simulations/share/turtlebot3_simulations/local_setup.bash
[0.086s] -- Up-to-date symlink: /home/tarun/CustomMultibot/install/turtlebot3_simulations/share/turtlebot3_simulations/local_setup.sh
[0.086s] -- Up-to-date symlink: /home/tarun/CustomMultibot/install/turtlebot3_simulations/share/turtlebot3_simulations/local_setup.zsh
[0.086s] -- Up-to-date symlink: /home/tarun/CustomMultibot/install/turtlebot3_simulations/share/turtlebot3_simulations/local_setup.dsv
[0.086s] -- Symlinking: /home/tarun/CustomMultibot/install/turtlebot3_simulations/share/turtlebot3_simulations/package.dsv
[0.098s] -- Up-to-date symlink: /home/tarun/CustomMultibot/install/turtlebot3_simulations/share/ament_index/resource_index/packages/turtlebot3_simulations
[0.098s] -- Up-to-date symlink: /home/tarun/CustomMultibot/install/turtlebot3_simulations/share/turtlebot3_simulations/cmake/turtlebot3_simulationsConfig.cmake
[0.098s] -- Up-to-date symlink: /home/tarun/CustomMultibot/install/turtlebot3_simulations/share/turtlebot3_simulations/cmake/turtlebot3_simulationsConfig-version.cmake
[0.098s] -- Up-to-date symlink: /home/tarun/CustomMultibot/install/turtlebot3_simulations/share/turtlebot3_simulations/package.xml
[0.101s] Invoked command in '/home/tarun/CustomMultibot/build/turtlebot3_simulations' returned '0': AMENT_PREFIX_PATH=/home/tarun/CustomMultibot/install/turtlebot3_gazebo:${AMENT_PREFIX_PATH} CMAKE_PREFIX_PATH=/home/tarun/CustomMultibot/install/turtlebot3_gazebo:/opt/ros/humble /usr/bin/cmake --install /home/tarun/CustomMultibot/build/turtlebot3_simulations
