[0.223s] Invoking command in '/home/tarun/CustomMultibot/build/nav2_bringup': CMAKE_PREFIX_PATH=/opt/ros/humble /usr/bin/cmake --build /home/tarun/CustomMultibot/build/nav2_bringup -- -j12 -l12
[0.244s] -- Found ament_cmake: 1.3.10 (/opt/ros/humble/share/ament_cmake/cmake)
[0.334s] -- Override CMake install command with custom implementation using symlinks instead of copying resources
[0.340s] -- Found nav2_common: 1.1.16 (/opt/ros/humble/share/nav2_common/cmake)
[0.341s] -- Found navigation2: 1.1.16 (/opt/ros/humble/share/navigation2/cmake)
[0.342s] -- Found ament_lint_auto: 0.12.11 (/opt/ros/humble/share/ament_lint_auto/cmake)
[0.424s] -- Added test 'copyright' to check source files copyright and LICENSE
[0.428s] -- Added test 'flake8' to check Python code syntax and style conventions
[0.429s] -- Added test 'lint_cmake' to check CMake code style
[0.429s] -- Added test 'pep257' to check Python code against some of the docstring style conventions in PEP 257
[0.431s] -- Added test 'xmllint' to check XML markup files
[0.432s] -- Configuring done
[0.435s] -- Generating done
[0.436s] -- Build files have been written to: /home/tarun/CustomMultibot/build/nav2_bringup
[0.458s] Invoked command in '/home/tarun/CustomMultibot/build/nav2_bringup' returned '0': CMAKE_PREFIX_PATH=/opt/ros/humble /usr/bin/cmake --build /home/tarun/CustomMultibot/build/nav2_bringup -- -j12 -l12
[0.484s] Invoking command in '/home/tarun/CustomMultibot/build/nav2_bringup': CMAKE_PREFIX_PATH=/opt/ros/humble /usr/bin/cmake --install /home/tarun/CustomMultibot/build/nav2_bringup
[0.495s] -- Install configuration: "Release"
[0.495s] -- Execute custom install script
[0.495s] -- Up-to-date symlink: /home/tarun/CustomMultibot/install/nav2_bringup/share/nav2_bringup/launch/autobot_sim_launch.py
[0.495s] -- Up-to-date symlink: /home/tarun/CustomMultibot/install/nav2_bringup/share/nav2_bringup/launch/bringup_launch.py
[0.495s] -- Up-to-date symlink: /home/tarun/CustomMultibot/install/nav2_bringup/share/nav2_bringup/launch/cloned_multi_tb3_simulation_launch.py
[0.495s] -- Up-to-date symlink: /home/tarun/CustomMultibot/install/nav2_bringup/share/nav2_bringup/launch/localization_launch.py
[0.495s] -- Up-to-date symlink: /home/tarun/CustomMultibot/install/nav2_bringup/share/nav2_bringup/launch/map_filters_launch.py
[0.495s] -- Up-to-date symlink: /home/tarun/CustomMultibot/install/nav2_bringup/share/nav2_bringup/launch/navigation_launch.py
[0.496s] -- Up-to-date symlink: /home/tarun/CustomMultibot/install/nav2_bringup/share/nav2_bringup/launch/rviz_launch.py
[0.496s] -- Up-to-date symlink: /home/tarun/CustomMultibot/install/nav2_bringup/share/nav2_bringup/launch/slam_launch.py
[0.496s] -- Up-to-date symlink: /home/tarun/CustomMultibot/install/nav2_bringup/share/nav2_bringup/launch/tb3_simulation_launch.py
[0.496s] -- Up-to-date symlink: /home/tarun/CustomMultibot/install/nav2_bringup/share/nav2_bringup/launch/unique_multi_tb3_simulation_launch.py
[0.496s] -- Up-to-date symlink: /home/tarun/CustomMultibot/install/nav2_bringup/share/nav2_bringup/launch/warehouse_multibot_launch.py
[0.496s] -- Up-to-date symlink: /home/tarun/CustomMultibot/install/nav2_bringup/share/nav2_bringup/maps/keepout_mask.pgm
[0.496s] -- Up-to-date symlink: /home/tarun/CustomMultibot/install/nav2_bringup/share/nav2_bringup/maps/keepout_mask.yaml
[0.498s] -- Up-to-date symlink: /home/tarun/CustomMultibot/install/nav2_bringup/share/nav2_bringup/maps/new_warehouse_save.pgm
[0.498s] -- Up-to-date symlink: /home/tarun/CustomMultibot/install/nav2_bringup/share/nav2_bringup/maps/new_warehouse_save.yaml
[0.499s] -- Up-to-date symlink: /home/tarun/CustomMultibot/install/nav2_bringup/share/nav2_bringup/maps/turtlebot3_world.pgm
[0.499s] -- Up-to-date symlink: /home/tarun/CustomMultibot/install/nav2_bringup/share/nav2_bringup/maps/turtlebot3_world.yaml
[0.499s] -- Up-to-date symlink: /home/tarun/CustomMultibot/install/nav2_bringup/share/nav2_bringup/rviz/nav2_default_view.rviz
[0.499s] -- Up-to-date symlink: /home/tarun/CustomMultibot/install/nav2_bringup/share/nav2_bringup/rviz/nav2_namespaced_view.rviz
[0.499s] -- Up-to-date symlink: /home/tarun/CustomMultibot/install/nav2_bringup/share/nav2_bringup/worlds/autobot.model
[0.500s] -- Up-to-date symlink: /home/tarun/CustomMultibot/install/nav2_bringup/share/nav2_bringup/worlds/waffle.model
[0.500s] -- Up-to-date symlink: /home/tarun/CustomMultibot/install/nav2_bringup/share/nav2_bringup/worlds/warehouse.world
[0.500s] -- Up-to-date symlink: /home/tarun/CustomMultibot/install/nav2_bringup/share/nav2_bringup/worlds/world_only.model
[0.500s] -- Up-to-date symlink: /home/tarun/CustomMultibot/install/nav2_bringup/share/nav2_bringup/params/map_filter_params.yaml
[0.501s] -- Up-to-date symlink: /home/tarun/CustomMultibot/install/nav2_bringup/share/nav2_bringup/params/nav2_multirobot_params_1.yaml
[0.501s] -- Up-to-date symlink: /home/tarun/CustomMultibot/install/nav2_bringup/share/nav2_bringup/params/nav2_multirobot_params_2.yaml
[0.501s] -- Up-to-date symlink: /home/tarun/CustomMultibot/install/nav2_bringup/share/nav2_bringup/params/nav2_multirobot_params_all.yaml
[0.501s] -- Up-to-date symlink: /home/tarun/CustomMultibot/install/nav2_bringup/share/nav2_bringup/params/nav2_params.yaml
[0.501s] -- Up-to-date symlink: /home/tarun/CustomMultibot/install/nav2_bringup/share/nav2_bringup/urdf/autobot.urdf
[0.501s] -- Up-to-date symlink: /home/tarun/CustomMultibot/install/nav2_bringup/share/nav2_bringup/urdf/turtlebot3_waffle.urdf
[0.502s] -- Up-to-date symlink: /home/tarun/CustomMultibot/install/nav2_bringup/share/nav2_bringup/autobot_description/gazebo_control.xacro
[0.502s] -- Up-to-date symlink: /home/tarun/CustomMultibot/install/nav2_bringup/share/nav2_bringup/autobot_description/lidar.xacro
[0.502s] -- Up-to-date symlink: /home/tarun/CustomMultibot/install/nav2_bringup/share/nav2_bringup/autobot_description/robot.urdf.xacro
[0.502s] -- Up-to-date symlink: /home/tarun/CustomMultibot/install/nav2_bringup/share/nav2_bringup/autobot_description/robot_core.xacro
[0.502s] -- Up-to-date symlink: /home/tarun/CustomMultibot/install/nav2_bringup/share/nav2_bringup/autobot_description/ros2_control.xacro
[0.502s] -- Up-to-date symlink: /home/tarun/CustomMultibot/install/nav2_bringup/share/ament_index/resource_index/package_run_dependencies/nav2_bringup
[0.502s] -- Up-to-date symlink: /home/tarun/CustomMultibot/install/nav2_bringup/share/ament_index/resource_index/parent_prefix_path/nav2_bringup
[0.502s] -- Up-to-date symlink: /home/tarun/CustomMultibot/install/nav2_bringup/share/nav2_bringup/environment/ament_prefix_path.sh
[0.503s] -- Up-to-date symlink: /home/tarun/CustomMultibot/install/nav2_bringup/share/nav2_bringup/environment/ament_prefix_path.dsv
[0.503s] -- Up-to-date symlink: /home/tarun/CustomMultibot/install/nav2_bringup/share/nav2_bringup/environment/path.sh
[0.503s] -- Up-to-date symlink: /home/tarun/CustomMultibot/install/nav2_bringup/share/nav2_bringup/environment/path.dsv
[0.503s] -- Up-to-date symlink: /home/tarun/CustomMultibot/install/nav2_bringup/share/nav2_bringup/local_setup.bash
[0.503s] -- Up-to-date symlink: /home/tarun/CustomMultibot/install/nav2_bringup/share/nav2_bringup/local_setup.sh
[0.503s] -- Up-to-date symlink: /home/tarun/CustomMultibot/install/nav2_bringup/share/nav2_bringup/local_setup.zsh
[0.503s] -- Up-to-date symlink: /home/tarun/CustomMultibot/install/nav2_bringup/share/nav2_bringup/local_setup.dsv
[0.503s] -- Symlinking: /home/tarun/CustomMultibot/install/nav2_bringup/share/nav2_bringup/package.dsv
[0.510s] -- Up-to-date symlink: /home/tarun/CustomMultibot/install/nav2_bringup/share/ament_index/resource_index/packages/nav2_bringup
[0.510s] -- Up-to-date symlink: /home/tarun/CustomMultibot/install/nav2_bringup/share/nav2_bringup/cmake/nav2_bringupConfig.cmake
[0.510s] -- Up-to-date symlink: /home/tarun/CustomMultibot/install/nav2_bringup/share/nav2_bringup/cmake/nav2_bringupConfig-version.cmake
[0.510s] -- Up-to-date symlink: /home/tarun/CustomMultibot/install/nav2_bringup/share/nav2_bringup/package.xml
[0.518s] Invoked command in '/home/tarun/CustomMultibot/build/nav2_bringup' returned '0': CMAKE_PREFIX_PATH=/opt/ros/humble /usr/bin/cmake --install /home/tarun/CustomMultibot/build/nav2_bringup
