[0.017s] Invoking command in '/home/tarun_56/multibot_ws/build/turtlebot3_simulations': AMENT_PREFIX_PATH=/home/tarun_56/multibot_ws/install/turtlebot3_gazebo:${AMENT_PREFIX_PATH} CMAKE_PREFIX_PATH=/home/tarun_56/multibot_ws/install/turtlebot3_gazebo:/opt/ros/humble /usr/bin/cmake --build /home/tarun_56/multibot_ws/build/turtlebot3_simulations -- -j4 -l4
[0.055s] -- Found ament_cmake: 1.3.10 (/opt/ros/humble/share/ament_cmake/cmake)
[0.208s] -- Override CMake install command with custom implementation using symlinks instead of copying resources
[0.293s] -- Configuring done
[0.299s] -- Generating done
[0.300s] -- Build files have been written to: /home/tarun_56/multibot_ws/build/turtlebot3_simulations
[0.333s] Invoked command in '/home/tarun_56/multibot_ws/build/turtlebot3_simulations' returned '0': AMENT_PREFIX_PATH=/home/tarun_56/multibot_ws/install/turtlebot3_gazebo:${AMENT_PREFIX_PATH} CMAKE_PREFIX_PATH=/home/tarun_56/multibot_ws/install/turtlebot3_gazebo:/opt/ros/humble /usr/bin/cmake --build /home/tarun_56/multibot_ws/build/turtlebot3_simulations -- -j4 -l4
[0.370s] Invoking command in '/home/tarun_56/multibot_ws/build/turtlebot3_simulations': AMENT_PREFIX_PATH=/home/tarun_56/multibot_ws/install/turtlebot3_gazebo:${AMENT_PREFIX_PATH} CMAKE_PREFIX_PATH=/home/tarun_56/multibot_ws/install/turtlebot3_gazebo:/opt/ros/humble /usr/bin/cmake --install /home/tarun_56/multibot_ws/build/turtlebot3_simulations
[0.380s] -- Install configuration: ""
[0.380s] -- Execute custom install script
[0.381s] -- Up-to-date symlink: /home/tarun_56/multibot_ws/install/turtlebot3_simulations/share/ament_index/resource_index/package_run_dependencies/turtlebot3_simulations
[0.381s] -- Up-to-date symlink: /home/tarun_56/multibot_ws/install/turtlebot3_simulations/share/ament_index/resource_index/parent_prefix_path/turtlebot3_simulations
[0.381s] -- Up-to-date symlink: /home/tarun_56/multibot_ws/install/turtlebot3_simulations/share/turtlebot3_simulations/environment/ament_prefix_path.sh
[0.382s] -- Up-to-date symlink: /home/tarun_56/multibot_ws/install/turtlebot3_simulations/share/turtlebot3_simulations/environment/ament_prefix_path.dsv
[0.382s] -- Up-to-date symlink: /home/tarun_56/multibot_ws/install/turtlebot3_simulations/share/turtlebot3_simulations/environment/path.sh
[0.382s] -- Up-to-date symlink: /home/tarun_56/multibot_ws/install/turtlebot3_simulations/share/turtlebot3_simulations/environment/path.dsv
[0.383s] -- Up-to-date symlink: /home/tarun_56/multibot_ws/install/turtlebot3_simulations/share/turtlebot3_simulations/local_setup.bash
[0.383s] -- Up-to-date symlink: /home/tarun_56/multibot_ws/install/turtlebot3_simulations/share/turtlebot3_simulations/local_setup.sh
[0.383s] -- Up-to-date symlink: /home/tarun_56/multibot_ws/install/turtlebot3_simulations/share/turtlebot3_simulations/local_setup.zsh
[0.383s] -- Up-to-date symlink: /home/tarun_56/multibot_ws/install/turtlebot3_simulations/share/turtlebot3_simulations/local_setup.dsv
[0.384s] -- Symlinking: /home/tarun_56/multibot_ws/install/turtlebot3_simulations/share/turtlebot3_simulations/package.dsv
[0.395s] -- Up-to-date symlink: /home/tarun_56/multibot_ws/install/turtlebot3_simulations/share/ament_index/resource_index/packages/turtlebot3_simulations
[0.395s] -- Up-to-date symlink: /home/tarun_56/multibot_ws/install/turtlebot3_simulations/share/turtlebot3_simulations/cmake/turtlebot3_simulationsConfig.cmake
[0.396s] -- Up-to-date symlink: /home/tarun_56/multibot_ws/install/turtlebot3_simulations/share/turtlebot3_simulations/cmake/turtlebot3_simulationsConfig-version.cmake
[0.396s] -- Up-to-date symlink: /home/tarun_56/multibot_ws/install/turtlebot3_simulations/share/turtlebot3_simulations/package.xml
[0.399s] Invoked command in '/home/tarun_56/multibot_ws/build/turtlebot3_simulations' returned '0': AMENT_PREFIX_PATH=/home/tarun_56/multibot_ws/install/turtlebot3_gazebo:${AMENT_PREFIX_PATH} CMAKE_PREFIX_PATH=/home/tarun_56/multibot_ws/install/turtlebot3_gazebo:/opt/ros/humble /usr/bin/cmake --install /home/tarun_56/multibot_ws/build/turtlebot3_simulations
