[0.449s] Invoking command in '/home/tarun_56/multibot_ws/build/nav2_bringup': CMAKE_PREFIX_PATH=${CMAKE_PREFIX_PATH}:/home/tarun_56/multibot_ws/install/follow_waypoints:/opt/ros/humble /usr/bin/cmake --build /home/tarun_56/multibot_ws/build/nav2_bringup -- -j4 -l4
[0.522s] Invoked command in '/home/tarun_56/multibot_ws/build/nav2_bringup' returned '0': CMAKE_PREFIX_PATH=${CMAKE_PREFIX_PATH}:/home/tarun_56/multibot_ws/install/follow_waypoints:/opt/ros/humble /usr/bin/cmake --build /home/tarun_56/multibot_ws/build/nav2_bringup -- -j4 -l4
[0.585s] Invoking command in '/home/tarun_56/multibot_ws/build/nav2_bringup': CMAKE_PREFIX_PATH=${CMAKE_PREFIX_PATH}:/home/tarun_56/multibot_ws/install/follow_waypoints:/opt/ros/humble /usr/bin/cmake --install /home/tarun_56/multibot_ws/build/nav2_bringup
[0.605s] -- Install configuration: "Release"
[0.608s] -- Execute custom install script
[0.609s] -- Up-to-date symlink: /home/tarun_56/multibot_ws/install/nav2_bringup/share/nav2_bringup/launch/bringup_launch.py
[0.612s] -- Up-to-date symlink: /home/tarun_56/multibot_ws/install/nav2_bringup/share/nav2_bringup/launch/cloned_multi_tb3_simulation_launch.py
[0.613s] -- Up-to-date symlink: /home/tarun_56/multibot_ws/install/nav2_bringup/share/nav2_bringup/launch/localization_launch.py
[0.614s] -- Up-to-date symlink: /home/tarun_56/multibot_ws/install/nav2_bringup/share/nav2_bringup/launch/map_filters_launch.py
[0.615s] -- Up-to-date symlink: /home/tarun_56/multibot_ws/install/nav2_bringup/share/nav2_bringup/launch/navigation_launch.py
[0.616s] -- Up-to-date symlink: /home/tarun_56/multibot_ws/install/nav2_bringup/share/nav2_bringup/launch/rviz_launch.py
[0.617s] -- Up-to-date symlink: /home/tarun_56/multibot_ws/install/nav2_bringup/share/nav2_bringup/launch/slam_launch.py
[0.617s] -- Up-to-date symlink: /home/tarun_56/multibot_ws/install/nav2_bringup/share/nav2_bringup/launch/tb3_simulation_launch.py
[0.618s] -- Up-to-date symlink: /home/tarun_56/multibot_ws/install/nav2_bringup/share/nav2_bringup/launch/unique_multi_tb3_simulation_launch.py
[0.618s] -- Up-to-date symlink: /home/tarun_56/multibot_ws/install/nav2_bringup/share/nav2_bringup/launch/warehouse_multibot_launch.py
[0.620s] -- Up-to-date symlink: /home/tarun_56/multibot_ws/install/nav2_bringup/share/nav2_bringup/maps/new_warehouse_save.pgm
[0.620s] -- Up-to-date symlink: /home/tarun_56/multibot_ws/install/nav2_bringup/share/nav2_bringup/maps/new_warehouse_save.yaml
[0.621s] -- Up-to-date symlink: /home/tarun_56/multibot_ws/install/nav2_bringup/share/nav2_bringup/maps/turtlebot3_world.pgm
[0.622s] -- Up-to-date symlink: /home/tarun_56/multibot_ws/install/nav2_bringup/share/nav2_bringup/maps/turtlebot3_world.yaml
[0.622s] -- Up-to-date symlink: /home/tarun_56/multibot_ws/install/nav2_bringup/share/nav2_bringup/rviz/nav2_default_view.rviz
[0.623s] -- Up-to-date symlink: /home/tarun_56/multibot_ws/install/nav2_bringup/share/nav2_bringup/rviz/nav2_namespaced_view.rviz
[0.624s] -- Up-to-date symlink: /home/tarun_56/multibot_ws/install/nav2_bringup/share/nav2_bringup/worlds/waffle.model
[0.625s] -- Up-to-date symlink: /home/tarun_56/multibot_ws/install/nav2_bringup/share/nav2_bringup/worlds/warehouse.world
[0.626s] -- Up-to-date symlink: /home/tarun_56/multibot_ws/install/nav2_bringup/share/nav2_bringup/worlds/world_only.model
[0.627s] -- Up-to-date symlink: /home/tarun_56/multibot_ws/install/nav2_bringup/share/nav2_bringup/params/map_filter_params.yaml
[0.628s] -- Up-to-date symlink: /home/tarun_56/multibot_ws/install/nav2_bringup/share/nav2_bringup/params/nav2_multirobot_params_1.yaml
[0.629s] -- Up-to-date symlink: /home/tarun_56/multibot_ws/install/nav2_bringup/share/nav2_bringup/params/nav2_multirobot_params_2.yaml
[0.630s] -- Up-to-date symlink: /home/tarun_56/multibot_ws/install/nav2_bringup/share/nav2_bringup/params/nav2_multirobot_params_all.yaml
[0.631s] -- Up-to-date symlink: /home/tarun_56/multibot_ws/install/nav2_bringup/share/nav2_bringup/params/nav2_params.yaml
[0.631s] -- Up-to-date symlink: /home/tarun_56/multibot_ws/install/nav2_bringup/share/nav2_bringup/urdf/turtlebot3_waffle.urdf
[0.632s] -- Up-to-date symlink: /home/tarun_56/multibot_ws/install/nav2_bringup/share/ament_index/resource_index/package_run_dependencies/nav2_bringup
[0.633s] -- Up-to-date symlink: /home/tarun_56/multibot_ws/install/nav2_bringup/share/ament_index/resource_index/parent_prefix_path/nav2_bringup
[0.634s] -- Up-to-date symlink: /home/tarun_56/multibot_ws/install/nav2_bringup/share/nav2_bringup/environment/ament_prefix_path.sh
[0.635s] -- Up-to-date symlink: /home/tarun_56/multibot_ws/install/nav2_bringup/share/nav2_bringup/environment/ament_prefix_path.dsv
[0.636s] -- Up-to-date symlink: /home/tarun_56/multibot_ws/install/nav2_bringup/share/nav2_bringup/environment/path.sh
[0.650s] -- Up-to-date symlink: /home/tarun_56/multibot_ws/install/nav2_bringup/share/nav2_bringup/environment/path.dsv
[0.650s] -- Up-to-date symlink: /home/tarun_56/multibot_ws/install/nav2_bringup/share/nav2_bringup/local_setup.bash
[0.650s] -- Up-to-date symlink: /home/tarun_56/multibot_ws/install/nav2_bringup/share/nav2_bringup/local_setup.sh
[0.650s] -- Up-to-date symlink: /home/tarun_56/multibot_ws/install/nav2_bringup/share/nav2_bringup/local_setup.zsh
[0.650s] -- Up-to-date symlink: /home/tarun_56/multibot_ws/install/nav2_bringup/share/nav2_bringup/local_setup.dsv
[0.650s] -- Symlinking: /home/tarun_56/multibot_ws/install/nav2_bringup/share/nav2_bringup/package.dsv
[0.689s] -- Up-to-date symlink: /home/tarun_56/multibot_ws/install/nav2_bringup/share/ament_index/resource_index/packages/nav2_bringup
[0.689s] -- Up-to-date symlink: /home/tarun_56/multibot_ws/install/nav2_bringup/share/nav2_bringup/cmake/nav2_bringupConfig.cmake
[0.689s] -- Up-to-date symlink: /home/tarun_56/multibot_ws/install/nav2_bringup/share/nav2_bringup/cmake/nav2_bringupConfig-version.cmake
[0.689s] -- Up-to-date symlink: /home/tarun_56/multibot_ws/install/nav2_bringup/share/nav2_bringup/package.xml
[0.698s] Invoked command in '/home/tarun_56/multibot_ws/build/nav2_bringup' returned '0': CMAKE_PREFIX_PATH=${CMAKE_PREFIX_PATH}:/home/tarun_56/multibot_ws/install/follow_waypoints:/opt/ros/humble /usr/bin/cmake --install /home/tarun_56/multibot_ws/build/nav2_bringup
