[0.020s] Invoking command in '/home/tarun_56/multibot_ws/build/turtlebot3_simulations': CMAKE_PREFIX_PATH=/home/tarun_56/multibot_ws/install/turtlebot3_gazebo:/home/tarun_56/multibot_ws/install/turtlebot3_simulations:/home/tarun_56/multibot_ws/install/nav2_bringup:/home/tarun_56/multibot_ws/install/follow_waypoints:/opt/ros/humble /usr/bin/cmake --build /home/tarun_56/multibot_ws/build/turtlebot3_simulations -- -j4 -l4
[0.110s] Invoked command in '/home/tarun_56/multibot_ws/build/turtlebot3_simulations' returned '0': CMAKE_PREFIX_PATH=/home/tarun_56/multibot_ws/install/turtlebot3_gazebo:/home/tarun_56/multibot_ws/install/turtlebot3_simulations:/home/tarun_56/multibot_ws/install/nav2_bringup:/home/tarun_56/multibot_ws/install/follow_waypoints:/opt/ros/humble /usr/bin/cmake --build /home/tarun_56/multibot_ws/build/turtlebot3_simulations -- -j4 -l4
[0.182s] Invoking command in '/home/tarun_56/multibot_ws/build/turtlebot3_simulations': CMAKE_PREFIX_PATH=/home/tarun_56/multibot_ws/install/turtlebot3_gazebo:/home/tarun_56/multibot_ws/install/turtlebot3_simulations:/home/tarun_56/multibot_ws/install/nav2_bringup:/home/tarun_56/multibot_ws/install/follow_waypoints:/opt/ros/humble /usr/bin/cmake --install /home/tarun_56/multibot_ws/build/turtlebot3_simulations
[0.200s] -- Install configuration: ""
[0.201s] -- Execute custom install script
[0.202s] -- Up-to-date symlink: /home/tarun_56/multibot_ws/install/turtlebot3_simulations/share/ament_index/resource_index/package_run_dependencies/turtlebot3_simulations
[0.203s] -- Up-to-date symlink: /home/tarun_56/multibot_ws/install/turtlebot3_simulations/share/ament_index/resource_index/parent_prefix_path/turtlebot3_simulations
[0.204s] -- Up-to-date symlink: /home/tarun_56/multibot_ws/install/turtlebot3_simulations/share/turtlebot3_simulations/environment/ament_prefix_path.sh
[0.204s] -- Up-to-date symlink: /home/tarun_56/multibot_ws/install/turtlebot3_simulations/share/turtlebot3_simulations/environment/ament_prefix_path.dsv
[0.205s] -- Up-to-date symlink: /home/tarun_56/multibot_ws/install/turtlebot3_simulations/share/turtlebot3_simulations/environment/path.sh
[0.206s] -- Up-to-date symlink: /home/tarun_56/multibot_ws/install/turtlebot3_simulations/share/turtlebot3_simulations/environment/path.dsv
[0.206s] -- Up-to-date symlink: /home/tarun_56/multibot_ws/install/turtlebot3_simulations/share/turtlebot3_simulations/local_setup.bash
[0.207s] -- Up-to-date symlink: /home/tarun_56/multibot_ws/install/turtlebot3_simulations/share/turtlebot3_simulations/local_setup.sh
[0.208s] -- Up-to-date symlink: /home/tarun_56/multibot_ws/install/turtlebot3_simulations/share/turtlebot3_simulations/local_setup.zsh
[0.208s] -- Up-to-date symlink: /home/tarun_56/multibot_ws/install/turtlebot3_simulations/share/turtlebot3_simulations/local_setup.dsv
[0.209s] -- Symlinking: /home/tarun_56/multibot_ws/install/turtlebot3_simulations/share/turtlebot3_simulations/package.dsv
[0.229s] -- Up-to-date symlink: /home/tarun_56/multibot_ws/install/turtlebot3_simulations/share/ament_index/resource_index/packages/turtlebot3_simulations
[0.230s] -- Up-to-date symlink: /home/tarun_56/multibot_ws/install/turtlebot3_simulations/share/turtlebot3_simulations/cmake/turtlebot3_simulationsConfig.cmake
[0.230s] -- Up-to-date symlink: /home/tarun_56/multibot_ws/install/turtlebot3_simulations/share/turtlebot3_simulations/cmake/turtlebot3_simulationsConfig-version.cmake
[0.231s] -- Up-to-date symlink: /home/tarun_56/multibot_ws/install/turtlebot3_simulations/share/turtlebot3_simulations/package.xml
[0.236s] Invoked command in '/home/tarun_56/multibot_ws/build/turtlebot3_simulations' returned '0': CMAKE_PREFIX_PATH=/home/tarun_56/multibot_ws/install/turtlebot3_gazebo:/home/tarun_56/multibot_ws/install/turtlebot3_simulations:/home/tarun_56/multibot_ws/install/nav2_bringup:/home/tarun_56/multibot_ws/install/follow_waypoints:/opt/ros/humble /usr/bin/cmake --install /home/tarun_56/multibot_ws/build/turtlebot3_simulations
