[0.033s] Invoking command in '/home/tarun_56/multibot_ws/build/turtlebot3_gazebo': CMAKE_PREFIX_PATH=${CMAKE_PREFIX_PATH}:/home/tarun_56/multibot_ws/install/follow_waypoints:/opt/ros/humble /usr/bin/cmake /home/tarun_56/multibot_ws/src/turtlebot3_gazebo -DAMENT_CMAKE_SYMLINK_INSTALL=1 -DCMAKE_INSTALL_PREFIX=/home/tarun_56/multibot_ws/install/turtlebot3_gazebo
[0.434s] -- The C compiler identification is GNU 11.4.0
[0.434s] -- The CXX compiler identification is GNU 11.4.0
[0.434s] -- Detecting C compiler ABI info
[0.499s] -- Detecting C compiler ABI info - done
[0.512s] -- Check for working C compiler: /usr/bin/cc - skipped
[0.513s] -- Detecting C compile features
[0.515s] -- Detecting C compile features - done
[0.521s] -- Detecting CXX compiler ABI info
[0.680s] -- Detecting CXX compiler ABI info - done
[0.697s] -- Check for working CXX compiler: /usr/bin/c++ - skipped
[0.698s] -- Detecting CXX compile features
[0.699s] -- Detecting CXX compile features - done
[0.708s] -- Found ament_cmake: 1.3.9 (/opt/ros/humble/share/ament_cmake/cmake)
[1.067s] -- Found Python3: /usr/bin/python3 (found version "3.10.12") found components: Interpreter 
[1.199s] -- Override CMake install command with custom implementation using symlinks instead of copying resources
[1.282s] [33mCMake Warning (dev) at /usr/share/cmake-3.22/Modules/FindPackageHandleStandardArgs.cmake:438 (message):
[1.282s]   The package name passed to `find_package_handle_standard_args` (PkgConfig)
[1.282s]   does not match the name of the calling package (gazebo).  This can lead to
[1.282s]   problems in calling code that expects `find_package` result variables
[1.282s]   (e.g., `_FOUND`) to follow a certain pattern.
[1.283s] Call Stack (most recent call first):
[1.283s]   /usr/share/cmake-3.22/Modules/FindPkgConfig.cmake:99 (find_package_handle_standard_args)
[1.283s]   /usr/lib/x86_64-linux-gnu/cmake/gazebo/gazebo-config.cmake:72 (include)
[1.283s]   CMakeLists.txt:23 (find_package)
[1.283s] This warning is for project developers.  Use -Wno-dev to suppress it.
[1.283s] [0m
[1.283s] -- Found PkgConfig: /usr/bin/pkg-config (found version "0.29.2") 
[1.287s] -- Checking for module 'bullet>=2.82'
[1.318s] --   Found bullet, version 3.05
[1.552s] -- Found fcl: /usr/include (found suitable version "0.7.0", minimum required is "0.5.0") 
[1.674s] -- Found assimp: /usr/include (found version "5.2.0") 
[1.703s] -- Found DART: /usr/include (Required is at least version "6.6") found components: dart 
[2.067s] -- Found Boost: /usr/lib/x86_64-linux-gnu/cmake/Boost-1.74.0/BoostConfig.cmake (found suitable version "1.74.0", minimum required is "1.40.0") found components: thread system filesystem program_options regex iostreams date_time 
[2.092s] -- Found Protobuf: /usr/lib/x86_64-linux-gnu/libprotobuf.so (found version "3.12.4") 
[2.101s] -- Looking for ignition-math6 -- found version 6.15.1
[2.110s] -- Searching for dependencies of ignition-math6
[2.112s] -- Looking for OGRE...
[2.113s] -- OGRE_PREFIX_WATCH changed.
[2.118s] -- Checking for module 'OGRE'
[2.142s] --   Found OGRE, version 1.9.0
[2.218s] -- Found Ogre Ghadamon (1.9.0)
[2.244s] -- Found OGRE: optimized;/usr/lib/x86_64-linux-gnu/libOgreMain.so;debug;/usr/lib/x86_64-linux-gnu/libOgreMain.so
[2.258s] -- Looking for OGRE_Paging...
[2.266s] -- Found OGRE_Paging: optimized;/usr/lib/x86_64-linux-gnu/libOgrePaging.so;debug;/usr/lib/x86_64-linux-gnu/libOgrePaging.so
[2.266s] -- Looking for OGRE_Terrain...
[2.274s] -- Found OGRE_Terrain: optimized;/usr/lib/x86_64-linux-gnu/libOgreTerrain.so;debug;/usr/lib/x86_64-linux-gnu/libOgreTerrain.so
[2.274s] -- Looking for OGRE_Property...
[2.283s] -- Found OGRE_Property: optimized;/usr/lib/x86_64-linux-gnu/libOgreProperty.so;debug;/usr/lib/x86_64-linux-gnu/libOgreProperty.so
[2.283s] -- Looking for OGRE_RTShaderSystem...
[2.290s] -- Found OGRE_RTShaderSystem: optimized;/usr/lib/x86_64-linux-gnu/libOgreRTShaderSystem.so;debug;/usr/lib/x86_64-linux-gnu/libOgreRTShaderSystem.so
[2.290s] -- Looking for OGRE_Volume...
[2.301s] -- Found OGRE_Volume: optimized;/usr/lib/x86_64-linux-gnu/libOgreVolume.so;debug;/usr/lib/x86_64-linux-gnu/libOgreVolume.so
[2.301s] -- Looking for OGRE_Overlay...
[2.310s] -- Found OGRE_Overlay: optimized;/usr/lib/x86_64-linux-gnu/libOgreOverlay.so;debug;/usr/lib/x86_64-linux-gnu/libOgreOverlay.so
[2.478s] -- Looking for ignition-math6 -- found version 6.15.1
[2.480s] -- Looking for ignition-transport8 -- found version 8.2.1
[2.482s] -- Searching for dependencies of ignition-transport8
[2.521s] -- Found Protobuf: /usr/lib/x86_64-linux-gnu/libprotobuf.so (found suitable version "3.12.4", minimum required is "3") 
[2.535s] -- Config-file not installed for ZeroMQ -- checking for pkg-config
[2.544s] -- Checking for module 'libzmq >= 4'
[2.569s] --   Found libzmq , version 4.3.4
[2.644s] -- Found ZeroMQ: TRUE (Required is at least version "4") 
[2.654s] -- Checking for module 'uuid'
[2.681s] --   Found uuid, version 2.37.2
[2.754s] -- Found UUID: TRUE  
[2.759s] -- Looking for ignition-msgs5 -- found version 5.8.1
[2.760s] -- Searching for dependencies of ignition-msgs5
[2.797s] -- Looking for ignition-math6 -- found version 6.15.1
[2.806s] -- Checking for module 'tinyxml2'
[2.851s] --   Found tinyxml2, version 9.0.0
[2.981s] -- Looking for ignition-msgs5 -- found version 5.8.1
[2.986s] -- Looking for ignition-common3 -- found version 3.14.0
[2.987s] -- Searching for dependencies of ignition-common3
[2.988s] -- Looking for dlfcn.h - found
[2.989s] -- Looking for libdl - found
[2.991s] -- Found DL: TRUE  
[3.018s] -- Found tinyobjloader: /usr/lib/x86_64-linux-gnu/cmake/tinyobjloader/tinyobjloader-config.cmake (found version "2.0.0") 
[3.019s] -- Searching for <ignition-common3> component [graphics]
[3.022s] -- Looking for ignition-common3-graphics -- found version 3.14.0
[3.023s] -- Searching for dependencies of ignition-common3-graphics
[3.025s] -- Looking for ignition-math6 -- found version 6.15.1
[3.031s] -- Looking for ignition-fuel_tools4 -- found version 4.4.0
[3.031s] -- Searching for dependencies of ignition-fuel_tools4
[3.235s] -- Found CURL: /usr/lib/x86_64-linux-gnu/libcurl.so (found version "7.81.0")  
[3.254s] -- Checking for module 'jsoncpp'
[3.287s] --   Found jsoncpp, version 1.9.5
[3.358s] -- Found JSONCPP: TRUE  
[3.369s] -- Checking for module 'libzip'
[3.403s] --   Found libzip, version 1.7.3
[3.496s] -- Found ZIP: TRUE  
[3.498s] -- Looking for ignition-common3 -- found version 3.14.0
[3.498s] -- Looking for ignition-math6 -- found version 6.15.1
[3.499s] -- Looking for ignition-msgs5 -- found version 5.8.1
[3.510s] -- Found gazebo_ros_pkgs: 3.7.0 (/opt/ros/humble/share/gazebo_ros_pkgs/cmake)
[3.514s] -- Found geometry_msgs: 4.2.4 (/opt/ros/humble/share/geometry_msgs/cmake)
[3.590s] -- Found rosidl_generator_c: 3.1.5 (/opt/ros/humble/share/rosidl_generator_c/cmake)
[3.604s] -- Found rosidl_adapter: 3.1.5 (/opt/ros/humble/share/rosidl_adapter/cmake)
[3.618s] -- Found rosidl_generator_cpp: 3.1.5 (/opt/ros/humble/share/rosidl_generator_cpp/cmake)
[3.650s] -- Using all available rosidl_typesupport_c: rosidl_typesupport_fastrtps_c;rosidl_typesupport_introspection_c
[3.682s] -- Using all available rosidl_typesupport_cpp: rosidl_typesupport_fastrtps_cpp;rosidl_typesupport_introspection_cpp
[3.834s] -- Found nav_msgs: 4.2.4 (/opt/ros/humble/share/nav_msgs/cmake)
[3.941s] -- Found rclcpp: 16.0.9 (/opt/ros/humble/share/rclcpp/cmake)
[4.014s] -- Found rmw_implementation_cmake: 6.1.2 (/opt/ros/humble/share/rmw_implementation_cmake/cmake)
[4.018s] -- Found rmw_fastrtps_cpp: 6.2.6 (/opt/ros/humble/share/rmw_fastrtps_cpp/cmake)
[4.180s] -- Found OpenSSL: /usr/lib/x86_64-linux-gnu/libcrypto.so (found version "3.0.2")  
[4.213s] -- Found FastRTPS: /opt/ros/humble/include  
[4.287s] -- Using RMW implementation 'rmw_fastrtps_cpp' as default
[4.301s] -- Found Threads: TRUE  
[4.461s] -- Found sensor_msgs: 4.2.4 (/opt/ros/humble/share/sensor_msgs/cmake)
[4.574s] -- Found tf2: 0.25.7 (/opt/ros/humble/share/tf2/cmake)
[4.683s] -- Configuring done
[4.738s] -- Generating done
[4.742s] -- Build files have been written to: /home/tarun_56/multibot_ws/build/turtlebot3_gazebo
[4.759s] Invoked command in '/home/tarun_56/multibot_ws/build/turtlebot3_gazebo' returned '0': CMAKE_PREFIX_PATH=${CMAKE_PREFIX_PATH}:/home/tarun_56/multibot_ws/install/follow_waypoints:/opt/ros/humble /usr/bin/cmake /home/tarun_56/multibot_ws/src/turtlebot3_gazebo -DAMENT_CMAKE_SYMLINK_INSTALL=1 -DCMAKE_INSTALL_PREFIX=/home/tarun_56/multibot_ws/install/turtlebot3_gazebo
[4.763s] Invoking command in '/home/tarun_56/multibot_ws/build/turtlebot3_gazebo': CMAKE_PREFIX_PATH=${CMAKE_PREFIX_PATH}:/home/tarun_56/multibot_ws/install/follow_waypoints:/opt/ros/humble /usr/bin/cmake --build /home/tarun_56/multibot_ws/build/turtlebot3_gazebo -- -j4 -l4
[4.868s] [ 12%] [32mBuilding CXX object CMakeFiles/obstacle1.dir/models/turtlebot3_dqn_world/obstacle_plugin/obstacle1.cc.o[0m
[4.869s] [ 25%] [32mBuilding CXX object CMakeFiles/turtlebot3_drive.dir/src/turtlebot3_drive.cpp.o[0m
[4.870s] [ 37%] [32mBuilding CXX object CMakeFiles/obstacles.dir/models/turtlebot3_dqn_world/obstacle_plugin/obstacles.cc.o[0m
[4.910s] [ 50%] [32mBuilding CXX object CMakeFiles/obstacle2.dir/models/turtlebot3_dqn_world/obstacle_plugin/obstacle2.cc.o[0m
[26.302s] [ 62%] [32m[1mLinking CXX executable turtlebot3_drive[0m
[27.535s] [ 62%] Built target turtlebot3_drive
[28.211s] [ 75%] [32m[1mLinking CXX shared library libobstacle1.so[0m
[28.562s] [ 87%] [32m[1mLinking CXX shared library libobstacles.so[0m
[28.958s] [ 87%] Built target obstacles
[29.031s] [ 87%] Built target obstacle1
[29.071s] [100%] [32m[1mLinking CXX shared library libobstacle2.so[0m
[29.361s] [100%] Built target obstacle2
[29.388s] Invoked command in '/home/tarun_56/multibot_ws/build/turtlebot3_gazebo' returned '0': CMAKE_PREFIX_PATH=${CMAKE_PREFIX_PATH}:/home/tarun_56/multibot_ws/install/follow_waypoints:/opt/ros/humble /usr/bin/cmake --build /home/tarun_56/multibot_ws/build/turtlebot3_gazebo -- -j4 -l4
[29.459s] Invoking command in '/home/tarun_56/multibot_ws/build/turtlebot3_gazebo': CMAKE_PREFIX_PATH=${CMAKE_PREFIX_PATH}:/home/tarun_56/multibot_ws/install/follow_waypoints:/opt/ros/humble /usr/bin/cmake --install /home/tarun_56/multibot_ws/build/turtlebot3_gazebo
[29.471s] -- Install configuration: ""
[29.473s] -- Execute custom install script
[29.474s] -- Symlinking: /home/tarun_56/multibot_ws/install/turtlebot3_gazebo/lib/turtlebot3_gazebo/turtlebot3_drive
[29.491s] -- Symlinking: /home/tarun_56/multibot_ws/install/turtlebot3_gazebo/share/turtlebot3_gazebo//launch/empty_world.launch.py
[29.507s] -- Symlinking: /home/tarun_56/multibot_ws/install/turtlebot3_gazebo/share/turtlebot3_gazebo//launch/robot_state_publisher.launch.py
[29.519s] -- Symlinking: /home/tarun_56/multibot_ws/install/turtlebot3_gazebo/share/turtlebot3_gazebo//launch/spawn_turtlebot3.launch.py
[29.533s] -- Symlinking: /home/tarun_56/multibot_ws/install/turtlebot3_gazebo/share/turtlebot3_gazebo//launch/turtlebot3_dqn_stage1.launch.py
[29.547s] -- Symlinking: /home/tarun_56/multibot_ws/install/turtlebot3_gazebo/share/turtlebot3_gazebo//launch/turtlebot3_dqn_stage2.launch.py
[29.561s] -- Symlinking: /home/tarun_56/multibot_ws/install/turtlebot3_gazebo/share/turtlebot3_gazebo//launch/turtlebot3_dqn_stage3.launch.py
[29.577s] -- Symlinking: /home/tarun_56/multibot_ws/install/turtlebot3_gazebo/share/turtlebot3_gazebo//launch/turtlebot3_dqn_stage4.launch.py
[29.593s] -- Symlinking: /home/tarun_56/multibot_ws/install/turtlebot3_gazebo/share/turtlebot3_gazebo//launch/turtlebot3_house.launch.py
[29.609s] -- Symlinking: /home/tarun_56/multibot_ws/install/turtlebot3_gazebo/share/turtlebot3_gazebo//launch/turtlebot3_world.launch.py
[29.623s] -- Symlinking: /home/tarun_56/multibot_ws/install/turtlebot3_gazebo/share/turtlebot3_gazebo//launch/warehouse_world.launch.py
[29.638s] -- Symlinking: /home/tarun_56/multibot_ws/install/turtlebot3_gazebo/share/turtlebot3_gazebo//models/turtlebot3_burger/model-1_4.sdf
[29.654s] -- Symlinking: /home/tarun_56/multibot_ws/install/turtlebot3_gazebo/share/turtlebot3_gazebo//models/turtlebot3_burger/model.config
[29.669s] -- Symlinking: /home/tarun_56/multibot_ws/install/turtlebot3_gazebo/share/turtlebot3_gazebo//models/turtlebot3_burger/model.sdf
[29.681s] -- Symlinking: /home/tarun_56/multibot_ws/install/turtlebot3_gazebo/share/turtlebot3_gazebo//models/turtlebot3_common/meshes/burger_base.dae
[29.694s] -- Symlinking: /home/tarun_56/multibot_ws/install/turtlebot3_gazebo/share/turtlebot3_gazebo//models/turtlebot3_common/meshes/lds.dae
[29.707s] -- Symlinking: /home/tarun_56/multibot_ws/install/turtlebot3_gazebo/share/turtlebot3_gazebo//models/turtlebot3_common/meshes/r200.dae
[29.719s] -- Symlinking: /home/tarun_56/multibot_ws/install/turtlebot3_gazebo/share/turtlebot3_gazebo//models/turtlebot3_common/meshes/tire.dae
[29.733s] -- Symlinking: /home/tarun_56/multibot_ws/install/turtlebot3_gazebo/share/turtlebot3_gazebo//models/turtlebot3_common/meshes/waffle_base.dae
[29.749s] -- Symlinking: /home/tarun_56/multibot_ws/install/turtlebot3_gazebo/share/turtlebot3_gazebo//models/turtlebot3_common/meshes/waffle_pi_base.dae
[29.765s] -- Symlinking: /home/tarun_56/multibot_ws/install/turtlebot3_gazebo/share/turtlebot3_gazebo//models/turtlebot3_common/model.config
[29.778s] -- Symlinking: /home/tarun_56/multibot_ws/install/turtlebot3_gazebo/share/turtlebot3_gazebo//models/turtlebot3_dqn_world/goal_box/model.config
[29.791s] -- Symlinking: /home/tarun_56/multibot_ws/install/turtlebot3_gazebo/share/turtlebot3_gazebo//models/turtlebot3_dqn_world/goal_box/model.sdf
[29.803s] -- Symlinking: /home/tarun_56/multibot_ws/install/turtlebot3_gazebo/share/turtlebot3_gazebo//models/turtlebot3_dqn_world/inner_walls/model.config
[29.821s] -- Symlinking: /home/tarun_56/multibot_ws/install/turtlebot3_gazebo/share/turtlebot3_gazebo//models/turtlebot3_dqn_world/inner_walls/model.sdf
[29.833s] -- Symlinking: /home/tarun_56/multibot_ws/install/turtlebot3_gazebo/share/turtlebot3_gazebo//models/turtlebot3_dqn_world/model.config
[29.845s] -- Symlinking: /home/tarun_56/multibot_ws/install/turtlebot3_gazebo/share/turtlebot3_gazebo//models/turtlebot3_dqn_world/model.sdf
[29.860s] -- Symlinking: /home/tarun_56/multibot_ws/install/turtlebot3_gazebo/share/turtlebot3_gazebo//models/turtlebot3_dqn_world/obstacle1/model.config
[29.877s] -- Symlinking: /home/tarun_56/multibot_ws/install/turtlebot3_gazebo/share/turtlebot3_gazebo//models/turtlebot3_dqn_world/obstacle1/model.sdf
[29.893s] -- Symlinking: /home/tarun_56/multibot_ws/install/turtlebot3_gazebo/share/turtlebot3_gazebo//models/turtlebot3_dqn_world/obstacle2/model.config
[29.908s] -- Symlinking: /home/tarun_56/multibot_ws/install/turtlebot3_gazebo/share/turtlebot3_gazebo//models/turtlebot3_dqn_world/obstacle2/model.sdf
[29.922s] -- Symlinking: /home/tarun_56/multibot_ws/install/turtlebot3_gazebo/share/turtlebot3_gazebo//models/turtlebot3_dqn_world/obstacle_plugin/CMakeLists.txt
[29.938s] -- Symlinking: /home/tarun_56/multibot_ws/install/turtlebot3_gazebo/share/turtlebot3_gazebo//models/turtlebot3_dqn_world/obstacle_plugin/obstacle1.cc
[29.953s] -- Symlinking: /home/tarun_56/multibot_ws/install/turtlebot3_gazebo/share/turtlebot3_gazebo//models/turtlebot3_dqn_world/obstacle_plugin/obstacle2.cc
[29.966s] -- Symlinking: /home/tarun_56/multibot_ws/install/turtlebot3_gazebo/share/turtlebot3_gazebo//models/turtlebot3_dqn_world/obstacle_plugin/obstacles.cc
[29.979s] -- Symlinking: /home/tarun_56/multibot_ws/install/turtlebot3_gazebo/share/turtlebot3_gazebo//models/turtlebot3_dqn_world/obstacles/model.config
[29.994s] -- Symlinking: /home/tarun_56/multibot_ws/install/turtlebot3_gazebo/share/turtlebot3_gazebo//models/turtlebot3_dqn_world/obstacles/model.sdf
[30.010s] -- Symlinking: /home/tarun_56/multibot_ws/install/turtlebot3_gazebo/share/turtlebot3_gazebo//models/turtlebot3_house/model.config
[30.024s] -- Symlinking: /home/tarun_56/multibot_ws/install/turtlebot3_gazebo/share/turtlebot3_gazebo//models/turtlebot3_house/model.sdf
[30.038s] -- Symlinking: /home/tarun_56/multibot_ws/install/turtlebot3_gazebo/share/turtlebot3_gazebo//models/turtlebot3_waffle/model-1_4.sdf
[30.050s] -- Symlinking: /home/tarun_56/multibot_ws/install/turtlebot3_gazebo/share/turtlebot3_gazebo//models/turtlebot3_waffle/model.config
[30.070s] -- Symlinking: /home/tarun_56/multibot_ws/install/turtlebot3_gazebo/share/turtlebot3_gazebo//models/turtlebot3_waffle/model.sdf
[30.092s] -- Symlinking: /home/tarun_56/multibot_ws/install/turtlebot3_gazebo/share/turtlebot3_gazebo//models/turtlebot3_waffle_pi/model-1_4_.sdf
[30.107s] -- Symlinking: /home/tarun_56/multibot_ws/install/turtlebot3_gazebo/share/turtlebot3_gazebo//models/turtlebot3_waffle_pi/model.config
[30.126s] -- Symlinking: /home/tarun_56/multibot_ws/install/turtlebot3_gazebo/share/turtlebot3_gazebo//models/turtlebot3_waffle_pi/model.sdf
[30.142s] -- Symlinking: /home/tarun_56/multibot_ws/install/turtlebot3_gazebo/share/turtlebot3_gazebo//models/turtlebot3_world/meshes/hexagon.dae
[30.159s] -- Symlinking: /home/tarun_56/multibot_ws/install/turtlebot3_gazebo/share/turtlebot3_gazebo//models/turtlebot3_world/meshes/wall.dae
[30.177s] -- Symlinking: /home/tarun_56/multibot_ws/install/turtlebot3_gazebo/share/turtlebot3_gazebo//models/turtlebot3_world/model-1_4.sdf
[30.194s] -- Symlinking: /home/tarun_56/multibot_ws/install/turtlebot3_gazebo/share/turtlebot3_gazebo//models/turtlebot3_world/model.config
[30.211s] -- Symlinking: /home/tarun_56/multibot_ws/install/turtlebot3_gazebo/share/turtlebot3_gazebo//models/turtlebot3_world/model.sdf
[30.227s] -- Symlinking: /home/tarun_56/multibot_ws/install/turtlebot3_gazebo/share/turtlebot3_gazebo//rviz/tb3_gazebo.rviz
[30.245s] -- Symlinking: /home/tarun_56/multibot_ws/install/turtlebot3_gazebo/share/turtlebot3_gazebo//urdf/common_properties.urdf
[30.263s] -- Symlinking: /home/tarun_56/multibot_ws/install/turtlebot3_gazebo/share/turtlebot3_gazebo//urdf/turtlebot3_burger.urdf
[30.281s] -- Symlinking: /home/tarun_56/multibot_ws/install/turtlebot3_gazebo/share/turtlebot3_gazebo//urdf/turtlebot3_waffle.urdf
[30.295s] -- Symlinking: /home/tarun_56/multibot_ws/install/turtlebot3_gazebo/share/turtlebot3_gazebo//urdf/turtlebot3_waffle_pi.urdf
[30.313s] -- Symlinking: /home/tarun_56/multibot_ws/install/turtlebot3_gazebo/share/turtlebot3_gazebo//worlds/empty_world.world
[30.329s] -- Symlinking: /home/tarun_56/multibot_ws/install/turtlebot3_gazebo/share/turtlebot3_gazebo//worlds/turtlebot3_dqn_stage1.world
[30.343s] -- Symlinking: /home/tarun_56/multibot_ws/install/turtlebot3_gazebo/share/turtlebot3_gazebo//worlds/turtlebot3_dqn_stage2.world
[30.359s] -- Symlinking: /home/tarun_56/multibot_ws/install/turtlebot3_gazebo/share/turtlebot3_gazebo//worlds/turtlebot3_dqn_stage3.world
[30.376s] -- Symlinking: /home/tarun_56/multibot_ws/install/turtlebot3_gazebo/share/turtlebot3_gazebo//worlds/turtlebot3_dqn_stage4.world
[30.389s] -- Symlinking: /home/tarun_56/multibot_ws/install/turtlebot3_gazebo/share/turtlebot3_gazebo//worlds/turtlebot3_house.world
[30.403s] -- Symlinking: /home/tarun_56/multibot_ws/install/turtlebot3_gazebo/share/turtlebot3_gazebo//worlds/turtlebot3_world.world
[30.416s] -- Symlinking: /home/tarun_56/multibot_ws/install/turtlebot3_gazebo/share/turtlebot3_gazebo//worlds/warehouse.world
[30.430s] -- Symlinking: /home/tarun_56/multibot_ws/install/turtlebot3_gazebo/include//turtlebot3_gazebo/turtlebot3_drive.hpp
[30.446s] -- Symlinking: /home/tarun_56/multibot_ws/install/turtlebot3_gazebo/share/ament_index/resource_index/package_run_dependencies/turtlebot3_gazebo
[30.464s] -- Symlinking: /home/tarun_56/multibot_ws/install/turtlebot3_gazebo/share/ament_index/resource_index/parent_prefix_path/turtlebot3_gazebo
[30.481s] -- Symlinking: /home/tarun_56/multibot_ws/install/turtlebot3_gazebo/share/turtlebot3_gazebo/environment/ament_prefix_path.sh
[30.494s] -- Symlinking: /home/tarun_56/multibot_ws/install/turtlebot3_gazebo/share/turtlebot3_gazebo/environment/ament_prefix_path.dsv
[30.508s] -- Symlinking: /home/tarun_56/multibot_ws/install/turtlebot3_gazebo/share/turtlebot3_gazebo/environment/path.sh
[30.525s] -- Symlinking: /home/tarun_56/multibot_ws/install/turtlebot3_gazebo/share/turtlebot3_gazebo/environment/path.dsv
[30.541s] -- Symlinking: /home/tarun_56/multibot_ws/install/turtlebot3_gazebo/share/turtlebot3_gazebo/local_setup.bash
[30.558s] -- Symlinking: /home/tarun_56/multibot_ws/install/turtlebot3_gazebo/share/turtlebot3_gazebo/local_setup.sh
[30.577s] -- Symlinking: /home/tarun_56/multibot_ws/install/turtlebot3_gazebo/share/turtlebot3_gazebo/local_setup.zsh
[30.596s] -- Symlinking: /home/tarun_56/multibot_ws/install/turtlebot3_gazebo/share/turtlebot3_gazebo/local_setup.dsv
[30.611s] -- Symlinking: /home/tarun_56/multibot_ws/install/turtlebot3_gazebo/share/turtlebot3_gazebo/package.dsv
[30.628s] -- Symlinking: /home/tarun_56/multibot_ws/install/turtlebot3_gazebo/share/ament_index/resource_index/packages/turtlebot3_gazebo
[30.645s] -- Symlinking: /home/tarun_56/multibot_ws/install/turtlebot3_gazebo/share/turtlebot3_gazebo/cmake/ament_cmake_export_include_directories-extras.cmake
[30.669s] -- Symlinking: /home/tarun_56/multibot_ws/install/turtlebot3_gazebo/share/turtlebot3_gazebo/cmake/ament_cmake_export_dependencies-extras.cmake
[30.695s] -- Symlinking: /home/tarun_56/multibot_ws/install/turtlebot3_gazebo/share/turtlebot3_gazebo/cmake/turtlebot3_gazeboConfig.cmake
[30.711s] -- Symlinking: /home/tarun_56/multibot_ws/install/turtlebot3_gazebo/share/turtlebot3_gazebo/cmake/turtlebot3_gazeboConfig-version.cmake
[30.729s] -- Symlinking: /home/tarun_56/multibot_ws/install/turtlebot3_gazebo/share/turtlebot3_gazebo/package.xml
[30.752s] Invoked command in '/home/tarun_56/multibot_ws/build/turtlebot3_gazebo' returned '0': CMAKE_PREFIX_PATH=${CMAKE_PREFIX_PATH}:/home/tarun_56/multibot_ws/install/follow_waypoints:/opt/ros/humble /usr/bin/cmake --install /home/tarun_56/multibot_ws/build/turtlebot3_gazebo
