[0.063s] Invoking command in '/home/tarun_56/multibot_ws/build/turtlebot3_gazebo': CMAKE_PREFIX_PATH=/opt/ros/humble /usr/bin/cmake --build /home/tarun_56/multibot_ws/build/turtlebot3_gazebo -- -j4 -l4
[0.790s] [ 25%] Built target turtlebot3_drive
[0.796s] [ 50%] Built target obstacles
[0.799s] [ 75%] Built target obstacle2
[0.800s] [100%] Built target obstacle1
[0.829s] Invoked command in '/home/tarun_56/multibot_ws/build/turtlebot3_gazebo' returned '0': CMAKE_PREFIX_PATH=/opt/ros/humble /usr/bin/cmake --build /home/tarun_56/multibot_ws/build/turtlebot3_gazebo -- -j4 -l4
[1.121s] Invoking command in '/home/tarun_56/multibot_ws/build/turtlebot3_gazebo': CMAKE_PREFIX_PATH=/opt/ros/humble /usr/bin/cmake --install /home/tarun_56/multibot_ws/build/turtlebot3_gazebo
[1.166s] -- Install configuration: ""
[1.166s] -- Execute custom install script
[1.169s] -- Up-to-date symlink: /home/tarun_56/multibot_ws/install/turtlebot3_gazebo/lib/turtlebot3_gazebo/turtlebot3_drive
[1.170s] -- Up-to-date symlink: /home/tarun_56/multibot_ws/install/turtlebot3_gazebo/share/turtlebot3_gazebo//launch/empty_world.launch.py
[1.170s] -- Up-to-date symlink: /home/tarun_56/multibot_ws/install/turtlebot3_gazebo/share/turtlebot3_gazebo//launch/robot_state_publisher.launch.py
[1.170s] -- Up-to-date symlink: /home/tarun_56/multibot_ws/install/turtlebot3_gazebo/share/turtlebot3_gazebo//launch/spawn_turtlebot3.launch.py
[1.170s] -- Up-to-date symlink: /home/tarun_56/multibot_ws/install/turtlebot3_gazebo/share/turtlebot3_gazebo//launch/turtlebot3_dqn_stage1.launch.py
[1.174s] -- Up-to-date symlink: /home/tarun_56/multibot_ws/install/turtlebot3_gazebo/share/turtlebot3_gazebo//launch/turtlebot3_dqn_stage2.launch.py
[1.174s] -- Up-to-date symlink: /home/tarun_56/multibot_ws/install/turtlebot3_gazebo/share/turtlebot3_gazebo//launch/turtlebot3_dqn_stage3.launch.py
[1.177s] -- Up-to-date symlink: /home/tarun_56/multibot_ws/install/turtlebot3_gazebo/share/turtlebot3_gazebo//launch/turtlebot3_dqn_stage4.launch.py
[1.177s] -- Up-to-date symlink: /home/tarun_56/multibot_ws/install/turtlebot3_gazebo/share/turtlebot3_gazebo//launch/turtlebot3_house.launch.py
[1.177s] -- Up-to-date symlink: /home/tarun_56/multibot_ws/install/turtlebot3_gazebo/share/turtlebot3_gazebo//launch/turtlebot3_world.launch.py
[1.182s] -- Up-to-date symlink: /home/tarun_56/multibot_ws/install/turtlebot3_gazebo/share/turtlebot3_gazebo//launch/warehouse_world.launch.py
[1.185s] -- Up-to-date symlink: /home/tarun_56/multibot_ws/install/turtlebot3_gazebo/share/turtlebot3_gazebo//models/turtlebot3_burger/model-1_4.sdf
[1.188s] -- Up-to-date symlink: /home/tarun_56/multibot_ws/install/turtlebot3_gazebo/share/turtlebot3_gazebo//models/turtlebot3_burger/model.config
[1.188s] -- Up-to-date symlink: /home/tarun_56/multibot_ws/install/turtlebot3_gazebo/share/turtlebot3_gazebo//models/turtlebot3_burger/model.sdf
[1.193s] -- Up-to-date symlink: /home/tarun_56/multibot_ws/install/turtlebot3_gazebo/share/turtlebot3_gazebo//models/turtlebot3_common/meshes/burger_base.dae
[1.194s] -- Up-to-date symlink: /home/tarun_56/multibot_ws/install/turtlebot3_gazebo/share/turtlebot3_gazebo//models/turtlebot3_common/meshes/lds.dae
[1.194s] -- Up-to-date symlink: /home/tarun_56/multibot_ws/install/turtlebot3_gazebo/share/turtlebot3_gazebo//models/turtlebot3_common/meshes/r200.dae
[1.195s] -- Up-to-date symlink: /home/tarun_56/multibot_ws/install/turtlebot3_gazebo/share/turtlebot3_gazebo//models/turtlebot3_common/meshes/tire.dae
[1.195s] -- Up-to-date symlink: /home/tarun_56/multibot_ws/install/turtlebot3_gazebo/share/turtlebot3_gazebo//models/turtlebot3_common/meshes/waffle_base.dae
[1.196s] -- Up-to-date symlink: /home/tarun_56/multibot_ws/install/turtlebot3_gazebo/share/turtlebot3_gazebo//models/turtlebot3_common/meshes/waffle_pi_base.dae
[1.200s] -- Up-to-date symlink: /home/tarun_56/multibot_ws/install/turtlebot3_gazebo/share/turtlebot3_gazebo//models/turtlebot3_common/model.config
[1.201s] -- Up-to-date symlink: /home/tarun_56/multibot_ws/install/turtlebot3_gazebo/share/turtlebot3_gazebo//models/turtlebot3_dqn_world/goal_box/model.config
[1.205s] -- Up-to-date symlink: /home/tarun_56/multibot_ws/install/turtlebot3_gazebo/share/turtlebot3_gazebo//models/turtlebot3_dqn_world/goal_box/model.sdf
[1.207s] -- Up-to-date symlink: /home/tarun_56/multibot_ws/install/turtlebot3_gazebo/share/turtlebot3_gazebo//models/turtlebot3_dqn_world/inner_walls/model.config
[1.210s] -- Up-to-date symlink: /home/tarun_56/multibot_ws/install/turtlebot3_gazebo/share/turtlebot3_gazebo//models/turtlebot3_dqn_world/inner_walls/model.sdf
[1.210s] -- Up-to-date symlink: /home/tarun_56/multibot_ws/install/turtlebot3_gazebo/share/turtlebot3_gazebo//models/turtlebot3_dqn_world/model.config
[1.210s] -- Up-to-date symlink: /home/tarun_56/multibot_ws/install/turtlebot3_gazebo/share/turtlebot3_gazebo//models/turtlebot3_dqn_world/model.sdf
[1.215s] -- Up-to-date symlink: /home/tarun_56/multibot_ws/install/turtlebot3_gazebo/share/turtlebot3_gazebo//models/turtlebot3_dqn_world/obstacle1/model.config
[1.215s] -- Up-to-date symlink: /home/tarun_56/multibot_ws/install/turtlebot3_gazebo/share/turtlebot3_gazebo//models/turtlebot3_dqn_world/obstacle1/model.sdf
[1.215s] -- Up-to-date symlink: /home/tarun_56/multibot_ws/install/turtlebot3_gazebo/share/turtlebot3_gazebo//models/turtlebot3_dqn_world/obstacle2/model.config
[1.216s] -- Up-to-date symlink: /home/tarun_56/multibot_ws/install/turtlebot3_gazebo/share/turtlebot3_gazebo//models/turtlebot3_dqn_world/obstacle2/model.sdf
[1.220s] -- Up-to-date symlink: /home/tarun_56/multibot_ws/install/turtlebot3_gazebo/share/turtlebot3_gazebo//models/turtlebot3_dqn_world/obstacle_plugin/CMakeLists.txt
[1.221s] -- Up-to-date symlink: /home/tarun_56/multibot_ws/install/turtlebot3_gazebo/share/turtlebot3_gazebo//models/turtlebot3_dqn_world/obstacle_plugin/obstacle1.cc
[1.221s] -- Up-to-date symlink: /home/tarun_56/multibot_ws/install/turtlebot3_gazebo/share/turtlebot3_gazebo//models/turtlebot3_dqn_world/obstacle_plugin/obstacle2.cc
[1.221s] -- Up-to-date symlink: /home/tarun_56/multibot_ws/install/turtlebot3_gazebo/share/turtlebot3_gazebo//models/turtlebot3_dqn_world/obstacle_plugin/obstacles.cc
[1.221s] -- Up-to-date symlink: /home/tarun_56/multibot_ws/install/turtlebot3_gazebo/share/turtlebot3_gazebo//models/turtlebot3_dqn_world/obstacles/model.config
[1.224s] -- Up-to-date symlink: /home/tarun_56/multibot_ws/install/turtlebot3_gazebo/share/turtlebot3_gazebo//models/turtlebot3_dqn_world/obstacles/model.sdf
[1.225s] -- Up-to-date symlink: /home/tarun_56/multibot_ws/install/turtlebot3_gazebo/share/turtlebot3_gazebo//models/turtlebot3_house/model.config
[1.225s] -- Up-to-date symlink: /home/tarun_56/multibot_ws/install/turtlebot3_gazebo/share/turtlebot3_gazebo//models/turtlebot3_house/model.sdf
[1.225s] -- Up-to-date symlink: /home/tarun_56/multibot_ws/install/turtlebot3_gazebo/share/turtlebot3_gazebo//models/turtlebot3_waffle/model-1_4.sdf
[1.227s] -- Up-to-date symlink: /home/tarun_56/multibot_ws/install/turtlebot3_gazebo/share/turtlebot3_gazebo//models/turtlebot3_waffle/model.config
[1.233s] -- Up-to-date symlink: /home/tarun_56/multibot_ws/install/turtlebot3_gazebo/share/turtlebot3_gazebo//models/turtlebot3_waffle/model.sdf
[1.233s] -- Up-to-date symlink: /home/tarun_56/multibot_ws/install/turtlebot3_gazebo/share/turtlebot3_gazebo//models/turtlebot3_waffle_pi/model-1_4_.sdf
[1.234s] -- Up-to-date symlink: /home/tarun_56/multibot_ws/install/turtlebot3_gazebo/share/turtlebot3_gazebo//models/turtlebot3_waffle_pi/model.config
[1.240s] -- Up-to-date symlink: /home/tarun_56/multibot_ws/install/turtlebot3_gazebo/share/turtlebot3_gazebo//models/turtlebot3_waffle_pi/model.sdf
[1.240s] -- Up-to-date symlink: /home/tarun_56/multibot_ws/install/turtlebot3_gazebo/share/turtlebot3_gazebo//models/turtlebot3_world/meshes/hexagon.dae
[1.240s] -- Up-to-date symlink: /home/tarun_56/multibot_ws/install/turtlebot3_gazebo/share/turtlebot3_gazebo//models/turtlebot3_world/meshes/wall.dae
[1.240s] -- Up-to-date symlink: /home/tarun_56/multibot_ws/install/turtlebot3_gazebo/share/turtlebot3_gazebo//models/turtlebot3_world/model-1_4.sdf
[1.240s] -- Up-to-date symlink: /home/tarun_56/multibot_ws/install/turtlebot3_gazebo/share/turtlebot3_gazebo//models/turtlebot3_world/model.config
[1.240s] -- Up-to-date symlink: /home/tarun_56/multibot_ws/install/turtlebot3_gazebo/share/turtlebot3_gazebo//models/turtlebot3_world/model.sdf
[1.240s] -- Up-to-date symlink: /home/tarun_56/multibot_ws/install/turtlebot3_gazebo/share/turtlebot3_gazebo//rviz/tb3_gazebo.rviz
[1.241s] -- Up-to-date symlink: /home/tarun_56/multibot_ws/install/turtlebot3_gazebo/share/turtlebot3_gazebo//urdf/common_properties.urdf
[1.241s] -- Up-to-date symlink: /home/tarun_56/multibot_ws/install/turtlebot3_gazebo/share/turtlebot3_gazebo//urdf/turtlebot3_burger.urdf
[1.241s] -- Up-to-date symlink: /home/tarun_56/multibot_ws/install/turtlebot3_gazebo/share/turtlebot3_gazebo//urdf/turtlebot3_waffle.urdf
[1.241s] -- Up-to-date symlink: /home/tarun_56/multibot_ws/install/turtlebot3_gazebo/share/turtlebot3_gazebo//urdf/turtlebot3_waffle_pi.urdf
[1.241s] -- Up-to-date symlink: /home/tarun_56/multibot_ws/install/turtlebot3_gazebo/share/turtlebot3_gazebo//worlds/empty_world.world
[1.241s] -- Up-to-date symlink: /home/tarun_56/multibot_ws/install/turtlebot3_gazebo/share/turtlebot3_gazebo//worlds/turtlebot3_dqn_stage1.world
[1.241s] -- Up-to-date symlink: /home/tarun_56/multibot_ws/install/turtlebot3_gazebo/share/turtlebot3_gazebo//worlds/turtlebot3_dqn_stage2.world
[1.241s] -- Up-to-date symlink: /home/tarun_56/multibot_ws/install/turtlebot3_gazebo/share/turtlebot3_gazebo//worlds/turtlebot3_dqn_stage3.world
[1.242s] -- Up-to-date symlink: /home/tarun_56/multibot_ws/install/turtlebot3_gazebo/share/turtlebot3_gazebo//worlds/turtlebot3_dqn_stage4.world
[1.242s] -- Up-to-date symlink: /home/tarun_56/multibot_ws/install/turtlebot3_gazebo/share/turtlebot3_gazebo//worlds/turtlebot3_house.world
[1.242s] -- Up-to-date symlink: /home/tarun_56/multibot_ws/install/turtlebot3_gazebo/share/turtlebot3_gazebo//worlds/turtlebot3_world.world
[1.242s] -- Up-to-date symlink: /home/tarun_56/multibot_ws/install/turtlebot3_gazebo/share/turtlebot3_gazebo//worlds/warehouse.world
[1.242s] -- Up-to-date symlink: /home/tarun_56/multibot_ws/install/turtlebot3_gazebo/include//turtlebot3_gazebo/turtlebot3_drive.hpp
[1.243s] -- Up-to-date symlink: /home/tarun_56/multibot_ws/install/turtlebot3_gazebo/share/ament_index/resource_index/package_run_dependencies/turtlebot3_gazebo
[1.243s] -- Up-to-date symlink: /home/tarun_56/multibot_ws/install/turtlebot3_gazebo/share/ament_index/resource_index/parent_prefix_path/turtlebot3_gazebo
[1.244s] -- Up-to-date symlink: /home/tarun_56/multibot_ws/install/turtlebot3_gazebo/share/turtlebot3_gazebo/environment/ament_prefix_path.sh
[1.247s] -- Up-to-date symlink: /home/tarun_56/multibot_ws/install/turtlebot3_gazebo/share/turtlebot3_gazebo/environment/ament_prefix_path.dsv
[1.250s] -- Up-to-date symlink: /home/tarun_56/multibot_ws/install/turtlebot3_gazebo/share/turtlebot3_gazebo/environment/path.sh
[1.251s] -- Up-to-date symlink: /home/tarun_56/multibot_ws/install/turtlebot3_gazebo/share/turtlebot3_gazebo/environment/path.dsv
[1.251s] -- Up-to-date symlink: /home/tarun_56/multibot_ws/install/turtlebot3_gazebo/share/turtlebot3_gazebo/local_setup.bash
[1.253s] -- Up-to-date symlink: /home/tarun_56/multibot_ws/install/turtlebot3_gazebo/share/turtlebot3_gazebo/local_setup.sh
[1.259s] -- Up-to-date symlink: /home/tarun_56/multibot_ws/install/turtlebot3_gazebo/share/turtlebot3_gazebo/local_setup.zsh
[1.262s] -- Up-to-date symlink: /home/tarun_56/multibot_ws/install/turtlebot3_gazebo/share/turtlebot3_gazebo/local_setup.dsv
[1.262s] -- Symlinking: /home/tarun_56/multibot_ws/install/turtlebot3_gazebo/share/turtlebot3_gazebo/package.dsv
[1.333s] -- Up-to-date symlink: /home/tarun_56/multibot_ws/install/turtlebot3_gazebo/share/ament_index/resource_index/packages/turtlebot3_gazebo
[1.333s] -- Up-to-date symlink: /home/tarun_56/multibot_ws/install/turtlebot3_gazebo/share/turtlebot3_gazebo/cmake/ament_cmake_export_include_directories-extras.cmake
[1.337s] -- Up-to-date symlink: /home/tarun_56/multibot_ws/install/turtlebot3_gazebo/share/turtlebot3_gazebo/cmake/ament_cmake_export_dependencies-extras.cmake
[1.337s] -- Up-to-date symlink: /home/tarun_56/multibot_ws/install/turtlebot3_gazebo/share/turtlebot3_gazebo/cmake/turtlebot3_gazeboConfig.cmake
[1.339s] -- Up-to-date symlink: /home/tarun_56/multibot_ws/install/turtlebot3_gazebo/share/turtlebot3_gazebo/cmake/turtlebot3_gazeboConfig-version.cmake
[1.340s] -- Up-to-date symlink: /home/tarun_56/multibot_ws/install/turtlebot3_gazebo/share/turtlebot3_gazebo/package.xml
[1.428s] Invoked command in '/home/tarun_56/multibot_ws/build/turtlebot3_gazebo' returned '0': CMAKE_PREFIX_PATH=/opt/ros/humble /usr/bin/cmake --install /home/tarun_56/multibot_ws/build/turtlebot3_gazebo
