[0.006s] Invoking command in '/home/tarun/CustomMultibot/build/turtlebot3_simulations': AMENT_PREFIX_PATH=/home/tarun/CustomMultibot/install/turtlebot3_gazebo:${AMENT_PREFIX_PATH} CMAKE_PREFIX_PATH=/home/tarun/CustomMultibot/install/turtlebot3_gazebo:/opt/ros/humble /usr/bin/cmake /home/tarun/CustomMultibot/src/turtlebot3_simulations -DCMAKE_INSTALL_PREFIX=/home/tarun/CustomMultibot/install/turtlebot3_simulations
[0.054s] -- The C compiler identification is GNU 11.4.0
[0.101s] -- The CXX compiler identification is GNU 11.4.0
[0.108s] -- Detecting C compiler ABI info
[0.171s] -- Detecting C compiler ABI info - done
[0.176s] -- Check for working C compiler: /usr/bin/cc - skipped
[0.176s] -- Detecting C compile features
[0.176s] -- Detecting C compile features - done
[0.179s] -- Detecting CXX compiler ABI info
[0.251s] -- Detecting CXX compiler ABI info - done
[0.257s] -- Check for working CXX compiler: /usr/bin/c++ - skipped
[0.257s] -- Detecting CXX compile features
[0.257s] -- Detecting CXX compile features - done
[0.259s] -- Found ament_cmake: 1.3.10 (/opt/ros/humble/share/ament_cmake/cmake)
[0.379s] -- Found Python3: /usr/bin/python3 (found version "3.10.12") found components: Interpreter 
[0.504s] -- Configuring done
[0.507s] -- Generating done
[0.507s] -- Build files have been written to: /home/tarun/CustomMultibot/build/turtlebot3_simulations
[0.512s] Invoked command in '/home/tarun/CustomMultibot/build/turtlebot3_simulations' returned '0': AMENT_PREFIX_PATH=/home/tarun/CustomMultibot/install/turtlebot3_gazebo:${AMENT_PREFIX_PATH} CMAKE_PREFIX_PATH=/home/tarun/CustomMultibot/install/turtlebot3_gazebo:/opt/ros/humble /usr/bin/cmake /home/tarun/CustomMultibot/src/turtlebot3_simulations -DCMAKE_INSTALL_PREFIX=/home/tarun/CustomMultibot/install/turtlebot3_simulations
[0.513s] Invoking command in '/home/tarun/CustomMultibot/build/turtlebot3_simulations': AMENT_PREFIX_PATH=/home/tarun/CustomMultibot/install/turtlebot3_gazebo:${AMENT_PREFIX_PATH} CMAKE_PREFIX_PATH=/home/tarun/CustomMultibot/install/turtlebot3_gazebo:/opt/ros/humble /usr/bin/cmake --build /home/tarun/CustomMultibot/build/turtlebot3_simulations -- -j12 -l12
[0.548s] Invoked command in '/home/tarun/CustomMultibot/build/turtlebot3_simulations' returned '0': AMENT_PREFIX_PATH=/home/tarun/CustomMultibot/install/turtlebot3_gazebo:${AMENT_PREFIX_PATH} CMAKE_PREFIX_PATH=/home/tarun/CustomMultibot/install/turtlebot3_gazebo:/opt/ros/humble /usr/bin/cmake --build /home/tarun/CustomMultibot/build/turtlebot3_simulations -- -j12 -l12
[0.569s] Invoking command in '/home/tarun/CustomMultibot/build/turtlebot3_simulations': AMENT_PREFIX_PATH=/home/tarun/CustomMultibot/install/turtlebot3_gazebo:${AMENT_PREFIX_PATH} CMAKE_PREFIX_PATH=/home/tarun/CustomMultibot/install/turtlebot3_gazebo:/opt/ros/humble /usr/bin/cmake --install /home/tarun/CustomMultibot/build/turtlebot3_simulations
[0.575s] -- Install configuration: ""
[0.576s] -- Installing: /home/tarun/CustomMultibot/install/turtlebot3_simulations/share/ament_index/resource_index/package_run_dependencies/turtlebot3_simulations
[0.576s] -- Installing: /home/tarun/CustomMultibot/install/turtlebot3_simulations/share/ament_index/resource_index/parent_prefix_path/turtlebot3_simulations
[0.576s] -- Installing: /home/tarun/CustomMultibot/install/turtlebot3_simulations/share/turtlebot3_simulations/environment/ament_prefix_path.sh
[0.576s] -- Installing: /home/tarun/CustomMultibot/install/turtlebot3_simulations/share/turtlebot3_simulations/environment/ament_prefix_path.dsv
[0.576s] -- Installing: /home/tarun/CustomMultibot/install/turtlebot3_simulations/share/turtlebot3_simulations/environment/path.sh
[0.576s] -- Installing: /home/tarun/CustomMultibot/install/turtlebot3_simulations/share/turtlebot3_simulations/environment/path.dsv
[0.577s] -- Installing: /home/tarun/CustomMultibot/install/turtlebot3_simulations/share/turtlebot3_simulations/local_setup.bash
[0.577s] -- Installing: /home/tarun/CustomMultibot/install/turtlebot3_simulations/share/turtlebot3_simulations/local_setup.sh
[0.577s] -- Installing: /home/tarun/CustomMultibot/install/turtlebot3_simulations/share/turtlebot3_simulations/local_setup.zsh
[0.577s] -- Installing: /home/tarun/CustomMultibot/install/turtlebot3_simulations/share/turtlebot3_simulations/local_setup.dsv
[0.577s] -- Installing: /home/tarun/CustomMultibot/install/turtlebot3_simulations/share/turtlebot3_simulations/package.dsv
[0.577s] -- Installing: /home/tarun/CustomMultibot/install/turtlebot3_simulations/share/ament_index/resource_index/packages/turtlebot3_simulations
[0.578s] -- Installing: /home/tarun/CustomMultibot/install/turtlebot3_simulations/share/turtlebot3_simulations/cmake/turtlebot3_simulationsConfig.cmake
[0.578s] -- Installing: /home/tarun/CustomMultibot/install/turtlebot3_simulations/share/turtlebot3_simulations/cmake/turtlebot3_simulationsConfig-version.cmake
[0.578s] -- Installing: /home/tarun/CustomMultibot/install/turtlebot3_simulations/share/turtlebot3_simulations/package.xml
[0.579s] Invoked command in '/home/tarun/CustomMultibot/build/turtlebot3_simulations' returned '0': AMENT_PREFIX_PATH=/home/tarun/CustomMultibot/install/turtlebot3_gazebo:${AMENT_PREFIX_PATH} CMAKE_PREFIX_PATH=/home/tarun/CustomMultibot/install/turtlebot3_gazebo:/opt/ros/humble /usr/bin/cmake --install /home/tarun/CustomMultibot/build/turtlebot3_simulations
