[0.432s] Invoking command in '/home/tarun_56/multibot_ws/build/minibot': CMAKE_PREFIX_PATH=/opt/ros/humble /usr/bin/cmake --build /home/tarun_56/multibot_ws/build/minibot -- -j4 -l4
[0.475s] -- Found ament_cmake: 1.3.10 (/opt/ros/humble/share/ament_cmake/cmake)
[0.636s] -- Override CMake install command with custom implementation using symlinks instead of copying resources
[0.655s] [33mCMake Warning (dev) at /usr/share/cmake-3.22/Modules/FindPackageHandleStandardArgs.cmake:438 (message):
[0.655s]   The package name passed to `find_package_handle_standard_args` (PkgConfig)
[0.655s]   does not match the name of the calling package (gazebo).  This can lead to
[0.655s]   problems in calling code that expects `find_package` result variables
[0.656s]   (e.g., `_FOUND`) to follow a certain pattern.
[0.656s] Call Stack (most recent call first):
[0.656s]   /usr/share/cmake-3.22/Modules/FindPkgConfig.cmake:99 (find_package_handle_standard_args)
[0.656s]   /usr/lib/x86_64-linux-gnu/cmake/gazebo/gazebo-config.cmake:72 (include)
[0.656s]   CMakeLists.txt:10 (find_package)
[0.656s] This warning is for project developers.  Use -Wno-dev to suppress it.
[0.656s] [0m
[0.681s] -- Found DART: /usr/include (Required is at least version "6.6") found components: dart 
[0.723s] -- Found Protobuf: /usr/lib/x86_64-linux-gnu/libprotobuf.so (found version "3.12.4") 
[0.724s] -- Looking for ignition-math6 -- found version 6.15.1
[0.731s] -- Searching for dependencies of ignition-math6
[0.734s] -- Looking for OGRE...
[0.741s] -- Found Ogre Ghadamon (1.9.0)
[0.741s] -- Found OGRE: optimized;/usr/lib/x86_64-linux-gnu/libOgreMain.so;debug;/usr/lib/x86_64-linux-gnu/libOgreMain.so
[0.753s] -- Looking for OGRE_Paging...
[0.753s] -- Found OGRE_Paging: optimized;/usr/lib/x86_64-linux-gnu/libOgrePaging.so;debug;/usr/lib/x86_64-linux-gnu/libOgrePaging.so
[0.754s] -- Looking for OGRE_Terrain...
[0.754s] -- Found OGRE_Terrain: optimized;/usr/lib/x86_64-linux-gnu/libOgreTerrain.so;debug;/usr/lib/x86_64-linux-gnu/libOgreTerrain.so
[0.754s] -- Looking for OGRE_Property...
[0.754s] -- Found OGRE_Property: optimized;/usr/lib/x86_64-linux-gnu/libOgreProperty.so;debug;/usr/lib/x86_64-linux-gnu/libOgreProperty.so
[0.754s] -- Looking for OGRE_RTShaderSystem...
[0.754s] -- Found OGRE_RTShaderSystem: optimized;/usr/lib/x86_64-linux-gnu/libOgreRTShaderSystem.so;debug;/usr/lib/x86_64-linux-gnu/libOgreRTShaderSystem.so
[0.754s] -- Looking for OGRE_Volume...
[0.754s] -- Found OGRE_Volume: optimized;/usr/lib/x86_64-linux-gnu/libOgreVolume.so;debug;/usr/lib/x86_64-linux-gnu/libOgreVolume.so
[0.754s] -- Looking for OGRE_Overlay...
[0.754s] -- Found OGRE_Overlay: optimized;/usr/lib/x86_64-linux-gnu/libOgreOverlay.so;debug;/usr/lib/x86_64-linux-gnu/libOgreOverlay.so
[0.960s] -- Looking for ignition-math6 -- found version 6.15.1
[0.961s] -- Looking for ignition-transport8 -- found version 8.2.1
[0.962s] -- Searching for dependencies of ignition-transport8
[0.991s] -- Found Protobuf: /usr/lib/x86_64-linux-gnu/libprotobuf.so (found suitable version "3.12.4", minimum required is "3") 
[1.009s] -- Config-file not installed for ZeroMQ -- checking for pkg-config
[1.015s] -- Checking for module 'libzmq >= 4'
[1.042s] --   Found libzmq , version 4.3.4
[1.110s] -- Checking for module 'uuid'
[1.139s] --   Found uuid, version 2.37.2
[1.210s] -- Looking for ignition-msgs5 -- found version 5.8.1
[1.211s] -- Searching for dependencies of ignition-msgs5
[1.242s] -- Looking for ignition-math6 -- found version 6.15.1
[1.253s] -- Checking for module 'tinyxml2'
[1.285s] --   Found tinyxml2, version 9.0.0
[1.361s] -- Looking for ignition-msgs5 -- found version 5.8.1
[1.361s] -- Looking for ignition-common3 -- found version 3.14.0
[1.363s] -- Searching for dependencies of ignition-common3
[1.363s] -- Looking for dlfcn.h - found
[1.363s] -- Looking for libdl - found
[1.382s] -- Searching for <ignition-common3> component [graphics]
[1.383s] -- Looking for ignition-common3-graphics -- found version 3.14.0
[1.383s] -- Searching for dependencies of ignition-common3-graphics
[1.383s] -- Looking for ignition-math6 -- found version 6.15.1
[1.383s] -- Looking for ignition-fuel_tools4 -- found version 4.4.0
[1.385s] -- Searching for dependencies of ignition-fuel_tools4
[1.441s] -- Checking for module 'jsoncpp'
[1.475s] --   Found jsoncpp, version 1.9.5
[1.544s] -- Checking for module 'libzip'
[1.566s] --   Found libzip, version 1.7.3
[1.628s] -- Looking for ignition-common3 -- found version 3.14.0
[1.631s] -- Looking for ignition-math6 -- found version 6.15.1
[1.631s] -- Looking for ignition-msgs5 -- found version 5.8.1
[1.632s] -- Found gazebo_ros_pkgs: 3.7.0 (/opt/ros/humble/share/gazebo_ros_pkgs/cmake)
[1.632s] -- Found geometry_msgs: 4.2.4 (/opt/ros/humble/share/geometry_msgs/cmake)
[1.656s] -- Found rosidl_generator_c: 3.1.5 (/opt/ros/humble/share/rosidl_generator_c/cmake)
[1.658s] -- Found rosidl_adapter: 3.1.5 (/opt/ros/humble/share/rosidl_adapter/cmake)
[1.668s] -- Found rosidl_generator_cpp: 3.1.5 (/opt/ros/humble/share/rosidl_generator_cpp/cmake)
[1.681s] -- Using all available rosidl_typesupport_c: rosidl_typesupport_fastrtps_c;rosidl_typesupport_introspection_c
[1.706s] -- Using all available rosidl_typesupport_cpp: rosidl_typesupport_fastrtps_cpp;rosidl_typesupport_introspection_cpp
[1.787s] -- Found nav_msgs: 4.2.4 (/opt/ros/humble/share/nav_msgs/cmake)
[1.823s] -- Found rclcpp: 16.0.10 (/opt/ros/humble/share/rclcpp/cmake)
[1.891s] -- Found rmw_implementation_cmake: 6.1.2 (/opt/ros/humble/share/rmw_implementation_cmake/cmake)
[1.896s] -- Found rmw_fastrtps_cpp: 6.2.7 (/opt/ros/humble/share/rmw_fastrtps_cpp/cmake)
[2.085s] -- Using RMW implementation 'rmw_fastrtps_cpp' as default
[2.162s] -- Found sensor_msgs: 4.2.4 (/opt/ros/humble/share/sensor_msgs/cmake)
[2.192s] -- Found tf2: 0.25.7 (/opt/ros/humble/share/tf2/cmake)
[2.202s] -- Found ament_lint_auto: 0.12.11 (/opt/ros/humble/share/ament_lint_auto/cmake)
[2.297s] -- Added test 'flake8' to check Python code syntax and style conventions
[2.301s] -- Added test 'lint_cmake' to check CMake code style
[2.301s] -- Added test 'pep257' to check Python code against some of the docstring style conventions in PEP 257
[2.301s] -- Added test 'xmllint' to check XML markup files
[2.305s] -- Configuring done
[2.317s] -- Generating done
[2.320s] -- Build files have been written to: /home/tarun_56/multibot_ws/build/minibot
[2.366s] Invoked command in '/home/tarun_56/multibot_ws/build/minibot' returned '0': CMAKE_PREFIX_PATH=/opt/ros/humble /usr/bin/cmake --build /home/tarun_56/multibot_ws/build/minibot -- -j4 -l4
[2.411s] Invoking command in '/home/tarun_56/multibot_ws/build/minibot': CMAKE_PREFIX_PATH=/opt/ros/humble /usr/bin/cmake --install /home/tarun_56/multibot_ws/build/minibot
[2.433s] -- Install configuration: ""
[2.433s] -- Execute custom install script
[2.435s] -- Up-to-date symlink: /home/tarun_56/multibot_ws/install/minibot/share/minibot//launch/robot_state_publisher.launch.py
[2.436s] -- Up-to-date symlink: /home/tarun_56/multibot_ws/install/minibot/share/minibot//launch/spawn_minibot.launch.py
[2.436s] -- Up-to-date symlink: /home/tarun_56/multibot_ws/install/minibot/share/minibot//launch/warehouse_world.launch.py
[2.436s] -- Up-to-date symlink: /home/tarun_56/multibot_ws/install/minibot/share/minibot//models/base_link.STL
[2.436s] -- Up-to-date symlink: /home/tarun_56/multibot_ws/install/minibot/share/minibot//models/camera.STL
[2.437s] -- Up-to-date symlink: /home/tarun_56/multibot_ws/install/minibot/share/minibot//models/castor_wheel1.STL
[2.437s] -- Up-to-date symlink: /home/tarun_56/multibot_ws/install/minibot/share/minibot//models/castor_wheel2.STL
[2.437s] -- Up-to-date symlink: /home/tarun_56/multibot_ws/install/minibot/share/minibot//models/left_wheel.STL
[2.438s] -- Up-to-date symlink: /home/tarun_56/multibot_ws/install/minibot/share/minibot//models/lidar.STL
[2.439s] -- Up-to-date symlink: /home/tarun_56/multibot_ws/install/minibot/share/minibot//models/right_wheel.STL
[2.439s] -- Up-to-date symlink: /home/tarun_56/multibot_ws/install/minibot/share/minibot//models/trolley.STL
[2.440s] -- Up-to-date symlink: /home/tarun_56/multibot_ws/install/minibot/share/minibot//urdf/amr.urdf.xacro
[2.446s] -- Up-to-date symlink: /home/tarun_56/multibot_ws/install/minibot/share/minibot//urdf/amr_core.xacro
[2.446s] -- Up-to-date symlink: /home/tarun_56/multibot_ws/install/minibot/share/minibot//urdf/gazebo_control.xacro
[2.446s] -- Up-to-date symlink: /home/tarun_56/multibot_ws/install/minibot/share/minibot//urdf/inertial_macros.xacro
[2.446s] -- Up-to-date symlink: /home/tarun_56/multibot_ws/install/minibot/share/minibot//urdf/lidar.xacro
[2.446s] -- Up-to-date symlink: /home/tarun_56/multibot_ws/install/minibot/share/minibot//urdf/universal_amr.urdf
[2.446s] -- Up-to-date symlink: /home/tarun_56/multibot_ws/install/minibot/share/minibot//worlds/warehouse.world
[2.446s] -- Up-to-date symlink: /home/tarun_56/multibot_ws/install/minibot/share/ament_index/resource_index/package_run_dependencies/minibot
[2.446s] -- Up-to-date symlink: /home/tarun_56/multibot_ws/install/minibot/share/ament_index/resource_index/parent_prefix_path/minibot
[2.446s] -- Up-to-date symlink: /home/tarun_56/multibot_ws/install/minibot/share/minibot/environment/ament_prefix_path.sh
[2.446s] -- Up-to-date symlink: /home/tarun_56/multibot_ws/install/minibot/share/minibot/environment/ament_prefix_path.dsv
[2.446s] -- Up-to-date symlink: /home/tarun_56/multibot_ws/install/minibot/share/minibot/environment/path.sh
[2.446s] -- Up-to-date symlink: /home/tarun_56/multibot_ws/install/minibot/share/minibot/environment/path.dsv
[2.446s] -- Up-to-date symlink: /home/tarun_56/multibot_ws/install/minibot/share/minibot/local_setup.bash
[2.446s] -- Up-to-date symlink: /home/tarun_56/multibot_ws/install/minibot/share/minibot/local_setup.sh
[2.448s] -- Up-to-date symlink: /home/tarun_56/multibot_ws/install/minibot/share/minibot/local_setup.zsh
[2.448s] -- Up-to-date symlink: /home/tarun_56/multibot_ws/install/minibot/share/minibot/local_setup.dsv
[2.448s] -- Symlinking: /home/tarun_56/multibot_ws/install/minibot/share/minibot/package.dsv
[2.474s] -- Up-to-date symlink: /home/tarun_56/multibot_ws/install/minibot/share/ament_index/resource_index/packages/minibot
[2.475s] -- Up-to-date symlink: /home/tarun_56/multibot_ws/install/minibot/share/minibot/cmake/minibotConfig.cmake
[2.475s] -- Up-to-date symlink: /home/tarun_56/multibot_ws/install/minibot/share/minibot/cmake/minibotConfig-version.cmake
[2.475s] -- Up-to-date symlink: /home/tarun_56/multibot_ws/install/minibot/share/minibot/package.xml
[2.482s] Invoked command in '/home/tarun_56/multibot_ws/build/minibot' returned '0': CMAKE_PREFIX_PATH=/opt/ros/humble /usr/bin/cmake --install /home/tarun_56/multibot_ws/build/minibot
