[0.017s] Invoking command in '/home/tarun/CustomMultibot/build/turtlebot3_gazebo': CMAKE_PREFIX_PATH=/opt/ros/humble /usr/bin/cmake /home/tarun/CustomMultibot/src/turtlebot3_gazebo -DCMAKE_INSTALL_PREFIX=/home/tarun/CustomMultibot/install/turtlebot3_gazebo
[0.227s] -- The C compiler identification is GNU 11.4.0
[0.227s] -- The CXX compiler identification is GNU 11.4.0
[0.227s] -- Detecting C compiler ABI info
[0.227s] -- Detecting C compiler ABI info - done
[0.227s] -- Check for working C compiler: /usr/bin/cc - skipped
[0.227s] -- Detecting C compile features
[0.227s] -- Detecting C compile features - done
[0.227s] -- Detecting CXX compiler ABI info
[0.294s] -- Detecting CXX compiler ABI info - done
[0.300s] -- Check for working CXX compiler: /usr/bin/c++ - skipped
[0.300s] -- Detecting CXX compile features
[0.300s] -- Detecting CXX compile features - done
[0.303s] -- Found ament_cmake: 1.3.10 (/opt/ros/humble/share/ament_cmake/cmake)
[0.426s] -- Found Python3: /usr/bin/python3 (found version "3.10.12") found components: Interpreter 
[0.513s] [33mCMake Warning (dev) at /usr/share/cmake-3.22/Modules/FindPackageHandleStandardArgs.cmake:438 (message):
[0.513s]   The package name passed to `find_package_handle_standard_args` (PkgConfig)
[0.513s]   does not match the name of the calling package (gazebo).  This can lead to
[0.513s]   problems in calling code that expects `find_package` result variables
[0.514s]   (e.g., `_FOUND`) to follow a certain pattern.
[0.514s] Call Stack (most recent call first):
[0.514s]   /usr/share/cmake-3.22/Modules/FindPkgConfig.cmake:99 (find_package_handle_standard_args)
[0.514s]   /usr/lib/x86_64-linux-gnu/cmake/gazebo/gazebo-config.cmake:72 (include)
[0.514s]   CMakeLists.txt:23 (find_package)
[0.514s] This warning is for project developers.  Use -Wno-dev to suppress it.
[0.514s] [0m
[0.514s] -- Found PkgConfig: /usr/bin/pkg-config (found version "0.29.2") 
[0.520s] -- Checking for module 'bullet>=2.82'
[0.533s] --   Found bullet, version 3.05
[0.636s] -- Found fcl: /usr/include (found suitable version "0.7.0", minimum required is "0.5.0") 
[0.685s] -- Found assimp: /usr/include (found version "5.2.0") 
[0.710s] -- Found DART: /usr/include (Required is at least version "6.6") found components: dart 
[0.874s] -- Found Boost: /usr/lib/x86_64-linux-gnu/cmake/Boost-1.74.0/BoostConfig.cmake (found suitable version "1.74.0", minimum required is "1.40.0") found components: thread system filesystem program_options regex iostreams date_time 
[0.897s] -- Found Protobuf: /usr/lib/x86_64-linux-gnu/libprotobuf.so (found version "3.12.4") 
[0.902s] -- Looking for ignition-math6 -- found version 6.15.1
[0.911s] -- Searching for dependencies of ignition-math6
[0.913s] -- Looking for OGRE...
[0.913s] -- OGRE_PREFIX_WATCH changed.
[0.918s] -- Checking for module 'OGRE'
[0.931s] --   Found OGRE, version 1.9.0
[0.961s] -- Found Ogre Ghadamon (1.9.0)
[0.971s] -- Found OGRE: optimized;/usr/lib/x86_64-linux-gnu/libOgreMain.so;debug;/usr/lib/x86_64-linux-gnu/libOgreMain.so
[0.979s] -- Looking for OGRE_Paging...
[0.984s] -- Found OGRE_Paging: optimized;/usr/lib/x86_64-linux-gnu/libOgrePaging.so;debug;/usr/lib/x86_64-linux-gnu/libOgrePaging.so
[0.984s] -- Looking for OGRE_Terrain...
[0.988s] -- Found OGRE_Terrain: optimized;/usr/lib/x86_64-linux-gnu/libOgreTerrain.so;debug;/usr/lib/x86_64-linux-gnu/libOgreTerrain.so
[0.988s] -- Looking for OGRE_Property...
[0.992s] -- Found OGRE_Property: optimized;/usr/lib/x86_64-linux-gnu/libOgreProperty.so;debug;/usr/lib/x86_64-linux-gnu/libOgreProperty.so
[0.992s] -- Looking for OGRE_RTShaderSystem...
[0.996s] -- Found OGRE_RTShaderSystem: optimized;/usr/lib/x86_64-linux-gnu/libOgreRTShaderSystem.so;debug;/usr/lib/x86_64-linux-gnu/libOgreRTShaderSystem.so
[0.996s] -- Looking for OGRE_Volume...
[1.000s] -- Found OGRE_Volume: optimized;/usr/lib/x86_64-linux-gnu/libOgreVolume.so;debug;/usr/lib/x86_64-linux-gnu/libOgreVolume.so
[1.000s] -- Looking for OGRE_Overlay...
[1.004s] -- Found OGRE_Overlay: optimized;/usr/lib/x86_64-linux-gnu/libOgreOverlay.so;debug;/usr/lib/x86_64-linux-gnu/libOgreOverlay.so
[1.088s] -- Looking for ignition-math6 -- found version 6.15.1
[1.095s] -- Looking for ignition-transport8 -- found version 8.2.1
[1.095s] -- Searching for dependencies of ignition-transport8
[1.113s] -- Found Protobuf: /usr/lib/x86_64-linux-gnu/libprotobuf.so (found suitable version "3.12.4", minimum required is "3") 
[1.126s] -- Config-file not installed for ZeroMQ -- checking for pkg-config
[1.130s] -- Checking for module 'libzmq >= 4'
[1.144s] --   Found libzmq , version 4.3.4
[1.178s] -- Found ZeroMQ: TRUE (Required is at least version "4") 
[1.183s] -- Checking for module 'uuid'
[1.195s] --   Found uuid, version 2.37.2
[1.227s] -- Found UUID: TRUE  
[1.229s] -- Looking for ignition-msgs5 -- found version 5.8.1
[1.230s] -- Searching for dependencies of ignition-msgs5
[1.249s] -- Looking for ignition-math6 -- found version 6.15.1
[1.254s] -- Checking for module 'tinyxml2'
[1.266s] --   Found tinyxml2, version 9.0.0
[1.298s] -- Looking for ignition-msgs5 -- found version 5.8.1
[1.301s] -- Looking for ignition-common3 -- found version 3.14.0
[1.301s] -- Searching for dependencies of ignition-common3
[1.302s] -- Looking for dlfcn.h - found
[1.303s] -- Looking for libdl - found
[1.304s] -- Found DL: TRUE  
[1.314s] -- Found tinyobjloader: /usr/lib/x86_64-linux-gnu/cmake/tinyobjloader/tinyobjloader-config.cmake (found version "2.0.0") 
[1.315s] -- Searching for <ignition-common3> component [graphics]
[1.317s] -- Looking for ignition-common3-graphics -- found version 3.14.0
[1.318s] -- Searching for dependencies of ignition-common3-graphics
[1.318s] -- Looking for ignition-math6 -- found version 6.15.1
[1.321s] -- Looking for ignition-fuel_tools4 -- found version 4.4.0
[1.321s] -- Searching for dependencies of ignition-fuel_tools4
[1.396s] -- Found CURL: /usr/lib/x86_64-linux-gnu/libcurl.so (found version "7.81.0")  
[1.405s] -- Checking for module 'jsoncpp'
[1.417s] --   Found jsoncpp, version 1.9.5
[1.448s] -- Found JSONCPP: TRUE  
[1.454s] -- Checking for module 'libzip'
[1.467s] --   Found libzip, version 1.7.3
[1.498s] -- Found ZIP: TRUE  
[1.499s] -- Looking for ignition-common3 -- found version 3.14.0
[1.499s] -- Looking for ignition-math6 -- found version 6.15.1
[1.499s] -- Looking for ignition-msgs5 -- found version 5.8.1
[1.505s] -- Found gazebo_ros_pkgs: 3.7.0 (/opt/ros/humble/share/gazebo_ros_pkgs/cmake)
[1.507s] -- Found geometry_msgs: 4.2.4 (/opt/ros/humble/share/geometry_msgs/cmake)
[1.543s] -- Found rosidl_generator_c: 3.1.5 (/opt/ros/humble/share/rosidl_generator_c/cmake)
[1.549s] -- Found rosidl_adapter: 3.1.5 (/opt/ros/humble/share/rosidl_adapter/cmake)
[1.558s] -- Found rosidl_generator_cpp: 3.1.5 (/opt/ros/humble/share/rosidl_generator_cpp/cmake)
[1.571s] -- Using all available rosidl_typesupport_c: rosidl_typesupport_fastrtps_c;rosidl_typesupport_introspection_c
[1.588s] -- Using all available rosidl_typesupport_cpp: rosidl_typesupport_fastrtps_cpp;rosidl_typesupport_introspection_cpp
[1.626s] -- Found nav_msgs: 4.2.4 (/opt/ros/humble/share/nav_msgs/cmake)
[1.643s] -- Found rclcpp: 16.0.10 (/opt/ros/humble/share/rclcpp/cmake)
[1.687s] -- Found rmw_implementation_cmake: 6.1.2 (/opt/ros/humble/share/rmw_implementation_cmake/cmake)
[1.690s] -- Found rmw_fastrtps_cpp: 6.2.7 (/opt/ros/humble/share/rmw_fastrtps_cpp/cmake)
[1.783s] -- Found OpenSSL: /usr/lib/x86_64-linux-gnu/libcrypto.so (found version "3.0.2")  
[1.809s] -- Found FastRTPS: /opt/ros/humble/include  
[1.852s] -- Using RMW implementation 'rmw_fastrtps_cpp' as default
[1.862s] -- Found Threads: TRUE  
[1.901s] -- Found sensor_msgs: 4.2.4 (/opt/ros/humble/share/sensor_msgs/cmake)
[1.920s] -- Found tf2: 0.25.7 (/opt/ros/humble/share/tf2/cmake)
[1.983s] -- Configuring done
[2.014s] -- Generating done
[2.016s] -- Build files have been written to: /home/tarun/CustomMultibot/build/turtlebot3_gazebo
[2.030s] Invoked command in '/home/tarun/CustomMultibot/build/turtlebot3_gazebo' returned '0': CMAKE_PREFIX_PATH=/opt/ros/humble /usr/bin/cmake /home/tarun/CustomMultibot/src/turtlebot3_gazebo -DCMAKE_INSTALL_PREFIX=/home/tarun/CustomMultibot/install/turtlebot3_gazebo
[2.032s] Invoking command in '/home/tarun/CustomMultibot/build/turtlebot3_gazebo': CMAKE_PREFIX_PATH=/opt/ros/humble /usr/bin/cmake --build /home/tarun/CustomMultibot/build/turtlebot3_gazebo -- -j12 -l12
[2.079s] [ 37%] [32mBuilding CXX object CMakeFiles/obstacle1.dir/models/turtlebot3_dqn_world/obstacle_plugin/obstacle1.cc.o[0m
[2.079s] [ 37%] [32mBuilding CXX object CMakeFiles/turtlebot3_drive.dir/src/turtlebot3_drive.cpp.o[0m
[2.079s] [ 37%] [32mBuilding CXX object CMakeFiles/obstacle2.dir/models/turtlebot3_dqn_world/obstacle_plugin/obstacle2.cc.o[0m
[2.079s] [ 50%] [32mBuilding CXX object CMakeFiles/obstacles.dir/models/turtlebot3_dqn_world/obstacle_plugin/obstacles.cc.o[0m
[11.378s] [ 62%] [32m[1mLinking CXX executable turtlebot3_drive[0m
[11.606s] [ 75%] [32m[1mLinking CXX shared library libobstacle1.so[0m
[11.608s] [ 87%] [32m[1mLinking CXX shared library libobstacles.so[0m
[11.644s] [100%] [32m[1mLinking CXX shared library libobstacle2.so[0m
[11.819s] [100%] Built target obstacle1
[11.821s] [100%] Built target obstacles
[11.841s] [100%] Built target turtlebot3_drive
[11.850s] [100%] Built target obstacle2
