[0.282s] DEBUG:colcon:Command line arguments: ['/usr/bin/colcon', 'list', '-p', '--base-paths', '/home/tarun_56/multibot_ws']
[0.283s] DEBUG:colcon:Parsed command line arguments: Namespace(log_base=None, log_level=None, verb_name='list', build_base='build', ignore_user_meta=False, metas=['./colcon.meta'], base_paths=['/home/tarun_56/multibot_ws'], packages_ignore=None, packages_ignore_regex=None, paths=None, packages_up_to=None, packages_up_to_regex=None, packages_above=None, packages_above_and_dependencies=None, packages_above_depth=None, packages_select_by_dep=None, packages_skip_by_dep=None, packages_skip_up_to=None, packages_select_build_failed=False, packages_skip_build_finished=False, packages_select_test_failures=False, packages_skip_test_passed=False, packages_select=None, packages_skip=None, packages_select_regex=None, packages_skip_regex=None, packages_start=None, packages_end=None, allow_overriding=[], topological_order=False, names_only=False, paths_only=True, topological_graph=False, topological_graph_dot=False, topological_graph_density=False, topological_graph_legend=False, topological_graph_dot_cluster=False, topological_graph_dot_include_skipped=False, verb_parser=<colcon_defaults.argument_parser.defaults.DefaultArgumentsDecorator object at 0x778c4062ec80>, verb_extension=<colcon_package_information.verb.list.ListVerb object at 0x778c4062dc90>, main=<bound method ListVerb.main of <colcon_package_information.verb.list.ListVerb object at 0x778c4062dc90>>)
[0.744s] Level 1:colcon.colcon_core.package_discovery:discover_packages(colcon_meta) check parameters
[0.744s] Level 1:colcon.colcon_core.package_discovery:discover_packages(recursive) check parameters
[0.744s] Level 1:colcon.colcon_core.package_discovery:discover_packages(ignore) check parameters
[0.744s] Level 1:colcon.colcon_core.package_discovery:discover_packages(path) check parameters
[0.744s] Level 1:colcon.colcon_core.package_discovery:discover_packages(recursive) discover
[0.745s] INFO:colcon.colcon_core.package_discovery:Crawling recursively for packages in '/home/tarun_56/multibot_ws'
[0.745s] Level 1:colcon.colcon_core.package_identification:_identify(/home/tarun_56/multibot_ws) by extensions ['ignore', 'ignore_ament_install']
[0.745s] Level 1:colcon.colcon_core.package_identification:_identify(/home/tarun_56/multibot_ws) by extension 'ignore'
[0.745s] Level 1:colcon.colcon_core.package_identification:_identify(/home/tarun_56/multibot_ws) by extension 'ignore_ament_install'
[0.745s] Level 1:colcon.colcon_core.package_identification:_identify(/home/tarun_56/multibot_ws) by extensions ['colcon_pkg']
[0.745s] Level 1:colcon.colcon_core.package_identification:_identify(/home/tarun_56/multibot_ws) by extension 'colcon_pkg'
[0.745s] Level 1:colcon.colcon_core.package_identification:_identify(/home/tarun_56/multibot_ws) by extensions ['colcon_meta']
[0.745s] Level 1:colcon.colcon_core.package_identification:_identify(/home/tarun_56/multibot_ws) by extension 'colcon_meta'
[0.745s] Level 1:colcon.colcon_core.package_identification:_identify(/home/tarun_56/multibot_ws) by extensions ['ros']
[0.745s] Level 1:colcon.colcon_core.package_identification:_identify(/home/tarun_56/multibot_ws) by extension 'ros'
[0.764s] Level 1:colcon.colcon_core.package_identification:_identify(/home/tarun_56/multibot_ws) by extensions ['cmake', 'python']
[0.764s] Level 1:colcon.colcon_core.package_identification:_identify(/home/tarun_56/multibot_ws) by extension 'cmake'
[0.764s] Level 1:colcon.colcon_core.package_identification:_identify(/home/tarun_56/multibot_ws) by extension 'python'
[0.764s] Level 1:colcon.colcon_core.package_identification:_identify(/home/tarun_56/multibot_ws) by extensions ['python_setup_py']
[0.764s] Level 1:colcon.colcon_core.package_identification:_identify(/home/tarun_56/multibot_ws) by extension 'python_setup_py'
[0.764s] Level 1:colcon.colcon_core.package_identification:_identify(/home/tarun_56/multibot_ws/build) by extensions ['ignore', 'ignore_ament_install']
[0.764s] Level 1:colcon.colcon_core.package_identification:_identify(/home/tarun_56/multibot_ws/build) by extension 'ignore'
[0.764s] Level 1:colcon.colcon_core.package_identification:_identify(/home/tarun_56/multibot_ws/build) ignored
[0.764s] Level 1:colcon.colcon_core.package_identification:_identify(/home/tarun_56/multibot_ws/install) by extensions ['ignore', 'ignore_ament_install']
[0.764s] Level 1:colcon.colcon_core.package_identification:_identify(/home/tarun_56/multibot_ws/install) by extension 'ignore'
[0.764s] Level 1:colcon.colcon_core.package_identification:_identify(/home/tarun_56/multibot_ws/install) ignored
[0.765s] Level 1:colcon.colcon_core.package_identification:_identify(/home/tarun_56/multibot_ws/log) by extensions ['ignore', 'ignore_ament_install']
[0.765s] Level 1:colcon.colcon_core.package_identification:_identify(/home/tarun_56/multibot_ws/log) by extension 'ignore'
[0.765s] Level 1:colcon.colcon_core.package_identification:_identify(/home/tarun_56/multibot_ws/log) ignored
[0.765s] Level 1:colcon.colcon_core.package_identification:_identify(/home/tarun_56/multibot_ws/src) by extensions ['ignore', 'ignore_ament_install']
[0.765s] Level 1:colcon.colcon_core.package_identification:_identify(/home/tarun_56/multibot_ws/src) by extension 'ignore'
[0.765s] Level 1:colcon.colcon_core.package_identification:_identify(/home/tarun_56/multibot_ws/src) by extension 'ignore_ament_install'
[0.765s] Level 1:colcon.colcon_core.package_identification:_identify(/home/tarun_56/multibot_ws/src) by extensions ['colcon_pkg']
[0.765s] Level 1:colcon.colcon_core.package_identification:_identify(/home/tarun_56/multibot_ws/src) by extension 'colcon_pkg'
[0.765s] Level 1:colcon.colcon_core.package_identification:_identify(/home/tarun_56/multibot_ws/src) by extensions ['colcon_meta']
[0.765s] Level 1:colcon.colcon_core.package_identification:_identify(/home/tarun_56/multibot_ws/src) by extension 'colcon_meta'
[0.765s] Level 1:colcon.colcon_core.package_identification:_identify(/home/tarun_56/multibot_ws/src) by extensions ['ros']
[0.765s] Level 1:colcon.colcon_core.package_identification:_identify(/home/tarun_56/multibot_ws/src) by extension 'ros'
[0.765s] Level 1:colcon.colcon_core.package_identification:_identify(/home/tarun_56/multibot_ws/src) by extensions ['cmake', 'python']
[0.765s] Level 1:colcon.colcon_core.package_identification:_identify(/home/tarun_56/multibot_ws/src) by extension 'cmake'
[0.765s] Level 1:colcon.colcon_core.package_identification:_identify(/home/tarun_56/multibot_ws/src) by extension 'python'
[0.765s] Level 1:colcon.colcon_core.package_identification:_identify(/home/tarun_56/multibot_ws/src) by extensions ['python_setup_py']
[0.765s] Level 1:colcon.colcon_core.package_identification:_identify(/home/tarun_56/multibot_ws/src) by extension 'python_setup_py'
[0.766s] Level 1:colcon.colcon_core.package_identification:_identify(/home/tarun_56/multibot_ws/src/JobShopGA) by extensions ['ignore', 'ignore_ament_install']
[0.766s] Level 1:colcon.colcon_core.package_identification:_identify(/home/tarun_56/multibot_ws/src/JobShopGA) by extension 'ignore'
[0.766s] Level 1:colcon.colcon_core.package_identification:_identify(/home/tarun_56/multibot_ws/src/JobShopGA) by extension 'ignore_ament_install'
[0.766s] Level 1:colcon.colcon_core.package_identification:_identify(/home/tarun_56/multibot_ws/src/JobShopGA) by extensions ['colcon_pkg']
[0.766s] Level 1:colcon.colcon_core.package_identification:_identify(/home/tarun_56/multibot_ws/src/JobShopGA) by extension 'colcon_pkg'
[0.766s] Level 1:colcon.colcon_core.package_identification:_identify(/home/tarun_56/multibot_ws/src/JobShopGA) by extensions ['colcon_meta']
[0.766s] Level 1:colcon.colcon_core.package_identification:_identify(/home/tarun_56/multibot_ws/src/JobShopGA) by extension 'colcon_meta'
[0.766s] Level 1:colcon.colcon_core.package_identification:_identify(/home/tarun_56/multibot_ws/src/JobShopGA) by extensions ['ros']
[0.766s] Level 1:colcon.colcon_core.package_identification:_identify(/home/tarun_56/multibot_ws/src/JobShopGA) by extension 'ros'
[0.766s] Level 1:colcon.colcon_core.package_identification:_identify(/home/tarun_56/multibot_ws/src/JobShopGA) by extensions ['cmake', 'python']
[0.766s] Level 1:colcon.colcon_core.package_identification:_identify(/home/tarun_56/multibot_ws/src/JobShopGA) by extension 'cmake'
[0.766s] Level 1:colcon.colcon_core.package_identification:_identify(/home/tarun_56/multibot_ws/src/JobShopGA) by extension 'python'
[0.766s] Level 1:colcon.colcon_core.package_identification:_identify(/home/tarun_56/multibot_ws/src/JobShopGA) by extensions ['python_setup_py']
[0.766s] Level 1:colcon.colcon_core.package_identification:_identify(/home/tarun_56/multibot_ws/src/JobShopGA) by extension 'python_setup_py'
[0.766s] Level 1:colcon.colcon_core.package_identification:_identify(/home/tarun_56/multibot_ws/src/JobShopGA/__pycache__) by extensions ['ignore', 'ignore_ament_install']
[0.766s] Level 1:colcon.colcon_core.package_identification:_identify(/home/tarun_56/multibot_ws/src/JobShopGA/__pycache__) by extension 'ignore'
[0.766s] Level 1:colcon.colcon_core.package_identification:_identify(/home/tarun_56/multibot_ws/src/JobShopGA/__pycache__) by extension 'ignore_ament_install'
[0.766s] Level 1:colcon.colcon_core.package_identification:_identify(/home/tarun_56/multibot_ws/src/JobShopGA/__pycache__) by extensions ['colcon_pkg']
[0.766s] Level 1:colcon.colcon_core.package_identification:_identify(/home/tarun_56/multibot_ws/src/JobShopGA/__pycache__) by extension 'colcon_pkg'
[0.766s] Level 1:colcon.colcon_core.package_identification:_identify(/home/tarun_56/multibot_ws/src/JobShopGA/__pycache__) by extensions ['colcon_meta']
[0.767s] Level 1:colcon.colcon_core.package_identification:_identify(/home/tarun_56/multibot_ws/src/JobShopGA/__pycache__) by extension 'colcon_meta'
[0.767s] Level 1:colcon.colcon_core.package_identification:_identify(/home/tarun_56/multibot_ws/src/JobShopGA/__pycache__) by extensions ['ros']
[0.767s] Level 1:colcon.colcon_core.package_identification:_identify(/home/tarun_56/multibot_ws/src/JobShopGA/__pycache__) by extension 'ros'
[0.767s] Level 1:colcon.colcon_core.package_identification:_identify(/home/tarun_56/multibot_ws/src/JobShopGA/__pycache__) by extensions ['cmake', 'python']
[0.767s] Level 1:colcon.colcon_core.package_identification:_identify(/home/tarun_56/multibot_ws/src/JobShopGA/__pycache__) by extension 'cmake'
[0.767s] Level 1:colcon.colcon_core.package_identification:_identify(/home/tarun_56/multibot_ws/src/JobShopGA/__pycache__) by extension 'python'
[0.767s] Level 1:colcon.colcon_core.package_identification:_identify(/home/tarun_56/multibot_ws/src/JobShopGA/__pycache__) by extensions ['python_setup_py']
[0.767s] Level 1:colcon.colcon_core.package_identification:_identify(/home/tarun_56/multibot_ws/src/JobShopGA/__pycache__) by extension 'python_setup_py'
[0.767s] Level 1:colcon.colcon_core.package_identification:_identify(/home/tarun_56/multibot_ws/src/follow_waypoints) by extensions ['ignore', 'ignore_ament_install']
[0.767s] Level 1:colcon.colcon_core.package_identification:_identify(/home/tarun_56/multibot_ws/src/follow_waypoints) by extension 'ignore'
[0.768s] Level 1:colcon.colcon_core.package_identification:_identify(/home/tarun_56/multibot_ws/src/follow_waypoints) by extension 'ignore_ament_install'
[0.769s] Level 1:colcon.colcon_core.package_identification:_identify(/home/tarun_56/multibot_ws/src/follow_waypoints) by extensions ['colcon_pkg']
[0.769s] Level 1:colcon.colcon_core.package_identification:_identify(/home/tarun_56/multibot_ws/src/follow_waypoints) by extension 'colcon_pkg'
[0.769s] Level 1:colcon.colcon_core.package_identification:_identify(/home/tarun_56/multibot_ws/src/follow_waypoints) by extensions ['colcon_meta']
[0.769s] Level 1:colcon.colcon_core.package_identification:_identify(/home/tarun_56/multibot_ws/src/follow_waypoints) by extension 'colcon_meta'
[0.769s] Level 1:colcon.colcon_core.package_identification:_identify(/home/tarun_56/multibot_ws/src/follow_waypoints) by extensions ['ros']
[0.769s] Level 1:colcon.colcon_core.package_identification:_identify(/home/tarun_56/multibot_ws/src/follow_waypoints) by extension 'ros'
[0.775s] DEBUG:colcon.colcon_core.package_identification:Package '/home/tarun_56/multibot_ws/src/follow_waypoints' with type 'ros.ament_python' and name 'follow_waypoints'
[0.775s] Level 1:colcon.colcon_core.package_identification:_identify(/home/tarun_56/multibot_ws/src/minibot) by extensions ['ignore', 'ignore_ament_install']
[0.775s] Level 1:colcon.colcon_core.package_identification:_identify(/home/tarun_56/multibot_ws/src/minibot) by extension 'ignore'
[0.775s] Level 1:colcon.colcon_core.package_identification:_identify(/home/tarun_56/multibot_ws/src/minibot) by extension 'ignore_ament_install'
[0.776s] Level 1:colcon.colcon_core.package_identification:_identify(/home/tarun_56/multibot_ws/src/minibot) by extensions ['colcon_pkg']
[0.776s] Level 1:colcon.colcon_core.package_identification:_identify(/home/tarun_56/multibot_ws/src/minibot) by extension 'colcon_pkg'
[0.776s] Level 1:colcon.colcon_core.package_identification:_identify(/home/tarun_56/multibot_ws/src/minibot) by extensions ['colcon_meta']
[0.776s] Level 1:colcon.colcon_core.package_identification:_identify(/home/tarun_56/multibot_ws/src/minibot) by extension 'colcon_meta'
[0.776s] Level 1:colcon.colcon_core.package_identification:_identify(/home/tarun_56/multibot_ws/src/minibot) by extensions ['ros']
[0.776s] Level 1:colcon.colcon_core.package_identification:_identify(/home/tarun_56/multibot_ws/src/minibot) by extension 'ros'
[0.777s] DEBUG:colcon.colcon_core.package_identification:Package '/home/tarun_56/multibot_ws/src/minibot' with type 'ros.ament_cmake' and name 'minibot'
[0.777s] Level 1:colcon.colcon_core.package_identification:_identify(/home/tarun_56/multibot_ws/src/nav2_bringup) by extensions ['ignore', 'ignore_ament_install']
[0.778s] Level 1:colcon.colcon_core.package_identification:_identify(/home/tarun_56/multibot_ws/src/nav2_bringup) by extension 'ignore'
[0.778s] Level 1:colcon.colcon_core.package_identification:_identify(/home/tarun_56/multibot_ws/src/nav2_bringup) by extension 'ignore_ament_install'
[0.778s] Level 1:colcon.colcon_core.package_identification:_identify(/home/tarun_56/multibot_ws/src/nav2_bringup) by extensions ['colcon_pkg']
[0.778s] Level 1:colcon.colcon_core.package_identification:_identify(/home/tarun_56/multibot_ws/src/nav2_bringup) by extension 'colcon_pkg'
[0.778s] Level 1:colcon.colcon_core.package_identification:_identify(/home/tarun_56/multibot_ws/src/nav2_bringup) by extensions ['colcon_meta']
[0.778s] Level 1:colcon.colcon_core.package_identification:_identify(/home/tarun_56/multibot_ws/src/nav2_bringup) by extension 'colcon_meta'
[0.778s] Level 1:colcon.colcon_core.package_identification:_identify(/home/tarun_56/multibot_ws/src/nav2_bringup) by extensions ['ros']
[0.778s] Level 1:colcon.colcon_core.package_identification:_identify(/home/tarun_56/multibot_ws/src/nav2_bringup) by extension 'ros'
[0.779s] DEBUG:colcon.colcon_core.package_identification:Package '/home/tarun_56/multibot_ws/src/nav2_bringup' with type 'ros.ament_cmake' and name 'nav2_bringup'
[0.779s] Level 1:colcon.colcon_core.package_identification:_identify(/home/tarun_56/multibot_ws/src/turtlebot3_gazebo) by extensions ['ignore', 'ignore_ament_install']
[0.779s] Level 1:colcon.colcon_core.package_identification:_identify(/home/tarun_56/multibot_ws/src/turtlebot3_gazebo) by extension 'ignore'
[0.779s] Level 1:colcon.colcon_core.package_identification:_identify(/home/tarun_56/multibot_ws/src/turtlebot3_gazebo) by extension 'ignore_ament_install'
[0.779s] Level 1:colcon.colcon_core.package_identification:_identify(/home/tarun_56/multibot_ws/src/turtlebot3_gazebo) by extensions ['colcon_pkg']
[0.779s] Level 1:colcon.colcon_core.package_identification:_identify(/home/tarun_56/multibot_ws/src/turtlebot3_gazebo) by extension 'colcon_pkg'
[0.779s] Level 1:colcon.colcon_core.package_identification:_identify(/home/tarun_56/multibot_ws/src/turtlebot3_gazebo) by extensions ['colcon_meta']
[0.779s] Level 1:colcon.colcon_core.package_identification:_identify(/home/tarun_56/multibot_ws/src/turtlebot3_gazebo) by extension 'colcon_meta'
[0.780s] Level 1:colcon.colcon_core.package_identification:_identify(/home/tarun_56/multibot_ws/src/turtlebot3_gazebo) by extensions ['ros']
[0.780s] Level 1:colcon.colcon_core.package_identification:_identify(/home/tarun_56/multibot_ws/src/turtlebot3_gazebo) by extension 'ros'
[0.781s] DEBUG:colcon.colcon_core.package_identification:Package '/home/tarun_56/multibot_ws/src/turtlebot3_gazebo' with type 'ros.ament_cmake' and name 'turtlebot3_gazebo'
[0.781s] Level 1:colcon.colcon_core.package_identification:_identify(/home/tarun_56/multibot_ws/src/turtlebot3_simulations) by extensions ['ignore', 'ignore_ament_install']
[0.782s] Level 1:colcon.colcon_core.package_identification:_identify(/home/tarun_56/multibot_ws/src/turtlebot3_simulations) by extension 'ignore'
[0.782s] Level 1:colcon.colcon_core.package_identification:_identify(/home/tarun_56/multibot_ws/src/turtlebot3_simulations) by extension 'ignore_ament_install'
[0.782s] Level 1:colcon.colcon_core.package_identification:_identify(/home/tarun_56/multibot_ws/src/turtlebot3_simulations) by extensions ['colcon_pkg']
[0.782s] Level 1:colcon.colcon_core.package_identification:_identify(/home/tarun_56/multibot_ws/src/turtlebot3_simulations) by extension 'colcon_pkg'
[0.782s] Level 1:colcon.colcon_core.package_identification:_identify(/home/tarun_56/multibot_ws/src/turtlebot3_simulations) by extensions ['colcon_meta']
[0.782s] Level 1:colcon.colcon_core.package_identification:_identify(/home/tarun_56/multibot_ws/src/turtlebot3_simulations) by extension 'colcon_meta'
[0.782s] Level 1:colcon.colcon_core.package_identification:_identify(/home/tarun_56/multibot_ws/src/turtlebot3_simulations) by extensions ['ros']
[0.782s] Level 1:colcon.colcon_core.package_identification:_identify(/home/tarun_56/multibot_ws/src/turtlebot3_simulations) by extension 'ros'
[0.783s] DEBUG:colcon.colcon_core.package_identification:Package '/home/tarun_56/multibot_ws/src/turtlebot3_simulations' with type 'ros.ament_cmake' and name 'turtlebot3_simulations'
[0.783s] Level 1:colcon.colcon_core.package_discovery:discover_packages(recursive) using defaults
