[0.008s] Invoking command in '/home/tarun/CustomMultibot/build/turtlebot3_simulations': AMENT_PREFIX_PATH=/home/tarun/CustomMultibot/install/turtlebot3_gazebo:${AMENT_PREFIX_PATH} CMAKE_PREFIX_PATH=/home/tarun/CustomMultibot/install/turtlebot3_gazebo:/opt/ros/humble /usr/bin/cmake /home/tarun/CustomMultibot/src/turtlebot3_simulations -DCMAKE_INSTALL_PREFIX=/home/tarun/CustomMultibot/install/turtlebot3_simulations
[0.020s] -- Found ament_cmake: 1.3.10 (/opt/ros/humble/share/ament_cmake/cmake)
[0.116s] -- Override CMake install command with custom implementation using symlinks instead of copying resources
[0.171s] -- Configuring done
[0.173s] -- Generating done
[0.174s] -- Build files have been written to: /home/tarun/CustomMultibot/build/turtlebot3_simulations
[0.177s] Invoked command in '/home/tarun/CustomMultibot/build/turtlebot3_simulations' returned '0': AMENT_PREFIX_PATH=/home/tarun/CustomMultibot/install/turtlebot3_gazebo:${AMENT_PREFIX_PATH} CMAKE_PREFIX_PATH=/home/tarun/CustomMultibot/install/turtlebot3_gazebo:/opt/ros/humble /usr/bin/cmake /home/tarun/CustomMultibot/src/turtlebot3_simulations -DCMAKE_INSTALL_PREFIX=/home/tarun/CustomMultibot/install/turtlebot3_simulations
[0.178s] Invoking command in '/home/tarun/CustomMultibot/build/turtlebot3_simulations': AMENT_PREFIX_PATH=/home/tarun/CustomMultibot/install/turtlebot3_gazebo:${AMENT_PREFIX_PATH} CMAKE_PREFIX_PATH=/home/tarun/CustomMultibot/install/turtlebot3_gazebo:/opt/ros/humble /usr/bin/cmake --build /home/tarun/CustomMultibot/build/turtlebot3_simulations -- -j12 -l12
[0.213s] Invoked command in '/home/tarun/CustomMultibot/build/turtlebot3_simulations' returned '0': AMENT_PREFIX_PATH=/home/tarun/CustomMultibot/install/turtlebot3_gazebo:${AMENT_PREFIX_PATH} CMAKE_PREFIX_PATH=/home/tarun/CustomMultibot/install/turtlebot3_gazebo:/opt/ros/humble /usr/bin/cmake --build /home/tarun/CustomMultibot/build/turtlebot3_simulations -- -j12 -l12
[0.234s] Invoking command in '/home/tarun/CustomMultibot/build/turtlebot3_simulations': AMENT_PREFIX_PATH=/home/tarun/CustomMultibot/install/turtlebot3_gazebo:${AMENT_PREFIX_PATH} CMAKE_PREFIX_PATH=/home/tarun/CustomMultibot/install/turtlebot3_gazebo:/opt/ros/humble /usr/bin/cmake --install /home/tarun/CustomMultibot/build/turtlebot3_simulations
[0.241s] -- Install configuration: ""
[0.242s] -- Execute custom install script
[0.242s] -- Up-to-date symlink: /home/tarun/CustomMultibot/install/turtlebot3_simulations/share/ament_index/resource_index/package_run_dependencies/turtlebot3_simulations
[0.242s] -- Up-to-date symlink: /home/tarun/CustomMultibot/install/turtlebot3_simulations/share/ament_index/resource_index/parent_prefix_path/turtlebot3_simulations
[0.242s] -- Up-to-date symlink: /home/tarun/CustomMultibot/install/turtlebot3_simulations/share/turtlebot3_simulations/environment/ament_prefix_path.sh
[0.242s] -- Up-to-date symlink: /home/tarun/CustomMultibot/install/turtlebot3_simulations/share/turtlebot3_simulations/environment/ament_prefix_path.dsv
[0.242s] -- Up-to-date symlink: /home/tarun/CustomMultibot/install/turtlebot3_simulations/share/turtlebot3_simulations/environment/path.sh
[0.242s] -- Up-to-date symlink: /home/tarun/CustomMultibot/install/turtlebot3_simulations/share/turtlebot3_simulations/environment/path.dsv
[0.242s] -- Up-to-date symlink: /home/tarun/CustomMultibot/install/turtlebot3_simulations/share/turtlebot3_simulations/local_setup.bash
[0.243s] -- Up-to-date symlink: /home/tarun/CustomMultibot/install/turtlebot3_simulations/share/turtlebot3_simulations/local_setup.sh
[0.243s] -- Up-to-date symlink: /home/tarun/CustomMultibot/install/turtlebot3_simulations/share/turtlebot3_simulations/local_setup.zsh
[0.243s] -- Up-to-date symlink: /home/tarun/CustomMultibot/install/turtlebot3_simulations/share/turtlebot3_simulations/local_setup.dsv
[0.243s] -- Symlinking: /home/tarun/CustomMultibot/install/turtlebot3_simulations/share/turtlebot3_simulations/package.dsv
[0.251s] -- Up-to-date symlink: /home/tarun/CustomMultibot/install/turtlebot3_simulations/share/ament_index/resource_index/packages/turtlebot3_simulations
[0.252s] -- Up-to-date symlink: /home/tarun/CustomMultibot/install/turtlebot3_simulations/share/turtlebot3_simulations/cmake/turtlebot3_simulationsConfig.cmake
[0.252s] -- Up-to-date symlink: /home/tarun/CustomMultibot/install/turtlebot3_simulations/share/turtlebot3_simulations/cmake/turtlebot3_simulationsConfig-version.cmake
[0.252s] -- Up-to-date symlink: /home/tarun/CustomMultibot/install/turtlebot3_simulations/share/turtlebot3_simulations/package.xml
[0.254s] Invoked command in '/home/tarun/CustomMultibot/build/turtlebot3_simulations' returned '0': AMENT_PREFIX_PATH=/home/tarun/CustomMultibot/install/turtlebot3_gazebo:${AMENT_PREFIX_PATH} CMAKE_PREFIX_PATH=/home/tarun/CustomMultibot/install/turtlebot3_gazebo:/opt/ros/humble /usr/bin/cmake --install /home/tarun/CustomMultibot/build/turtlebot3_simulations
