[2.109s] Invoking command in '/home/tarun_56/multibot_ws/build/follow_waypoints': PYTHONPATH=/home/tarun_56/multibot_ws/build/follow_waypoints/prefix_override:/usr/lib/python3/dist-packages/colcon_core/task/python/colcon_distutils_commands:/home/tarun_56/multibot_ws/install/follow_waypoints/lib/python3.10/site-packages:${PYTHONPATH} /usr/bin/python3 -W ignore:setup.py install is deprecated setup.py develop --editable --build-directory /home/tarun_56/multibot_ws/build/follow_waypoints/build --no-deps symlink_data
[2.657s] running develop
[3.002s] running egg_info
[3.003s] writing follow_waypoints.egg-info/PKG-INFO
[3.005s] writing dependency_links to follow_waypoints.egg-info/dependency_links.txt
[3.005s] writing entry points to follow_waypoints.egg-info/entry_points.txt
[3.005s] writing requirements to follow_waypoints.egg-info/requires.txt
[3.005s] writing top-level names to follow_waypoints.egg-info/top_level.txt
[3.008s] reading manifest file 'follow_waypoints.egg-info/SOURCES.txt'
[3.008s] writing manifest file 'follow_waypoints.egg-info/SOURCES.txt'
[3.011s] running build_ext
[3.011s] Creating /home/tarun_56/multibot_ws/install/follow_waypoints/lib/python3.10/site-packages/follow-waypoints.egg-link (link to .)
[3.013s] Installing follow_waypoints_exe script to /home/tarun_56/multibot_ws/install/follow_waypoints/lib/follow_waypoints
[3.014s] Installing go_to_points_exe script to /home/tarun_56/multibot_ws/install/follow_waypoints/lib/follow_waypoints
[3.014s] Installing robot_1_exe script to /home/tarun_56/multibot_ws/install/follow_waypoints/lib/follow_waypoints
[3.014s] Installing robot_2_exe script to /home/tarun_56/multibot_ws/install/follow_waypoints/lib/follow_waypoints
[3.014s] 
[3.014s] Installed /home/tarun_56/multibot_ws/build/follow_waypoints
[3.014s] running symlink_data
[3.092s] Invoked command in '/home/tarun_56/multibot_ws/build/follow_waypoints' returned '0': PYTHONPATH=/home/tarun_56/multibot_ws/build/follow_waypoints/prefix_override:/usr/lib/python3/dist-packages/colcon_core/task/python/colcon_distutils_commands:/home/tarun_56/multibot_ws/install/follow_waypoints/lib/python3.10/site-packages:${PYTHONPATH} /usr/bin/python3 -W ignore:setup.py install is deprecated setup.py develop --editable --build-directory /home/tarun_56/multibot_ws/build/follow_waypoints/build --no-deps symlink_data
