[0.007s] Invoking command in '/home/tarun/CustomMultibot/build/turtlebot3_simulations': AMENT_PREFIX_PATH=/home/tarun/CustomMultibot/install/turtlebot3_gazebo:${AMENT_PREFIX_PATH} CMAKE_PREFIX_PATH=/home/tarun/CustomMultibot/install/turtlebot3_gazebo:/opt/ros/humble /usr/bin/cmake /home/tarun/CustomMultibot/src/turtlebot3_simulations -DAMENT_CMAKE_SYMLINK_INSTALL=1 -DCMAKE_INSTALL_PREFIX=/home/tarun/CustomMultibot/install/turtlebot3_simulations
[0.018s] -- Found ament_cmake: 1.3.10 (/opt/ros/humble/share/ament_cmake/cmake)
[0.120s] -- Override CMake install command with custom implementation using symlinks instead of copying resources
[0.180s] -- Configuring done
[0.182s] -- Generating done
[0.183s] -- Build files have been written to: /home/tarun/CustomMultibot/build/turtlebot3_simulations
[0.186s] Invoked command in '/home/tarun/CustomMultibot/build/turtlebot3_simulations' returned '0': AMENT_PREFIX_PATH=/home/tarun/CustomMultibot/install/turtlebot3_gazebo:${AMENT_PREFIX_PATH} CMAKE_PREFIX_PATH=/home/tarun/CustomMultibot/install/turtlebot3_gazebo:/opt/ros/humble /usr/bin/cmake /home/tarun/CustomMultibot/src/turtlebot3_simulations -DAMENT_CMAKE_SYMLINK_INSTALL=1 -DCMAKE_INSTALL_PREFIX=/home/tarun/CustomMultibot/install/turtlebot3_simulations
[0.187s] Invoking command in '/home/tarun/CustomMultibot/build/turtlebot3_simulations': AMENT_PREFIX_PATH=/home/tarun/CustomMultibot/install/turtlebot3_gazebo:${AMENT_PREFIX_PATH} CMAKE_PREFIX_PATH=/home/tarun/CustomMultibot/install/turtlebot3_gazebo:/opt/ros/humble /usr/bin/cmake --build /home/tarun/CustomMultibot/build/turtlebot3_simulations -- -j12 -l12
[0.225s] Invoked command in '/home/tarun/CustomMultibot/build/turtlebot3_simulations' returned '0': AMENT_PREFIX_PATH=/home/tarun/CustomMultibot/install/turtlebot3_gazebo:${AMENT_PREFIX_PATH} CMAKE_PREFIX_PATH=/home/tarun/CustomMultibot/install/turtlebot3_gazebo:/opt/ros/humble /usr/bin/cmake --build /home/tarun/CustomMultibot/build/turtlebot3_simulations -- -j12 -l12
[0.248s] Invoking command in '/home/tarun/CustomMultibot/build/turtlebot3_simulations': AMENT_PREFIX_PATH=/home/tarun/CustomMultibot/install/turtlebot3_gazebo:${AMENT_PREFIX_PATH} CMAKE_PREFIX_PATH=/home/tarun/CustomMultibot/install/turtlebot3_gazebo:/opt/ros/humble /usr/bin/cmake --install /home/tarun/CustomMultibot/build/turtlebot3_simulations
[0.256s] -- Install configuration: ""
[0.256s] -- Execute custom install script
[0.257s] -- Up-to-date symlink: /home/tarun/CustomMultibot/install/turtlebot3_simulations/share/ament_index/resource_index/package_run_dependencies/turtlebot3_simulations
[0.257s] -- Up-to-date symlink: /home/tarun/CustomMultibot/install/turtlebot3_simulations/share/ament_index/resource_index/parent_prefix_path/turtlebot3_simulations
[0.257s] -- Up-to-date symlink: /home/tarun/CustomMultibot/install/turtlebot3_simulations/share/turtlebot3_simulations/environment/ament_prefix_path.sh
[0.257s] -- Up-to-date symlink: /home/tarun/CustomMultibot/install/turtlebot3_simulations/share/turtlebot3_simulations/environment/ament_prefix_path.dsv
[0.257s] -- Up-to-date symlink: /home/tarun/CustomMultibot/install/turtlebot3_simulations/share/turtlebot3_simulations/environment/path.sh
[0.257s] -- Up-to-date symlink: /home/tarun/CustomMultibot/install/turtlebot3_simulations/share/turtlebot3_simulations/environment/path.dsv
[0.257s] -- Up-to-date symlink: /home/tarun/CustomMultibot/install/turtlebot3_simulations/share/turtlebot3_simulations/local_setup.bash
[0.258s] -- Up-to-date symlink: /home/tarun/CustomMultibot/install/turtlebot3_simulations/share/turtlebot3_simulations/local_setup.sh
[0.258s] -- Up-to-date symlink: /home/tarun/CustomMultibot/install/turtlebot3_simulations/share/turtlebot3_simulations/local_setup.zsh
[0.258s] -- Up-to-date symlink: /home/tarun/CustomMultibot/install/turtlebot3_simulations/share/turtlebot3_simulations/local_setup.dsv
[0.258s] -- Symlinking: /home/tarun/CustomMultibot/install/turtlebot3_simulations/share/turtlebot3_simulations/package.dsv
[0.267s] -- Up-to-date symlink: /home/tarun/CustomMultibot/install/turtlebot3_simulations/share/ament_index/resource_index/packages/turtlebot3_simulations
[0.268s] -- Up-to-date symlink: /home/tarun/CustomMultibot/install/turtlebot3_simulations/share/turtlebot3_simulations/cmake/turtlebot3_simulationsConfig.cmake
[0.268s] -- Up-to-date symlink: /home/tarun/CustomMultibot/install/turtlebot3_simulations/share/turtlebot3_simulations/cmake/turtlebot3_simulationsConfig-version.cmake
[0.268s] -- Up-to-date symlink: /home/tarun/CustomMultibot/install/turtlebot3_simulations/share/turtlebot3_simulations/package.xml
[0.270s] Invoked command in '/home/tarun/CustomMultibot/build/turtlebot3_simulations' returned '0': AMENT_PREFIX_PATH=/home/tarun/CustomMultibot/install/turtlebot3_gazebo:${AMENT_PREFIX_PATH} CMAKE_PREFIX_PATH=/home/tarun/CustomMultibot/install/turtlebot3_gazebo:/opt/ros/humble /usr/bin/cmake --install /home/tarun/CustomMultibot/build/turtlebot3_simulations
