[0.016s] Invoking command in '/home/tarun_56/multibot_ws/build/turtlebot3_simulations': CMAKE_PREFIX_PATH=/home/tarun_56/multibot_ws/install/turtlebot3_gazebo:/home/tarun_56/multibot_ws/install/turtlebot3_simulations:/home/tarun_56/multibot_ws/install/nav2_bringup:/home/tarun_56/multibot_ws/install/follow_waypoints:/opt/ros/humble /usr/bin/cmake --build /home/tarun_56/multibot_ws/build/turtlebot3_simulations -- -j4 -l4
[0.091s] Invoked command in '/home/tarun_56/multibot_ws/build/turtlebot3_simulations' returned '0': CMAKE_PREFIX_PATH=/home/tarun_56/multibot_ws/install/turtlebot3_gazebo:/home/tarun_56/multibot_ws/install/turtlebot3_simulations:/home/tarun_56/multibot_ws/install/nav2_bringup:/home/tarun_56/multibot_ws/install/follow_waypoints:/opt/ros/humble /usr/bin/cmake --build /home/tarun_56/multibot_ws/build/turtlebot3_simulations -- -j4 -l4
[0.148s] Invoking command in '/home/tarun_56/multibot_ws/build/turtlebot3_simulations': CMAKE_PREFIX_PATH=/home/tarun_56/multibot_ws/install/turtlebot3_gazebo:/home/tarun_56/multibot_ws/install/turtlebot3_simulations:/home/tarun_56/multibot_ws/install/nav2_bringup:/home/tarun_56/multibot_ws/install/follow_waypoints:/opt/ros/humble /usr/bin/cmake --install /home/tarun_56/multibot_ws/build/turtlebot3_simulations
[0.161s] -- Install configuration: ""
[0.163s] -- Execute custom install script
[0.164s] -- Up-to-date symlink: /home/tarun_56/multibot_ws/install/turtlebot3_simulations/share/ament_index/resource_index/package_run_dependencies/turtlebot3_simulations
[0.165s] -- Up-to-date symlink: /home/tarun_56/multibot_ws/install/turtlebot3_simulations/share/ament_index/resource_index/parent_prefix_path/turtlebot3_simulations
[0.166s] -- Up-to-date symlink: /home/tarun_56/multibot_ws/install/turtlebot3_simulations/share/turtlebot3_simulations/environment/ament_prefix_path.sh
[0.167s] -- Up-to-date symlink: /home/tarun_56/multibot_ws/install/turtlebot3_simulations/share/turtlebot3_simulations/environment/ament_prefix_path.dsv
[0.169s] -- Up-to-date symlink: /home/tarun_56/multibot_ws/install/turtlebot3_simulations/share/turtlebot3_simulations/environment/path.sh
[0.169s] -- Up-to-date symlink: /home/tarun_56/multibot_ws/install/turtlebot3_simulations/share/turtlebot3_simulations/environment/path.dsv
[0.170s] -- Up-to-date symlink: /home/tarun_56/multibot_ws/install/turtlebot3_simulations/share/turtlebot3_simulations/local_setup.bash
[0.172s] -- Up-to-date symlink: /home/tarun_56/multibot_ws/install/turtlebot3_simulations/share/turtlebot3_simulations/local_setup.sh
[0.173s] -- Up-to-date symlink: /home/tarun_56/multibot_ws/install/turtlebot3_simulations/share/turtlebot3_simulations/local_setup.zsh
[0.174s] -- Up-to-date symlink: /home/tarun_56/multibot_ws/install/turtlebot3_simulations/share/turtlebot3_simulations/local_setup.dsv
[0.175s] -- Symlinking: /home/tarun_56/multibot_ws/install/turtlebot3_simulations/share/turtlebot3_simulations/package.dsv
[0.193s] -- Up-to-date symlink: /home/tarun_56/multibot_ws/install/turtlebot3_simulations/share/ament_index/resource_index/packages/turtlebot3_simulations
[0.194s] -- Up-to-date symlink: /home/tarun_56/multibot_ws/install/turtlebot3_simulations/share/turtlebot3_simulations/cmake/turtlebot3_simulationsConfig.cmake
[0.195s] -- Up-to-date symlink: /home/tarun_56/multibot_ws/install/turtlebot3_simulations/share/turtlebot3_simulations/cmake/turtlebot3_simulationsConfig-version.cmake
[0.196s] -- Up-to-date symlink: /home/tarun_56/multibot_ws/install/turtlebot3_simulations/share/turtlebot3_simulations/package.xml
[0.201s] Invoked command in '/home/tarun_56/multibot_ws/build/turtlebot3_simulations' returned '0': CMAKE_PREFIX_PATH=/home/tarun_56/multibot_ws/install/turtlebot3_gazebo:/home/tarun_56/multibot_ws/install/turtlebot3_simulations:/home/tarun_56/multibot_ws/install/nav2_bringup:/home/tarun_56/multibot_ws/install/follow_waypoints:/opt/ros/humble /usr/bin/cmake --install /home/tarun_56/multibot_ws/build/turtlebot3_simulations
