[0.255s] Invoking command in '/home/tarun/CustomMultibot/build/nav2_bringup': CMAKE_PREFIX_PATH=/opt/ros/humble /usr/bin/cmake --build /home/tarun/CustomMultibot/build/nav2_bringup -- -j12 -l12
[0.477s] Invoked command in '/home/tarun/CustomMultibot/build/nav2_bringup' returned '0': CMAKE_PREFIX_PATH=/opt/ros/humble /usr/bin/cmake --build /home/tarun/CustomMultibot/build/nav2_bringup -- -j12 -l12
[0.509s] Invoking command in '/home/tarun/CustomMultibot/build/nav2_bringup': CMAKE_PREFIX_PATH=/opt/ros/humble /usr/bin/cmake --install /home/tarun/CustomMultibot/build/nav2_bringup
[0.519s] -- Install configuration: "Release"
[0.520s] -- Execute custom install script
[0.521s] -- Up-to-date symlink: /home/tarun/CustomMultibot/install/nav2_bringup/share/nav2_bringup/launch/autobot_sim_launch.py
[0.522s] -- Up-to-date symlink: /home/tarun/CustomMultibot/install/nav2_bringup/share/nav2_bringup/launch/bringup_launch.py
[0.522s] -- Up-to-date symlink: /home/tarun/CustomMultibot/install/nav2_bringup/share/nav2_bringup/launch/cloned_multi_tb3_simulation_launch.py
[0.523s] -- Up-to-date symlink: /home/tarun/CustomMultibot/install/nav2_bringup/share/nav2_bringup/launch/localization_launch.py
[0.524s] -- Up-to-date symlink: /home/tarun/CustomMultibot/install/nav2_bringup/share/nav2_bringup/launch/map_filters_launch.py
[0.524s] -- Up-to-date symlink: /home/tarun/CustomMultibot/install/nav2_bringup/share/nav2_bringup/launch/navigation_launch.py
[0.525s] -- Up-to-date symlink: /home/tarun/CustomMultibot/install/nav2_bringup/share/nav2_bringup/launch/rviz_launch.py
[0.525s] -- Up-to-date symlink: /home/tarun/CustomMultibot/install/nav2_bringup/share/nav2_bringup/launch/slam_launch.py
[0.525s] -- Up-to-date symlink: /home/tarun/CustomMultibot/install/nav2_bringup/share/nav2_bringup/launch/tb3_simulation_launch.py
[0.525s] -- Up-to-date symlink: /home/tarun/CustomMultibot/install/nav2_bringup/share/nav2_bringup/launch/unique_multi_tb3_simulation_launch.py
[0.525s] -- Up-to-date symlink: /home/tarun/CustomMultibot/install/nav2_bringup/share/nav2_bringup/launch/warehouse_multibot_launch.py
[0.525s] -- Up-to-date symlink: /home/tarun/CustomMultibot/install/nav2_bringup/share/nav2_bringup/maps/keepout_mask.pgm
[0.528s] -- Up-to-date symlink: /home/tarun/CustomMultibot/install/nav2_bringup/share/nav2_bringup/maps/keepout_mask.yaml
[0.528s] -- Up-to-date symlink: /home/tarun/CustomMultibot/install/nav2_bringup/share/nav2_bringup/maps/new_warehouse_save.pgm
[0.528s] -- Up-to-date symlink: /home/tarun/CustomMultibot/install/nav2_bringup/share/nav2_bringup/maps/new_warehouse_save.yaml
[0.528s] -- Up-to-date symlink: /home/tarun/CustomMultibot/install/nav2_bringup/share/nav2_bringup/maps/turtlebot3_world.pgm
[0.528s] -- Up-to-date symlink: /home/tarun/CustomMultibot/install/nav2_bringup/share/nav2_bringup/maps/turtlebot3_world.yaml
[0.529s] -- Up-to-date symlink: /home/tarun/CustomMultibot/install/nav2_bringup/share/nav2_bringup/rviz/nav2_default_view.rviz
[0.529s] -- Up-to-date symlink: /home/tarun/CustomMultibot/install/nav2_bringup/share/nav2_bringup/rviz/nav2_namespaced_view.rviz
[0.529s] -- Up-to-date symlink: /home/tarun/CustomMultibot/install/nav2_bringup/share/nav2_bringup/worlds/autobot.model
[0.530s] -- Up-to-date symlink: /home/tarun/CustomMultibot/install/nav2_bringup/share/nav2_bringup/worlds/waffle.model
[0.530s] -- Up-to-date symlink: /home/tarun/CustomMultibot/install/nav2_bringup/share/nav2_bringup/worlds/warehouse.world
[0.530s] -- Up-to-date symlink: /home/tarun/CustomMultibot/install/nav2_bringup/share/nav2_bringup/worlds/world_only.model
[0.531s] -- Up-to-date symlink: /home/tarun/CustomMultibot/install/nav2_bringup/share/nav2_bringup/params/map_filter_params.yaml
[0.532s] -- Up-to-date symlink: /home/tarun/CustomMultibot/install/nav2_bringup/share/nav2_bringup/params/nav2_multirobot_params_1.yaml
[0.532s] -- Up-to-date symlink: /home/tarun/CustomMultibot/install/nav2_bringup/share/nav2_bringup/params/nav2_multirobot_params_2.yaml
[0.532s] -- Up-to-date symlink: /home/tarun/CustomMultibot/install/nav2_bringup/share/nav2_bringup/params/nav2_multirobot_params_all.yaml
[0.532s] -- Up-to-date symlink: /home/tarun/CustomMultibot/install/nav2_bringup/share/nav2_bringup/params/nav2_params.yaml
[0.533s] -- Up-to-date symlink: /home/tarun/CustomMultibot/install/nav2_bringup/share/nav2_bringup/urdf/autobot.urdf
[0.533s] -- Up-to-date symlink: /home/tarun/CustomMultibot/install/nav2_bringup/share/nav2_bringup/urdf/turtlebot3_waffle.urdf
[0.535s] -- Up-to-date symlink: /home/tarun/CustomMultibot/install/nav2_bringup/share/nav2_bringup/autobot_description/gazebo_control.xacro
[0.535s] -- Up-to-date symlink: /home/tarun/CustomMultibot/install/nav2_bringup/share/nav2_bringup/autobot_description/lidar.xacro
[0.535s] -- Up-to-date symlink: /home/tarun/CustomMultibot/install/nav2_bringup/share/nav2_bringup/autobot_description/robot.urdf.xacro
[0.535s] -- Up-to-date symlink: /home/tarun/CustomMultibot/install/nav2_bringup/share/nav2_bringup/autobot_description/robot_core.xacro
[0.535s] -- Up-to-date symlink: /home/tarun/CustomMultibot/install/nav2_bringup/share/nav2_bringup/autobot_description/ros2_control.xacro
[0.535s] -- Up-to-date symlink: /home/tarun/CustomMultibot/install/nav2_bringup/share/ament_index/resource_index/package_run_dependencies/nav2_bringup
[0.535s] -- Up-to-date symlink: /home/tarun/CustomMultibot/install/nav2_bringup/share/ament_index/resource_index/parent_prefix_path/nav2_bringup
[0.536s] -- Up-to-date symlink: /home/tarun/CustomMultibot/install/nav2_bringup/share/nav2_bringup/environment/ament_prefix_path.sh
[0.536s] -- Up-to-date symlink: /home/tarun/CustomMultibot/install/nav2_bringup/share/nav2_bringup/environment/ament_prefix_path.dsv
[0.536s] -- Up-to-date symlink: /home/tarun/CustomMultibot/install/nav2_bringup/share/nav2_bringup/environment/path.sh
[0.536s] -- Up-to-date symlink: /home/tarun/CustomMultibot/install/nav2_bringup/share/nav2_bringup/environment/path.dsv
[0.536s] -- Up-to-date symlink: /home/tarun/CustomMultibot/install/nav2_bringup/share/nav2_bringup/local_setup.bash
[0.537s] -- Up-to-date symlink: /home/tarun/CustomMultibot/install/nav2_bringup/share/nav2_bringup/local_setup.sh
[0.537s] -- Up-to-date symlink: /home/tarun/CustomMultibot/install/nav2_bringup/share/nav2_bringup/local_setup.zsh
[0.537s] -- Up-to-date symlink: /home/tarun/CustomMultibot/install/nav2_bringup/share/nav2_bringup/local_setup.dsv
[0.537s] -- Symlinking: /home/tarun/CustomMultibot/install/nav2_bringup/share/nav2_bringup/package.dsv
[0.540s] -- Up-to-date symlink: /home/tarun/CustomMultibot/install/nav2_bringup/share/ament_index/resource_index/packages/nav2_bringup
[0.540s] -- Up-to-date symlink: /home/tarun/CustomMultibot/install/nav2_bringup/share/nav2_bringup/cmake/nav2_bringupConfig.cmake
[0.540s] -- Up-to-date symlink: /home/tarun/CustomMultibot/install/nav2_bringup/share/nav2_bringup/cmake/nav2_bringupConfig-version.cmake
[0.540s] -- Up-to-date symlink: /home/tarun/CustomMultibot/install/nav2_bringup/share/nav2_bringup/package.xml
[0.556s] Invoked command in '/home/tarun/CustomMultibot/build/nav2_bringup' returned '0': CMAKE_PREFIX_PATH=/opt/ros/humble /usr/bin/cmake --install /home/tarun/CustomMultibot/build/nav2_bringup
